{"/home/maroun/Documents/bore/backend/alerting.js": {"path":"/home/maroun/Documents/bore/backend/alerting.js","statementMap":{"0":{"start":{"line":1,"column":14},"end":{"line":1,"column":30}},"1":{"start":{"line":2,"column":15},"end":{"line":2,"column":36}},"2":{"start":{"line":5,"column":15},"end":{"line":11,"column":1}},"3":{"start":{"line":14,"column":22},"end":{"line":14,"column":31}},"4":{"start":{"line":20,"column":2},"end":{"line":20,"column":38}},"5":{"start":{"line":20,"column":31},"end":{"line":20,"column":38}},"6":{"start":{"line":22,"column":18},"end":{"line":28,"column":4}},"7":{"start":{"line":30,"column":14},"end":{"line":30,"column":45}},"8":{"start":{"line":32,"column":2},"end":{"line":52,"column":5}},"9":{"start":{"line":33,"column":16},"end":{"line":47,"column":6}},"10":{"start":{"line":42,"column":6},"end":{"line":46,"column":7}},"11":{"start":{"line":43,"column":8},"end":{"line":43,"column":18}},"12":{"start":{"line":45,"column":8},"end":{"line":45,"column":66}},"13":{"start":{"line":49,"column":4},"end":{"line":49,"column":28}},"14":{"start":{"line":50,"column":4},"end":{"line":50,"column":23}},"15":{"start":{"line":51,"column":4},"end":{"line":51,"column":14}},"16":{"start":{"line":59,"column":2},"end":{"line":59,"column":53}},"17":{"start":{"line":59,"column":46},"end":{"line":59,"column":53}},"18":{"start":{"line":61,"column":18},"end":{"line":71,"column":4}},"19":{"start":{"line":73,"column":2},"end":{"line":94,"column":5}},"20":{"start":{"line":74,"column":16},"end":{"line":89,"column":6}},"21":{"start":{"line":84,"column":6},"end":{"line":88,"column":7}},"22":{"start":{"line":85,"column":8},"end":{"line":85,"column":18}},"23":{"start":{"line":87,"column":8},"end":{"line":87,"column":69}},"24":{"start":{"line":91,"column":4},"end":{"line":91,"column":28}},"25":{"start":{"line":92,"column":4},"end":{"line":92,"column":23}},"26":{"start":{"line":93,"column":4},"end":{"line":93,"column":14}},"27":{"start":{"line":101,"column":19},"end":{"line":101,"column":48}},"28":{"start":{"line":102,"column":2},"end":{"line":102,"column":29}},"29":{"start":{"line":102,"column":17},"end":{"line":102,"column":29}},"30":{"start":{"line":103,"column":2},"end":{"line":103,"column":58}},"31":{"start":{"line":111,"column":2},"end":{"line":114,"column":3}},"32":{"start":{"line":112,"column":4},"end":{"line":112,"column":69}},"33":{"start":{"line":113,"column":4},"end":{"line":113,"column":11}},"34":{"start":{"line":116,"column":2},"end":{"line":116,"column":44}},"35":{"start":{"line":118,"column":22},"end":{"line":118,"column":96}},"36":{"start":{"line":121,"column":2},"end":{"line":128,"column":3}},"37":{"start":{"line":122,"column":4},"end":{"line":127,"column":5}},"38":{"start":{"line":123,"column":6},"end":{"line":123,"column":66}},"39":{"start":{"line":124,"column":6},"end":{"line":124,"column":58}},"40":{"start":{"line":126,"column":6},"end":{"line":126,"column":68}},"41":{"start":{"line":131,"column":2},"end":{"line":139,"column":3}},"42":{"start":{"line":132,"column":4},"end":{"line":138,"column":5}},"43":{"start":{"line":133,"column":22},"end":{"line":133,"column":66}},"44":{"start":{"line":134,"column":6},"end":{"line":134,"column":49}},"45":{"start":{"line":135,"column":6},"end":{"line":135,"column":58}},"46":{"start":{"line":137,"column":6},"end":{"line":137,"column":68}},"47":{"start":{"line":142,"column":2},"end":{"line":146,"column":3}},"48":{"start":{"line":143,"column":4},"end":{"line":143,"column":55}},"49":{"start":{"line":145,"column":4},"end":{"line":145,"column":72}},"50":{"start":{"line":153,"column":17},"end":{"line":159,"column":3}},"51":{"start":{"line":160,"column":2},"end":{"line":160,"column":40}},"52":{"start":{"line":166,"column":15},"end":{"line":186,"column":1}},"53":{"start":{"line":168,"column":4},"end":{"line":169,"column":63}},"54":{"start":{"line":172,"column":4},"end":{"line":173,"column":62}},"55":{"start":{"line":176,"column":4},"end":{"line":177,"column":72}},"56":{"start":{"line":180,"column":4},"end":{"line":181,"column":49}},"57":{"start":{"line":184,"column":4},"end":{"line":185,"column":61}},"58":{"start":{"line":188,"column":0},"end":{"line":188,"column":47}}},"fnMap":{"0":{"name":"sendSlackAlert","decl":{"start":{"line":19,"column":15},"end":{"line":19,"column":29}},"loc":{"start":{"line":19,"column":58},"end":{"line":53,"column":1}},"line":19},"1":{"name":"(anonymous_1)","decl":{"start":{"line":32,"column":21},"end":{"line":32,"column":22}},"loc":{"start":{"line":32,"column":42},"end":{"line":52,"column":3}},"line":32},"2":{"name":"(anonymous_2)","decl":{"start":{"line":41,"column":7},"end":{"line":41,"column":8}},"loc":{"start":{"line":41,"column":16},"end":{"line":47,"column":5}},"line":41},"3":{"name":"sendEmailAlert","decl":{"start":{"line":58,"column":15},"end":{"line":58,"column":29}},"loc":{"start":{"line":58,"column":45},"end":{"line":95,"column":1}},"line":58},"4":{"name":"(anonymous_4)","decl":{"start":{"line":73,"column":21},"end":{"line":73,"column":22}},"loc":{"start":{"line":73,"column":42},"end":{"line":94,"column":3}},"line":73},"5":{"name":"(anonymous_5)","decl":{"start":{"line":83,"column":7},"end":{"line":83,"column":8}},"loc":{"start":{"line":83,"column":16},"end":{"line":89,"column":5}},"line":83},"6":{"name":"canSendAlert","decl":{"start":{"line":100,"column":9},"end":{"line":100,"column":21}},"loc":{"start":{"line":100,"column":34},"end":{"line":104,"column":1}},"line":100},"7":{"name":"sendAlert","decl":{"start":{"line":109,"column":15},"end":{"line":109,"column":24}},"loc":{"start":{"line":109,"column":71},"end":{"line":147,"column":1}},"line":109},"8":{"name":"getAlertColor","decl":{"start":{"line":152,"column":9},"end":{"line":152,"column":22}},"loc":{"start":{"line":152,"column":34},"end":{"line":161,"column":1}},"line":152},"9":{"name":"(anonymous_9)","decl":{"start":{"line":167,"column":11},"end":{"line":167,"column":12}},"loc":{"start":{"line":168,"column":4},"end":{"line":169,"column":63}},"line":168},"10":{"name":"(anonymous_10)","decl":{"start":{"line":171,"column":12},"end":{"line":171,"column":13}},"loc":{"start":{"line":172,"column":4},"end":{"line":173,"column":62}},"line":172},"11":{"name":"(anonymous_11)","decl":{"start":{"line":175,"column":8},"end":{"line":175,"column":9}},"loc":{"start":{"line":176,"column":4},"end":{"line":177,"column":72}},"line":176},"12":{"name":"(anonymous_12)","decl":{"start":{"line":179,"column":13},"end":{"line":179,"column":14}},"loc":{"start":{"line":180,"column":4},"end":{"line":181,"column":49}},"line":180},"13":{"name":"(anonymous_13)","decl":{"start":{"line":183,"column":17},"end":{"line":183,"column":18}},"loc":{"start":{"line":184,"column":4},"end":{"line":185,"column":61}},"line":184}},"branchMap":{"0":{"loc":{"start":{"line":6,"column":19},"end":{"line":6,"column":56}},"type":"binary-expr","locations":[{"start":{"line":6,"column":19},"end":{"line":6,"column":48}},{"start":{"line":6,"column":52},"end":{"line":6,"column":56}}],"line":6},"1":{"loc":{"start":{"line":7,"column":15},"end":{"line":7,"column":51}},"type":"binary-expr","locations":[{"start":{"line":7,"column":15},"end":{"line":7,"column":43}},{"start":{"line":7,"column":47},"end":{"line":7,"column":51}}],"line":7},"2":{"loc":{"start":{"line":8,"column":13},"end":{"line":8,"column":62}},"type":"binary-expr","locations":[{"start":{"line":8,"column":13},"end":{"line":8,"column":41}},{"start":{"line":8,"column":45},"end":{"line":8,"column":62}}],"line":8},"3":{"loc":{"start":{"line":9,"column":11},"end":{"line":9,"column":45}},"type":"binary-expr","locations":[{"start":{"line":9,"column":11},"end":{"line":9,"column":37}},{"start":{"line":9,"column":41},"end":{"line":9,"column":45}}],"line":9},"4":{"loc":{"start":{"line":19,"column":39},"end":{"line":19,"column":56}},"type":"default-arg","locations":[{"start":{"line":19,"column":47},"end":{"line":19,"column":56}}],"line":19},"5":{"loc":{"start":{"line":20,"column":2},"end":{"line":20,"column":38}},"type":"if","locations":[{"start":{"line":20,"column":2},"end":{"line":20,"column":38}},{"start":{},"end":{}}],"line":20},"6":{"loc":{"start":{"line":42,"column":6},"end":{"line":46,"column":7}},"type":"if","locations":[{"start":{"line":42,"column":6},"end":{"line":46,"column":7}},{"start":{"line":44,"column":13},"end":{"line":46,"column":7}}],"line":42},"7":{"loc":{"start":{"line":42,"column":10},"end":{"line":42,"column":55}},"type":"binary-expr","locations":[{"start":{"line":42,"column":10},"end":{"line":42,"column":31}},{"start":{"line":42,"column":35},"end":{"line":42,"column":55}}],"line":42},"8":{"loc":{"start":{"line":59,"column":2},"end":{"line":59,"column":53}},"type":"if","locations":[{"start":{"line":59,"column":2},"end":{"line":59,"column":53}},{"start":{},"end":{}}],"line":59},"9":{"loc":{"start":{"line":59,"column":6},"end":{"line":59,"column":44}},"type":"binary-expr","locations":[{"start":{"line":59,"column":6},"end":{"line":59,"column":25}},{"start":{"line":59,"column":29},"end":{"line":59,"column":44}}],"line":59},"10":{"loc":{"start":{"line":84,"column":6},"end":{"line":88,"column":7}},"type":"if","locations":[{"start":{"line":84,"column":6},"end":{"line":88,"column":7}},{"start":{"line":86,"column":13},"end":{"line":88,"column":7}}],"line":84},"11":{"loc":{"start":{"line":84,"column":10},"end":{"line":84,"column":55}},"type":"binary-expr","locations":[{"start":{"line":84,"column":10},"end":{"line":84,"column":31}},{"start":{"line":84,"column":35},"end":{"line":84,"column":55}}],"line":84},"12":{"loc":{"start":{"line":102,"column":2},"end":{"line":102,"column":29}},"type":"if","locations":[{"start":{"line":102,"column":2},"end":{"line":102,"column":29}},{"start":{},"end":{}}],"line":102},"13":{"loc":{"start":{"line":111,"column":2},"end":{"line":114,"column":3}},"type":"if","locations":[{"start":{"line":111,"column":2},"end":{"line":114,"column":3}},{"start":{},"end":{}}],"line":111},"14":{"loc":{"start":{"line":121,"column":2},"end":{"line":128,"column":3}},"type":"if","locations":[{"start":{"line":121,"column":2},"end":{"line":128,"column":3}},{"start":{},"end":{}}],"line":121},"15":{"loc":{"start":{"line":131,"column":2},"end":{"line":139,"column":3}},"type":"if","locations":[{"start":{"line":131,"column":2},"end":{"line":139,"column":3}},{"start":{},"end":{}}],"line":131},"16":{"loc":{"start":{"line":131,"column":6},"end":{"line":131,"column":42}},"type":"binary-expr","locations":[{"start":{"line":131,"column":6},"end":{"line":131,"column":24}},{"start":{"line":131,"column":28},"end":{"line":131,"column":42}}],"line":131},"17":{"loc":{"start":{"line":160,"column":9},"end":{"line":160,"column":39}},"type":"binary-expr","locations":[{"start":{"line":160,"column":9},"end":{"line":160,"column":26}},{"start":{"line":160,"column":30},"end":{"line":160,"column":39}}],"line":160}},"s":{"0":0,"1":0,"2":0,"3":0,"4":0,"5":0,"6":0,"7":0,"8":0,"9":0,"10":0,"11":0,"12":0,"13":0,"14":0,"15":0,"16":0,"17":0,"18":0,"19":0,"20":0,"21":0,"22":0,"23":0,"24":0,"25":0,"26":0,"27":0,"28":0,"29":0,"30":0,"31":0,"32":0,"33":0,"34":0,"35":0,"36":0,"37":0,"38":0,"39":0,"40":0,"41":0,"42":0,"43":0,"44":0,"45":0,"46":0,"47":0,"48":0,"49":0,"50":0,"51":0,"52":0,"53":0,"54":0,"55":0,"56":0,"57":0,"58":0},"f":{"0":0,"1":0,"2":0,"3":0,"4":0,"5":0,"6":0,"7":0,"8":0,"9":0,"10":0,"11":0,"12":0,"13":0},"b":{"0":[0,0],"1":[0,0],"2":[0,0],"3":[0,0],"4":[0],"5":[0,0],"6":[0,0],"7":[0,0],"8":[0,0],"9":[0,0],"10":[0,0],"11":[0,0],"12":[0,0],"13":[0,0],"14":[0,0],"15":[0,0],"16":[0,0],"17":[0,0]}}
,"/home/maroun/Documents/bore/backend/auth-middleware.js": {"path":"/home/maroun/Documents/bore/backend/auth-middleware.js","statementMap":{"0":{"start":{"line":1,"column":12},"end":{"line":1,"column":35}},"1":{"start":{"line":2,"column":15},"end":{"line":2,"column":34}},"2":{"start":{"line":3,"column":15},"end":{"line":3,"column":36}},"3":{"start":{"line":6,"column":19},"end":{"line":6,"column":44}},"4":{"start":{"line":7,"column":25},"end":{"line":7,"column":55}},"5":{"start":{"line":8,"column":17},"end":{"line":8,"column":38}},"6":{"start":{"line":11,"column":0},"end":{"line":13,"column":1}},"7":{"start":{"line":12,"column":2},"end":{"line":12,"column":76}},"8":{"start":{"line":19,"column":21},"end":{"line":19,"column":46}},"9":{"start":{"line":21,"column":2},"end":{"line":26,"column":3}},"10":{"start":{"line":22,"column":4},"end":{"line":25,"column":7}},"11":{"start":{"line":28,"column":16},"end":{"line":28,"column":40}},"12":{"start":{"line":30,"column":2},"end":{"line":39,"column":3}},"13":{"start":{"line":31,"column":20},"end":{"line":31,"column":49}},"14":{"start":{"line":32,"column":4},"end":{"line":32,"column":23}},"15":{"start":{"line":33,"column":4},"end":{"line":33,"column":11}},"16":{"start":{"line":35,"column":4},"end":{"line":38,"column":7}},"17":{"start":{"line":46,"column":2},"end":{"line":64,"column":3}},"18":{"start":{"line":47,"column":17},"end":{"line":47,"column":55}},"19":{"start":{"line":49,"column":4},"end":{"line":54,"column":5}},"20":{"start":{"line":50,"column":6},"end":{"line":53,"column":9}},"21":{"start":{"line":56,"column":4},"end":{"line":56,"column":25}},"22":{"start":{"line":57,"column":4},"end":{"line":57,"column":11}},"23":{"start":{"line":59,"column":4},"end":{"line":59,"column":47}},"24":{"start":{"line":60,"column":4},"end":{"line":63,"column":7}},"25":{"start":{"line":73,"column":2},"end":{"line":76,"column":3}},"26":{"start":{"line":74,"column":4},"end":{"line":74,"column":96}},"27":{"start":{"line":75,"column":4},"end":{"line":75,"column":18}},"28":{"start":{"line":78,"column":19},"end":{"line":78,"column":51}},"29":{"start":{"line":79,"column":2},"end":{"line":84,"column":3}},"30":{"start":{"line":80,"column":4},"end":{"line":83,"column":7}},"31":{"start":{"line":86,"column":2},"end":{"line":86,"column":9}},"32":{"start":{"line":92,"column":25},"end":{"line":92,"column":56}},"33":{"start":{"line":98,"column":2},"end":{"line":106,"column":4}},"34":{"start":{"line":113,"column":21},"end":{"line":113,"column":46}},"35":{"start":{"line":115,"column":2},"end":{"line":117,"column":3}},"36":{"start":{"line":116,"column":4},"end":{"line":116,"column":18}},"37":{"start":{"line":119,"column":16},"end":{"line":119,"column":40}},"38":{"start":{"line":121,"column":2},"end":{"line":126,"column":3}},"39":{"start":{"line":122,"column":20},"end":{"line":122,"column":49}},"40":{"start":{"line":123,"column":4},"end":{"line":123,"column":23}},"41":{"start":{"line":128,"column":2},"end":{"line":128,"column":9}},"42":{"start":{"line":131,"column":0},"end":{"line":139,"column":2}}},"fnMap":{"0":{"name":"authenticateJWT","decl":{"start":{"line":18,"column":9},"end":{"line":18,"column":24}},"loc":{"start":{"line":18,"column":41},"end":{"line":40,"column":1}},"line":18},"1":{"name":"requireAdmin","decl":{"start":{"line":45,"column":15},"end":{"line":45,"column":27}},"loc":{"start":{"line":45,"column":44},"end":{"line":65,"column":1}},"line":45},"2":{"name":"requireInternalApiKey","decl":{"start":{"line":70,"column":9},"end":{"line":70,"column":30}},"loc":{"start":{"line":70,"column":47},"end":{"line":87,"column":1}},"line":70},"3":{"name":"generateToken","decl":{"start":{"line":97,"column":9},"end":{"line":97,"column":22}},"loc":{"start":{"line":97,"column":29},"end":{"line":107,"column":1}},"line":97},"4":{"name":"optionalAuth","decl":{"start":{"line":112,"column":9},"end":{"line":112,"column":21}},"loc":{"start":{"line":112,"column":38},"end":{"line":129,"column":1}},"line":112}},"branchMap":{"0":{"loc":{"start":{"line":11,"column":0},"end":{"line":13,"column":1}},"type":"if","locations":[{"start":{"line":11,"column":0},"end":{"line":13,"column":1}},{"start":{},"end":{}}],"line":11},"1":{"loc":{"start":{"line":11,"column":4},"end":{"line":11,"column":81}},"type":"binary-expr","locations":[{"start":{"line":11,"column":4},"end":{"line":11,"column":29}},{"start":{"line":11,"column":33},"end":{"line":11,"column":81}}],"line":11},"2":{"loc":{"start":{"line":21,"column":2},"end":{"line":26,"column":3}},"type":"if","locations":[{"start":{"line":21,"column":2},"end":{"line":26,"column":3}},{"start":{},"end":{}}],"line":21},"3":{"loc":{"start":{"line":49,"column":4},"end":{"line":54,"column":5}},"type":"if","locations":[{"start":{"line":49,"column":4},"end":{"line":54,"column":5}},{"start":{},"end":{}}],"line":49},"4":{"loc":{"start":{"line":49,"column":8},"end":{"line":49,"column":31}},"type":"binary-expr","locations":[{"start":{"line":49,"column":8},"end":{"line":49,"column":13}},{"start":{"line":49,"column":17},"end":{"line":49,"column":31}}],"line":49},"5":{"loc":{"start":{"line":73,"column":2},"end":{"line":76,"column":3}},"type":"if","locations":[{"start":{"line":73,"column":2},"end":{"line":76,"column":3}},{"start":{},"end":{}}],"line":73},"6":{"loc":{"start":{"line":73,"column":6},"end":{"line":73,"column":52}},"type":"binary-expr","locations":[{"start":{"line":73,"column":6},"end":{"line":73,"column":23}},{"start":{"line":73,"column":27},"end":{"line":73,"column":52}}],"line":73},"7":{"loc":{"start":{"line":79,"column":2},"end":{"line":84,"column":3}},"type":"if","locations":[{"start":{"line":79,"column":2},"end":{"line":84,"column":3}},{"start":{},"end":{}}],"line":79},"8":{"loc":{"start":{"line":79,"column":6},"end":{"line":79,"column":48}},"type":"binary-expr","locations":[{"start":{"line":79,"column":6},"end":{"line":79,"column":15}},{"start":{"line":79,"column":19},"end":{"line":79,"column":48}}],"line":79},"9":{"loc":{"start":{"line":102,"column":16},"end":{"line":102,"column":38}},"type":"binary-expr","locations":[{"start":{"line":102,"column":16},"end":{"line":102,"column":29}},{"start":{"line":102,"column":33},"end":{"line":102,"column":38}}],"line":102},"10":{"loc":{"start":{"line":115,"column":2},"end":{"line":117,"column":3}},"type":"if","locations":[{"start":{"line":115,"column":2},"end":{"line":117,"column":3}},{"start":{},"end":{}}],"line":115}},"s":{"0":0,"1":0,"2":0,"3":0,"4":0,"5":0,"6":0,"7":0,"8":0,"9":0,"10":0,"11":0,"12":0,"13":0,"14":0,"15":0,"16":0,"17":0,"18":0,"19":0,"20":0,"21":0,"22":0,"23":0,"24":0,"25":0,"26":0,"27":0,"28":0,"29":0,"30":0,"31":0,"32":0,"33":0,"34":0,"35":0,"36":0,"37":0,"38":0,"39":0,"40":0,"41":0,"42":0},"f":{"0":0,"1":0,"2":0,"3":0,"4":0},"b":{"0":[0,0],"1":[0,0],"2":[0,0],"3":[0,0],"4":[0,0],"5":[0,0],"6":[0,0],"7":[0,0],"8":[0,0],"9":[0,0],"10":[0,0]}}
,"/home/maroun/Documents/bore/backend/capacity-limiter.js": {"path":"/home/maroun/Documents/bore/backend/capacity-limiter.js","statementMap":{"0":{"start":{"line":6,"column":15},"end":{"line":6,"column":36}},"1":{"start":{"line":7,"column":15},"end":{"line":7,"column":34}},"2":{"start":{"line":8,"column":26},"end":{"line":8,"column":54}},"3":{"start":{"line":9,"column":19},"end":{"line":9,"column":44}},"4":{"start":{"line":12,"column":24},"end":{"line":12,"column":39}},"5":{"start":{"line":15,"column":25},"end":{"line":19,"column":1}},"6":{"start":{"line":26,"column":2},"end":{"line":72,"column":3}},"7":{"start":{"line":28,"column":23},"end":{"line":28,"column":44}},"8":{"start":{"line":31,"column":4},"end":{"line":44,"column":5}},"9":{"start":{"line":32,"column":32},"end":{"line":32,"column":79}},"10":{"start":{"line":33,"column":28},"end":{"line":33,"column":112}},"11":{"start":{"line":35,"column":6},"end":{"line":43,"column":8}},"12":{"start":{"line":47,"column":22},"end":{"line":49,"column":5}},"13":{"start":{"line":51,"column":26},"end":{"line":51,"column":60}},"14":{"start":{"line":52,"column":26},"end":{"line":52,"column":61}},"15":{"start":{"line":53,"column":30},"end":{"line":53,"column":59}},"16":{"start":{"line":54,"column":26},"end":{"line":54,"column":99}},"17":{"start":{"line":56,"column":4},"end":{"line":64,"column":6}},"18":{"start":{"line":66,"column":4},"end":{"line":66,"column":55}},"19":{"start":{"line":68,"column":4},"end":{"line":71,"column":6}},"20":{"start":{"line":79,"column":2},"end":{"line":108,"column":3}},"21":{"start":{"line":80,"column":17},"end":{"line":80,"column":45}},"22":{"start":{"line":81,"column":4},"end":{"line":81,"column":67}},"23":{"start":{"line":81,"column":15},"end":{"line":81,"column":67}},"24":{"start":{"line":83,"column":17},"end":{"line":83,"column":37}},"25":{"start":{"line":84,"column":23},"end":{"line":84,"column":50}},"26":{"start":{"line":87,"column":19},"end":{"line":90,"column":5}},"27":{"start":{"line":92,"column":26},"end":{"line":92,"column":56}},"28":{"start":{"line":94,"column":4},"end":{"line":100,"column":6}},"29":{"start":{"line":102,"column":4},"end":{"line":102,"column":50}},"30":{"start":{"line":103,"column":4},"end":{"line":107,"column":6}},"31":{"start":{"line":116,"column":2},"end":{"line":116,"column":89}},"32":{"start":{"line":118,"column":2},"end":{"line":120,"column":3}},"33":{"start":{"line":119,"column":4},"end":{"line":119,"column":16}},"34":{"start":{"line":123,"column":17},"end":{"line":123,"column":79}},"35":{"start":{"line":123,"column":49},"end":{"line":123,"column":78}},"36":{"start":{"line":126,"column":2},"end":{"line":130,"column":3}},"37":{"start":{"line":127,"column":4},"end":{"line":129,"column":5}},"38":{"start":{"line":128,"column":6},"end":{"line":128,"column":20}},"39":{"start":{"line":132,"column":2},"end":{"line":132,"column":14}},"40":{"start":{"line":139,"column":2},"end":{"line":182,"column":3}},"41":{"start":{"line":141,"column":24},"end":{"line":141,"column":51}},"42":{"start":{"line":143,"column":4},"end":{"line":153,"column":5}},"43":{"start":{"line":144,"column":6},"end":{"line":152,"column":9}},"44":{"start":{"line":156,"column":22},"end":{"line":156,"column":60}},"45":{"start":{"line":158,"column":4},"end":{"line":169,"column":5}},"46":{"start":{"line":159,"column":6},"end":{"line":168,"column":9}},"47":{"start":{"line":172,"column":4},"end":{"line":175,"column":6}},"48":{"start":{"line":177,"column":4},"end":{"line":177,"column":11}},"49":{"start":{"line":179,"column":4},"end":{"line":179,"column":48}},"50":{"start":{"line":181,"column":4},"end":{"line":181,"column":11}},"51":{"start":{"line":189,"column":22},"end":{"line":189,"column":49}},"52":{"start":{"line":190,"column":21},"end":{"line":190,"column":42}},"53":{"start":{"line":192,"column":2},"end":{"line":198,"column":4}},"54":{"start":{"line":205,"column":17},"end":{"line":205,"column":19}},"55":{"start":{"line":207,"column":2},"end":{"line":225,"column":3}},"56":{"start":{"line":208,"column":4},"end":{"line":212,"column":7}},"57":{"start":{"line":213,"column":9},"end":{"line":225,"column":3}},"58":{"start":{"line":214,"column":4},"end":{"line":218,"column":7}},"59":{"start":{"line":219,"column":9},"end":{"line":225,"column":3}},"60":{"start":{"line":220,"column":4},"end":{"line":224,"column":7}},"61":{"start":{"line":227,"column":2},"end":{"line":227,"column":16}},"62":{"start":{"line":235,"column":2},"end":{"line":241,"column":3}},"63":{"start":{"line":236,"column":23},"end":{"line":236,"column":44}},"64":{"start":{"line":237,"column":4},"end":{"line":237,"column":36}},"65":{"start":{"line":239,"column":4},"end":{"line":239,"column":54}},"66":{"start":{"line":240,"column":4},"end":{"line":240,"column":14}},"67":{"start":{"line":249,"column":2},"end":{"line":249,"column":125}},"68":{"start":{"line":250,"column":2},"end":{"line":250,"column":57}},"69":{"start":{"line":251,"column":2},"end":{"line":251,"column":89}},"70":{"start":{"line":254,"column":0},"end":{"line":262,"column":2}}},"fnMap":{"0":{"name":"checkSystemCapacity","decl":{"start":{"line":25,"column":15},"end":{"line":25,"column":34}},"loc":{"start":{"line":25,"column":37},"end":{"line":73,"column":1}},"line":25},"1":{"name":"checkUserQuota","decl":{"start":{"line":78,"column":15},"end":{"line":78,"column":29}},"loc":{"start":{"line":78,"column":38},"end":{"line":109,"column":1}},"line":78},"2":{"name":"getLeastLoadedServer","decl":{"start":{"line":115,"column":15},"end":{"line":115,"column":35}},"loc":{"start":{"line":115,"column":54},"end":{"line":133,"column":1}},"line":115},"3":{"name":"(anonymous_3)","decl":{"start":{"line":123,"column":39},"end":{"line":123,"column":40}},"loc":{"start":{"line":123,"column":49},"end":{"line":123,"column":78}},"line":123},"4":{"name":"requireCapacity","decl":{"start":{"line":138,"column":15},"end":{"line":138,"column":30}},"loc":{"start":{"line":138,"column":47},"end":{"line":183,"column":1}},"line":138},"5":{"name":"getCapacityStats","decl":{"start":{"line":188,"column":15},"end":{"line":188,"column":31}},"loc":{"start":{"line":188,"column":34},"end":{"line":199,"column":1}},"line":188},"6":{"name":"generateCapacityAlerts","decl":{"start":{"line":204,"column":9},"end":{"line":204,"column":31}},"loc":{"start":{"line":204,"column":46},"end":{"line":228,"column":1}},"line":204},"7":{"name":"getServerLoads","decl":{"start":{"line":234,"column":15},"end":{"line":234,"column":29}},"loc":{"start":{"line":234,"column":32},"end":{"line":242,"column":1}},"line":234},"8":{"name":"updateCapacity","decl":{"start":{"line":248,"column":9},"end":{"line":248,"column":23}},"loc":{"start":{"line":248,"column":42},"end":{"line":252,"column":1}},"line":248}},"branchMap":{"0":{"loc":{"start":{"line":31,"column":4},"end":{"line":44,"column":5}},"type":"if","locations":[{"start":{"line":31,"column":4},"end":{"line":44,"column":5}},{"start":{},"end":{}}],"line":31},"1":{"loc":{"start":{"line":81,"column":4},"end":{"line":81,"column":67}},"type":"if","locations":[{"start":{"line":81,"column":4},"end":{"line":81,"column":67}},{"start":{},"end":{}}],"line":81},"2":{"loc":{"start":{"line":83,"column":17},"end":{"line":83,"column":37}},"type":"binary-expr","locations":[{"start":{"line":83,"column":17},"end":{"line":83,"column":26}},{"start":{"line":83,"column":30},"end":{"line":83,"column":37}}],"line":83},"3":{"loc":{"start":{"line":84,"column":23},"end":{"line":84,"column":50}},"type":"binary-expr","locations":[{"start":{"line":84,"column":23},"end":{"line":84,"column":45}},{"start":{"line":84,"column":49},"end":{"line":84,"column":50}}],"line":84},"4":{"loc":{"start":{"line":99,"column":14},"end":{"line":99,"column":95}},"type":"cond-expr","locations":[{"start":{"line":99,"column":44},"end":{"line":99,"column":88}},{"start":{"line":99,"column":91},"end":{"line":99,"column":95}}],"line":99},"5":{"loc":{"start":{"line":118,"column":2},"end":{"line":120,"column":3}},"type":"if","locations":[{"start":{"line":118,"column":2},"end":{"line":120,"column":3}},{"start":{},"end":{}}],"line":118},"6":{"loc":{"start":{"line":118,"column":6},"end":{"line":118,"column":56}},"type":"binary-expr","locations":[{"start":{"line":118,"column":6},"end":{"line":118,"column":23}},{"start":{"line":118,"column":27},"end":{"line":118,"column":56}}],"line":118},"7":{"loc":{"start":{"line":127,"column":4},"end":{"line":129,"column":5}},"type":"if","locations":[{"start":{"line":127,"column":4},"end":{"line":129,"column":5}},{"start":{},"end":{}}],"line":127},"8":{"loc":{"start":{"line":143,"column":4},"end":{"line":153,"column":5}},"type":"if","locations":[{"start":{"line":143,"column":4},"end":{"line":153,"column":5}},{"start":{},"end":{}}],"line":143},"9":{"loc":{"start":{"line":158,"column":4},"end":{"line":169,"column":5}},"type":"if","locations":[{"start":{"line":158,"column":4},"end":{"line":169,"column":5}},{"start":{},"end":{}}],"line":158},"10":{"loc":{"start":{"line":207,"column":2},"end":{"line":225,"column":3}},"type":"if","locations":[{"start":{"line":207,"column":2},"end":{"line":225,"column":3}},{"start":{"line":213,"column":9},"end":{"line":225,"column":3}}],"line":207},"11":{"loc":{"start":{"line":213,"column":9},"end":{"line":225,"column":3}},"type":"if","locations":[{"start":{"line":213,"column":9},"end":{"line":225,"column":3}},{"start":{"line":219,"column":9},"end":{"line":225,"column":3}}],"line":213},"12":{"loc":{"start":{"line":219,"column":9},"end":{"line":225,"column":3}},"type":"if","locations":[{"start":{"line":219,"column":9},"end":{"line":225,"column":3}},{"start":{},"end":{}}],"line":219},"13":{"loc":{"start":{"line":237,"column":11},"end":{"line":237,"column":35}},"type":"binary-expr","locations":[{"start":{"line":237,"column":11},"end":{"line":237,"column":29}},{"start":{"line":237,"column":33},"end":{"line":237,"column":35}}],"line":237}},"s":{"0":0,"1":0,"2":0,"3":0,"4":0,"5":0,"6":0,"7":0,"8":0,"9":0,"10":0,"11":0,"12":0,"13":0,"14":0,"15":0,"16":0,"17":0,"18":0,"19":0,"20":0,"21":0,"22":0,"23":0,"24":0,"25":0,"26":0,"27":0,"28":0,"29":0,"30":0,"31":0,"32":0,"33":0,"34":0,"35":0,"36":0,"37":0,"38":0,"39":0,"40":0,"41":0,"42":0,"43":0,"44":0,"45":0,"46":0,"47":0,"48":0,"49":0,"50":0,"51":0,"52":0,"53":0,"54":0,"55":0,"56":0,"57":0,"58":0,"59":0,"60":0,"61":0,"62":0,"63":0,"64":0,"65":0,"66":0,"67":0,"68":0,"69":0,"70":0},"f":{"0":0,"1":0,"2":0,"3":0,"4":0,"5":0,"6":0,"7":0,"8":0},"b":{"0":[0,0],"1":[0,0],"2":[0,0],"3":[0,0],"4":[0,0],"5":[0,0],"6":[0,0],"7":[0,0],"8":[0,0],"9":[0,0],"10":[0,0],"11":[0,0],"12":[0,0],"13":[0,0]}}
,"/home/maroun/Documents/bore/backend/config.js": {"path":"/home/maroun/Documents/bore/backend/config.js","statementMap":{"0":{"start":{"line":6,"column":0},"end":{"line":6,"column":27}},"1":{"start":{"line":8,"column":15},"end":{"line":145,"column":1}},"2":{"start":{"line":51,"column":61},"end":{"line":51,"column":74}},"3":{"start":{"line":148,"column":0},"end":{"line":160,"column":1}},"4":{"start":{"line":149,"column":2},"end":{"line":153,"column":3}},"5":{"start":{"line":150,"column":4},"end":{"line":150,"column":66}},"6":{"start":{"line":151,"column":4},"end":{"line":151,"column":60}},"7":{"start":{"line":152,"column":4},"end":{"line":152,"column":20}},"8":{"start":{"line":155,"column":2},"end":{"line":159,"column":3}},"9":{"start":{"line":156,"column":4},"end":{"line":156,"column":72}},"10":{"start":{"line":157,"column":4},"end":{"line":157,"column":57}},"11":{"start":{"line":158,"column":4},"end":{"line":158,"column":20}},"12":{"start":{"line":162,"column":0},"end":{"line":162,"column":24}}},"fnMap":{"0":{"name":"(anonymous_0)","decl":{"start":{"line":51,"column":51},"end":{"line":51,"column":52}},"loc":{"start":{"line":51,"column":61},"end":{"line":51,"column":74}},"line":51}},"branchMap":{"0":{"loc":{"start":{"line":11,"column":10},"end":{"line":11,"column":48}},"type":"binary-expr","locations":[{"start":{"line":11,"column":10},"end":{"line":11,"column":40}},{"start":{"line":11,"column":44},"end":{"line":11,"column":48}}],"line":11},"1":{"loc":{"start":{"line":12,"column":13},"end":{"line":12,"column":50}},"type":"binary-expr","locations":[{"start":{"line":12,"column":13},"end":{"line":12,"column":33}},{"start":{"line":12,"column":37},"end":{"line":12,"column":50}}],"line":12},"2":{"loc":{"start":{"line":13,"column":20},"end":{"line":13,"column":57}},"type":"binary-expr","locations":[{"start":{"line":13,"column":20},"end":{"line":13,"column":40}},{"start":{"line":13,"column":44},"end":{"line":13,"column":57}}],"line":13},"3":{"loc":{"start":{"line":19,"column":15},"end":{"line":19,"column":74}},"type":"binary-expr","locations":[{"start":{"line":19,"column":15},"end":{"line":19,"column":37}},{"start":{"line":19,"column":41},"end":{"line":19,"column":74}}],"line":19},"4":{"loc":{"start":{"line":20,"column":20},"end":{"line":20,"column":56}},"type":"binary-expr","locations":[{"start":{"line":20,"column":20},"end":{"line":20,"column":48}},{"start":{"line":20,"column":52},"end":{"line":20,"column":56}}],"line":20},"5":{"loc":{"start":{"line":25,"column":10},"end":{"line":25,"column":44}},"type":"binary-expr","locations":[{"start":{"line":25,"column":10},"end":{"line":25,"column":29}},{"start":{"line":25,"column":33},"end":{"line":25,"column":44}}],"line":25},"6":{"loc":{"start":{"line":26,"column":10},"end":{"line":26,"column":51}},"type":"binary-expr","locations":[{"start":{"line":26,"column":10},"end":{"line":26,"column":43}},{"start":{"line":26,"column":47},"end":{"line":26,"column":51}}],"line":26},"7":{"loc":{"start":{"line":27,"column":10},"end":{"line":27,"column":42}},"type":"binary-expr","locations":[{"start":{"line":27,"column":10},"end":{"line":27,"column":29}},{"start":{"line":27,"column":33},"end":{"line":27,"column":42}}],"line":27},"8":{"loc":{"start":{"line":28,"column":10},"end":{"line":28,"column":43}},"type":"binary-expr","locations":[{"start":{"line":28,"column":10},"end":{"line":28,"column":29}},{"start":{"line":28,"column":33},"end":{"line":28,"column":43}}],"line":28},"9":{"loc":{"start":{"line":29,"column":14},"end":{"line":29,"column":51}},"type":"binary-expr","locations":[{"start":{"line":29,"column":14},"end":{"line":29,"column":37}},{"start":{"line":29,"column":41},"end":{"line":29,"column":51}}],"line":29},"10":{"loc":{"start":{"line":37,"column":10},"end":{"line":37,"column":47}},"type":"binary-expr","locations":[{"start":{"line":37,"column":10},"end":{"line":37,"column":32}},{"start":{"line":37,"column":36},"end":{"line":37,"column":47}}],"line":37},"11":{"loc":{"start":{"line":38,"column":10},"end":{"line":38,"column":54}},"type":"binary-expr","locations":[{"start":{"line":38,"column":10},"end":{"line":38,"column":46}},{"start":{"line":38,"column":50},"end":{"line":38,"column":54}}],"line":38},"12":{"loc":{"start":{"line":44,"column":10},"end":{"line":44,"column":53}},"type":"binary-expr","locations":[{"start":{"line":44,"column":10},"end":{"line":44,"column":38}},{"start":{"line":44,"column":42},"end":{"line":44,"column":53}}],"line":44},"13":{"loc":{"start":{"line":45,"column":10},"end":{"line":45,"column":60}},"type":"binary-expr","locations":[{"start":{"line":45,"column":10},"end":{"line":45,"column":52}},{"start":{"line":45,"column":56},"end":{"line":45,"column":60}}],"line":45},"14":{"loc":{"start":{"line":50,"column":20},"end":{"line":52,"column":58}},"type":"cond-expr","locations":[{"start":{"line":51,"column":8},"end":{"line":51,"column":75}},{"start":{"line":52,"column":8},"end":{"line":52,"column":58}}],"line":50},"15":{"loc":{"start":{"line":121,"column":25},"end":{"line":121,"column":80}},"type":"binary-expr","locations":[{"start":{"line":121,"column":25},"end":{"line":121,"column":73}},{"start":{"line":121,"column":77},"end":{"line":121,"column":80}}],"line":121},"16":{"loc":{"start":{"line":122,"column":27},"end":{"line":122,"column":84}},"type":"binary-expr","locations":[{"start":{"line":122,"column":27},"end":{"line":122,"column":77}},{"start":{"line":122,"column":81},"end":{"line":122,"column":84}}],"line":122},"17":{"loc":{"start":{"line":123,"column":25},"end":{"line":123,"column":79}},"type":"binary-expr","locations":[{"start":{"line":123,"column":25},"end":{"line":123,"column":72}},{"start":{"line":123,"column":76},"end":{"line":123,"column":79}}],"line":123},"18":{"loc":{"start":{"line":124,"column":29},"end":{"line":124,"column":86}},"type":"binary-expr","locations":[{"start":{"line":124,"column":29},"end":{"line":124,"column":80}},{"start":{"line":124,"column":84},"end":{"line":124,"column":86}}],"line":124},"19":{"loc":{"start":{"line":130,"column":18},"end":{"line":130,"column":55}},"type":"binary-expr","locations":[{"start":{"line":130,"column":18},"end":{"line":130,"column":47}},{"start":{"line":130,"column":51},"end":{"line":130,"column":55}}],"line":130},"20":{"loc":{"start":{"line":134,"column":14},"end":{"line":134,"column":50}},"type":"binary-expr","locations":[{"start":{"line":134,"column":14},"end":{"line":134,"column":42}},{"start":{"line":134,"column":46},"end":{"line":134,"column":50}}],"line":134},"21":{"loc":{"start":{"line":135,"column":17},"end":{"line":135,"column":66}},"type":"binary-expr","locations":[{"start":{"line":135,"column":17},"end":{"line":135,"column":45}},{"start":{"line":135,"column":49},"end":{"line":135,"column":66}}],"line":135},"22":{"loc":{"start":{"line":136,"column":15},"end":{"line":136,"column":49}},"type":"binary-expr","locations":[{"start":{"line":136,"column":15},"end":{"line":136,"column":41}},{"start":{"line":136,"column":45},"end":{"line":136,"column":49}}],"line":136},"23":{"loc":{"start":{"line":143,"column":11},"end":{"line":143,"column":113}},"type":"binary-expr","locations":[{"start":{"line":143,"column":11},"end":{"line":143,"column":32}},{"start":{"line":143,"column":37},"end":{"line":143,"column":112}}],"line":143},"24":{"loc":{"start":{"line":143,"column":37},"end":{"line":143,"column":112}},"type":"cond-expr","locations":[{"start":{"line":143,"column":96},"end":{"line":143,"column":102}},{"start":{"line":143,"column":105},"end":{"line":143,"column":112}}],"line":143},"25":{"loc":{"start":{"line":143,"column":38},"end":{"line":143,"column":75}},"type":"binary-expr","locations":[{"start":{"line":143,"column":38},"end":{"line":143,"column":58}},{"start":{"line":143,"column":62},"end":{"line":143,"column":75}}],"line":143},"26":{"loc":{"start":{"line":148,"column":0},"end":{"line":160,"column":1}},"type":"if","locations":[{"start":{"line":148,"column":0},"end":{"line":160,"column":1}},{"start":{},"end":{}}],"line":148},"27":{"loc":{"start":{"line":149,"column":2},"end":{"line":153,"column":3}},"type":"if","locations":[{"start":{"line":149,"column":2},"end":{"line":153,"column":3}},{"start":{},"end":{}}],"line":149},"28":{"loc":{"start":{"line":155,"column":2},"end":{"line":159,"column":3}},"type":"if","locations":[{"start":{"line":155,"column":2},"end":{"line":159,"column":3}},{"start":{},"end":{}}],"line":155}},"s":{"0":0,"1":0,"2":0,"3":0,"4":0,"5":0,"6":0,"7":0,"8":0,"9":0,"10":0,"11":0,"12":0},"f":{"0":0},"b":{"0":[0,0],"1":[0,0],"2":[0,0],"3":[0,0],"4":[0,0],"5":[0,0],"6":[0,0],"7":[0,0],"8":[0,0],"9":[0,0],"10":[0,0],"11":[0,0],"12":[0,0],"13":[0,0],"14":[0,0],"15":[0,0],"16":[0,0],"17":[0,0],"18":[0,0],"19":[0,0],"20":[0,0],"21":[0,0],"22":[0,0],"23":[0,0],"24":[0,0],"25":[0,0],"26":[0,0],"27":[0,0],"28":[0,0]}}
,"/home/maroun/Documents/bore/backend/database.config.js": {"path":"/home/maroun/Documents/bore/backend/database.config.js","statementMap":{"0":{"start":{"line":6,"column":0},"end":{"line":6,"column":27}},"1":{"start":{"line":8,"column":0},"end":{"line":27,"column":2}}},"fnMap":{},"branchMap":{"0":{"loc":{"start":{"line":10,"column":8},"end":{"line":10,"column":42}},"type":"binary-expr","locations":[{"start":{"line":10,"column":8},"end":{"line":10,"column":27}},{"start":{"line":10,"column":31},"end":{"line":10,"column":42}}],"line":10},"1":{"loc":{"start":{"line":11,"column":8},"end":{"line":11,"column":49}},"type":"binary-expr","locations":[{"start":{"line":11,"column":8},"end":{"line":11,"column":41}},{"start":{"line":11,"column":45},"end":{"line":11,"column":49}}],"line":11},"2":{"loc":{"start":{"line":12,"column":12},"end":{"line":12,"column":44}},"type":"binary-expr","locations":[{"start":{"line":12,"column":12},"end":{"line":12,"column":31}},{"start":{"line":12,"column":35},"end":{"line":12,"column":44}}],"line":12},"3":{"loc":{"start":{"line":13,"column":8},"end":{"line":13,"column":41}},"type":"binary-expr","locations":[{"start":{"line":13,"column":8},"end":{"line":13,"column":27}},{"start":{"line":13,"column":31},"end":{"line":13,"column":41}}],"line":13},"4":{"loc":{"start":{"line":14,"column":12},"end":{"line":14,"column":49}},"type":"binary-expr","locations":[{"start":{"line":14,"column":12},"end":{"line":14,"column":35}},{"start":{"line":14,"column":39},"end":{"line":14,"column":49}}],"line":14}},"s":{"0":0,"1":0},"f":{},"b":{"0":[0,0],"1":[0,0],"2":[0,0],"3":[0,0],"4":[0,0]}}
,"/home/maroun/Documents/bore/backend/database.js": {"path":"/home/maroun/Documents/bore/backend/database.js","statementMap":{"0":{"start":{"line":1,"column":17},"end":{"line":1,"column":30}},"1":{"start":{"line":2,"column":15},"end":{"line":2,"column":34}},"2":{"start":{"line":3,"column":19},"end":{"line":3,"column":44}},"3":{"start":{"line":4,"column":38},"end":{"line":4,"column":74}},"4":{"start":{"line":7,"column":13},"end":{"line":16,"column":2}},"5":{"start":{"line":19,"column":0},"end":{"line":21,"column":3}},"6":{"start":{"line":20,"column":2},"end":{"line":20,"column":52}},"7":{"start":{"line":23,"column":0},"end":{"line":25,"column":3}},"8":{"start":{"line":24,"column":2},"end":{"line":24,"column":52}},"9":{"start":{"line":34,"column":17},"end":{"line":34,"column":37}},"10":{"start":{"line":36,"column":2},"end":{"line":206,"column":3}},"11":{"start":{"line":38,"column":28},"end":{"line":43,"column":6}},"12":{"start":{"line":45,"column":4},"end":{"line":48,"column":5}},"13":{"start":{"line":46,"column":6},"end":{"line":46,"column":88}},"14":{"start":{"line":47,"column":6},"end":{"line":47,"column":13}},"15":{"start":{"line":50,"column":4},"end":{"line":50,"column":100}},"16":{"start":{"line":51,"column":4},"end":{"line":51,"column":47}},"17":{"start":{"line":53,"column":4},"end":{"line":53,"column":32}},"18":{"start":{"line":56,"column":4},"end":{"line":70,"column":7}},"19":{"start":{"line":73,"column":4},"end":{"line":97,"column":7}},"20":{"start":{"line":100,"column":4},"end":{"line":109,"column":7}},"21":{"start":{"line":112,"column":4},"end":{"line":124,"column":7}},"22":{"start":{"line":127,"column":4},"end":{"line":137,"column":7}},"23":{"start":{"line":140,"column":4},"end":{"line":149,"column":7}},"24":{"start":{"line":152,"column":4},"end":{"line":164,"column":7}},"25":{"start":{"line":167,"column":4},"end":{"line":179,"column":7}},"26":{"start":{"line":182,"column":4},"end":{"line":196,"column":7}},"27":{"start":{"line":198,"column":4},"end":{"line":198,"column":33}},"28":{"start":{"line":199,"column":4},"end":{"line":199,"column":62}},"29":{"start":{"line":201,"column":4},"end":{"line":201,"column":35}},"30":{"start":{"line":202,"column":4},"end":{"line":202,"column":61}},"31":{"start":{"line":203,"column":4},"end":{"line":203,"column":16}},"32":{"start":{"line":205,"column":4},"end":{"line":205,"column":21}},"33":{"start":{"line":213,"column":11},"end":{"line":409,"column":1}},"34":{"start":{"line":221,"column":18},"end":{"line":221,"column":28}},"35":{"start":{"line":222,"column":4},"end":{"line":249,"column":5}},"36":{"start":{"line":223,"column":21},"end":{"line":223,"column":51}},"37":{"start":{"line":224,"column":23},"end":{"line":224,"column":41}},"38":{"start":{"line":227,"column":6},"end":{"line":239,"column":7}},"39":{"start":{"line":228,"column":8},"end":{"line":232,"column":11}},"40":{"start":{"line":234,"column":8},"end":{"line":238,"column":11}},"41":{"start":{"line":241,"column":6},"end":{"line":241,"column":20}},"42":{"start":{"line":243,"column":23},"end":{"line":243,"column":41}},"43":{"start":{"line":244,"column":6},"end":{"line":247,"column":9}},"44":{"start":{"line":248,"column":6},"end":{"line":248,"column":18}},"45":{"start":{"line":259,"column":19},"end":{"line":259,"column":39}},"46":{"start":{"line":260,"column":4},"end":{"line":270,"column":5}},"47":{"start":{"line":261,"column":6},"end":{"line":261,"column":34}},"48":{"start":{"line":262,"column":21},"end":{"line":262,"column":43}},"49":{"start":{"line":263,"column":6},"end":{"line":263,"column":35}},"50":{"start":{"line":264,"column":6},"end":{"line":264,"column":20}},"51":{"start":{"line":266,"column":6},"end":{"line":266,"column":37}},"52":{"start":{"line":267,"column":6},"end":{"line":267,"column":18}},"53":{"start":{"line":269,"column":6},"end":{"line":269,"column":23}},"54":{"start":{"line":275,"column":19},"end":{"line":278,"column":5}},"55":{"start":{"line":279,"column":4},"end":{"line":279,"column":39}},"56":{"start":{"line":283,"column":19},"end":{"line":283,"column":84}},"57":{"start":{"line":284,"column":4},"end":{"line":284,"column":39}},"58":{"start":{"line":288,"column":19},"end":{"line":288,"column":78}},"59":{"start":{"line":289,"column":4},"end":{"line":289,"column":39}},"60":{"start":{"line":293,"column":19},"end":{"line":296,"column":5}},"61":{"start":{"line":297,"column":4},"end":{"line":297,"column":39}},"62":{"start":{"line":302,"column":19},"end":{"line":307,"column":5}},"63":{"start":{"line":308,"column":4},"end":{"line":308,"column":39}},"64":{"start":{"line":312,"column":19},"end":{"line":315,"column":5}},"65":{"start":{"line":316,"column":4},"end":{"line":316,"column":37}},"66":{"start":{"line":320,"column":19},"end":{"line":320,"column":82}},"67":{"start":{"line":321,"column":4},"end":{"line":321,"column":39}},"68":{"start":{"line":325,"column":19},"end":{"line":325,"column":88}},"69":{"start":{"line":325,"column":56},"end":{"line":325,"column":76}},"70":{"start":{"line":326,"column":19},"end":{"line":326,"column":50}},"71":{"start":{"line":327,"column":19},"end":{"line":330,"column":5}},"72":{"start":{"line":331,"column":4},"end":{"line":331,"column":39}},"73":{"start":{"line":335,"column":4},"end":{"line":335,"column":66}},"74":{"start":{"line":339,"column":19},"end":{"line":339,"column":87}},"75":{"start":{"line":340,"column":4},"end":{"line":340,"column":37}},"76":{"start":{"line":345,"column":4},"end":{"line":348,"column":6}},"77":{"start":{"line":352,"column":19},"end":{"line":355,"column":5}},"78":{"start":{"line":356,"column":4},"end":{"line":356,"column":37}},"79":{"start":{"line":361,"column":4},"end":{"line":366,"column":6}},"80":{"start":{"line":370,"column":19},"end":{"line":373,"column":5}},"81":{"start":{"line":374,"column":4},"end":{"line":374,"column":39}},"82":{"start":{"line":379,"column":4},"end":{"line":382,"column":6}},"83":{"start":{"line":386,"column":19},"end":{"line":386,"column":92}},"84":{"start":{"line":387,"column":4},"end":{"line":387,"column":39}},"85":{"start":{"line":391,"column":4},"end":{"line":391,"column":76}},"86":{"start":{"line":396,"column":4},"end":{"line":399,"column":6}},"87":{"start":{"line":403,"column":19},"end":{"line":406,"column":5}},"88":{"start":{"line":407,"column":4},"end":{"line":407,"column":37}},"89":{"start":{"line":411,"column":0},"end":{"line":411,"column":50}}},"fnMap":{"0":{"name":"(anonymous_0)","decl":{"start":{"line":19,"column":19},"end":{"line":19,"column":20}},"loc":{"start":{"line":19,"column":25},"end":{"line":21,"column":1}},"line":19},"1":{"name":"(anonymous_1)","decl":{"start":{"line":23,"column":17},"end":{"line":23,"column":18}},"loc":{"start":{"line":23,"column":26},"end":{"line":25,"column":1}},"line":23},"2":{"name":"initializeDatabase","decl":{"start":{"line":33,"column":15},"end":{"line":33,"column":33}},"loc":{"start":{"line":33,"column":36},"end":{"line":207,"column":1}},"line":33},"3":{"name":"(anonymous_3)","decl":{"start":{"line":220,"column":2},"end":{"line":220,"column":3}},"loc":{"start":{"line":220,"column":28},"end":{"line":250,"column":3}},"line":220},"4":{"name":"(anonymous_4)","decl":{"start":{"line":258,"column":2},"end":{"line":258,"column":3}},"loc":{"start":{"line":258,"column":30},"end":{"line":271,"column":3}},"line":258},"5":{"name":"(anonymous_5)","decl":{"start":{"line":274,"column":2},"end":{"line":274,"column":3}},"loc":{"start":{"line":274,"column":50},"end":{"line":280,"column":3}},"line":274},"6":{"name":"(anonymous_6)","decl":{"start":{"line":282,"column":2},"end":{"line":282,"column":3}},"loc":{"start":{"line":282,"column":30},"end":{"line":285,"column":3}},"line":282},"7":{"name":"(anonymous_7)","decl":{"start":{"line":287,"column":2},"end":{"line":287,"column":3}},"loc":{"start":{"line":287,"column":24},"end":{"line":290,"column":3}},"line":287},"8":{"name":"(anonymous_8)","decl":{"start":{"line":292,"column":2},"end":{"line":292,"column":3}},"loc":{"start":{"line":292,"column":48},"end":{"line":298,"column":3}},"line":292},"9":{"name":"(anonymous_9)","decl":{"start":{"line":301,"column":2},"end":{"line":301,"column":3}},"loc":{"start":{"line":301,"column":33},"end":{"line":309,"column":3}},"line":301},"10":{"name":"(anonymous_10)","decl":{"start":{"line":311,"column":2},"end":{"line":311,"column":3}},"loc":{"start":{"line":311,"column":37},"end":{"line":317,"column":3}},"line":311},"11":{"name":"(anonymous_11)","decl":{"start":{"line":319,"column":2},"end":{"line":319,"column":3}},"loc":{"start":{"line":319,"column":28},"end":{"line":322,"column":3}},"line":319},"12":{"name":"(anonymous_12)","decl":{"start":{"line":324,"column":2},"end":{"line":324,"column":3}},"loc":{"start":{"line":324,"column":36},"end":{"line":332,"column":3}},"line":324},"13":{"name":"(anonymous_13)","decl":{"start":{"line":325,"column":44},"end":{"line":325,"column":45}},"loc":{"start":{"line":325,"column":56},"end":{"line":325,"column":76}},"line":325},"14":{"name":"(anonymous_14)","decl":{"start":{"line":334,"column":2},"end":{"line":334,"column":3}},"loc":{"start":{"line":334,"column":27},"end":{"line":336,"column":3}},"line":334},"15":{"name":"(anonymous_15)","decl":{"start":{"line":338,"column":2},"end":{"line":338,"column":3}},"loc":{"start":{"line":338,"column":26},"end":{"line":341,"column":3}},"line":338},"16":{"name":"(anonymous_16)","decl":{"start":{"line":344,"column":2},"end":{"line":344,"column":3}},"loc":{"start":{"line":344,"column":53},"end":{"line":349,"column":3}},"line":344},"17":{"name":"(anonymous_17)","decl":{"start":{"line":351,"column":2},"end":{"line":351,"column":3}},"loc":{"start":{"line":351,"column":50},"end":{"line":357,"column":3}},"line":351},"18":{"name":"(anonymous_18)","decl":{"start":{"line":360,"column":2},"end":{"line":360,"column":3}},"loc":{"start":{"line":360,"column":47},"end":{"line":367,"column":3}},"line":360},"19":{"name":"(anonymous_19)","decl":{"start":{"line":369,"column":2},"end":{"line":369,"column":3}},"loc":{"start":{"line":369,"column":43},"end":{"line":375,"column":3}},"line":369},"20":{"name":"(anonymous_20)","decl":{"start":{"line":378,"column":2},"end":{"line":378,"column":3}},"loc":{"start":{"line":378,"column":62},"end":{"line":383,"column":3}},"line":378},"21":{"name":"(anonymous_21)","decl":{"start":{"line":385,"column":2},"end":{"line":385,"column":3}},"loc":{"start":{"line":385,"column":30},"end":{"line":388,"column":3}},"line":385},"22":{"name":"(anonymous_22)","decl":{"start":{"line":390,"column":2},"end":{"line":390,"column":3}},"loc":{"start":{"line":390,"column":33},"end":{"line":392,"column":3}},"line":390},"23":{"name":"(anonymous_23)","decl":{"start":{"line":395,"column":2},"end":{"line":395,"column":3}},"loc":{"start":{"line":395,"column":50},"end":{"line":400,"column":3}},"line":395},"24":{"name":"(anonymous_24)","decl":{"start":{"line":402,"column":2},"end":{"line":402,"column":3}},"loc":{"start":{"line":402,"column":48},"end":{"line":408,"column":3}},"line":402}},"branchMap":{"0":{"loc":{"start":{"line":45,"column":4},"end":{"line":48,"column":5}},"type":"if","locations":[{"start":{"line":45,"column":4},"end":{"line":48,"column":5}},{"start":{},"end":{}}],"line":45},"1":{"loc":{"start":{"line":227,"column":6},"end":{"line":239,"column":7}},"type":"if","locations":[{"start":{"line":227,"column":6},"end":{"line":239,"column":7}},{"start":{"line":233,"column":13},"end":{"line":239,"column":7}}],"line":227},"2":{"loc":{"start":{"line":306,"column":46},"end":{"line":306,"column":75}},"type":"binary-expr","locations":[{"start":{"line":306,"column":46},"end":{"line":306,"column":61}},{"start":{"line":306,"column":65},"end":{"line":306,"column":75}}],"line":306},"3":{"loc":{"start":{"line":351,"column":37},"end":{"line":351,"column":48}},"type":"default-arg","locations":[{"start":{"line":351,"column":45},"end":{"line":351,"column":48}}],"line":351},"4":{"loc":{"start":{"line":402,"column":36},"end":{"line":402,"column":46}},"type":"default-arg","locations":[{"start":{"line":402,"column":44},"end":{"line":402,"column":46}}],"line":402}},"s":{"0":0,"1":0,"2":0,"3":0,"4":0,"5":0,"6":0,"7":0,"8":0,"9":0,"10":0,"11":0,"12":0,"13":0,"14":0,"15":0,"16":0,"17":0,"18":0,"19":0,"20":0,"21":0,"22":0,"23":0,"24":0,"25":0,"26":0,"27":0,"28":0,"29":0,"30":0,"31":0,"32":0,"33":0,"34":0,"35":0,"36":0,"37":0,"38":0,"39":0,"40":0,"41":0,"42":0,"43":0,"44":0,"45":0,"46":0,"47":0,"48":0,"49":0,"50":0,"51":0,"52":0,"53":0,"54":0,"55":0,"56":0,"57":0,"58":0,"59":0,"60":0,"61":0,"62":0,"63":0,"64":0,"65":0,"66":0,"67":0,"68":0,"69":0,"70":0,"71":0,"72":0,"73":0,"74":0,"75":0,"76":0,"77":0,"78":0,"79":0,"80":0,"81":0,"82":0,"83":0,"84":0,"85":0,"86":0,"87":0,"88":0,"89":0},"f":{"0":0,"1":0,"2":0,"3":0,"4":0,"5":0,"6":0,"7":0,"8":0,"9":0,"10":0,"11":0,"12":0,"13":0,"14":0,"15":0,"16":0,"17":0,"18":0,"19":0,"20":0,"21":0,"22":0,"23":0,"24":0},"b":{"0":[0,0],"1":[0,0],"2":[0,0],"3":[0],"4":[0]}}
,"/home/maroun/Documents/bore/backend/metrics.js": {"path":"/home/maroun/Documents/bore/backend/metrics.js","statementMap":{"0":{"start":{"line":7,"column":16},"end":{"line":33,"column":1}},"1":{"start":{"line":36,"column":0},"end":{"line":43,"column":10}},"2":{"start":{"line":37,"column":2},"end":{"line":39,"column":3}},"3":{"start":{"line":38,"column":4},"end":{"line":38,"column":80}},"4":{"start":{"line":40,"column":2},"end":{"line":42,"column":3}},"5":{"start":{"line":41,"column":4},"end":{"line":41,"column":68}},"6":{"start":{"line":49,"column":2},"end":{"line":51,"column":3}},"7":{"start":{"line":50,"column":4},"end":{"line":50,"column":33}},"8":{"start":{"line":58,"column":2},"end":{"line":60,"column":3}},"9":{"start":{"line":59,"column":4},"end":{"line":59,"column":32}},"10":{"start":{"line":67,"column":2},"end":{"line":69,"column":3}},"11":{"start":{"line":68,"column":4},"end":{"line":68,"column":36}},"12":{"start":{"line":77,"column":2},"end":{"line":79,"column":5}},"13":{"start":{"line":78,"column":4},"end":{"line":78,"column":42}},"14":{"start":{"line":82,"column":2},"end":{"line":87,"column":5}},"15":{"start":{"line":83,"column":19},"end":{"line":83,"column":48}},"16":{"start":{"line":84,"column":4},"end":{"line":86,"column":5}},"17":{"start":{"line":85,"column":6},"end":{"line":85,"column":42}},"18":{"start":{"line":89,"column":2},"end":{"line":89,"column":45}},"19":{"start":{"line":90,"column":2},"end":{"line":90,"column":75}},"20":{"start":{"line":90,"column":48},"end":{"line":90,"column":66}},"21":{"start":{"line":97,"column":2},"end":{"line":97,"column":36}},"22":{"start":{"line":97,"column":27},"end":{"line":97,"column":36}},"23":{"start":{"line":98,"column":17},"end":{"line":98,"column":50}},"24":{"start":{"line":98,"column":44},"end":{"line":98,"column":49}},"25":{"start":{"line":99,"column":16},"end":{"line":99,"column":65}},"26":{"start":{"line":100,"column":2},"end":{"line":100,"column":36}},"27":{"start":{"line":107,"column":16},"end":{"line":107,"column":18}},"28":{"start":{"line":110,"column":2},"end":{"line":110,"column":88}},"29":{"start":{"line":111,"column":2},"end":{"line":111,"column":61}},"30":{"start":{"line":112,"column":2},"end":{"line":112,"column":80}},"31":{"start":{"line":114,"column":2},"end":{"line":114,"column":94}},"32":{"start":{"line":115,"column":2},"end":{"line":115,"column":64}},"33":{"start":{"line":116,"column":2},"end":{"line":116,"column":86}},"34":{"start":{"line":118,"column":2},"end":{"line":118,"column":81}},"35":{"start":{"line":119,"column":2},"end":{"line":119,"column":53}},"36":{"start":{"line":120,"column":2},"end":{"line":120,"column":65}},"37":{"start":{"line":122,"column":2},"end":{"line":122,"column":82}},"38":{"start":{"line":123,"column":2},"end":{"line":123,"column":58}},"39":{"start":{"line":124,"column":2},"end":{"line":124,"column":74}},"40":{"start":{"line":126,"column":2},"end":{"line":126,"column":76}},"41":{"start":{"line":127,"column":2},"end":{"line":127,"column":55}},"42":{"start":{"line":128,"column":2},"end":{"line":128,"column":68}},"43":{"start":{"line":130,"column":2},"end":{"line":130,"column":78}},"44":{"start":{"line":131,"column":2},"end":{"line":131,"column":49}},"45":{"start":{"line":132,"column":2},"end":{"line":132,"column":61}},"46":{"start":{"line":134,"column":2},"end":{"line":134,"column":82}},"47":{"start":{"line":135,"column":2},"end":{"line":135,"column":51}},"48":{"start":{"line":136,"column":2},"end":{"line":136,"column":65}},"49":{"start":{"line":138,"column":2},"end":{"line":138,"column":84}},"50":{"start":{"line":139,"column":2},"end":{"line":139,"column":57}},"51":{"start":{"line":140,"column":2},"end":{"line":140,"column":76}},"52":{"start":{"line":142,"column":2},"end":{"line":142,"column":78}},"53":{"start":{"line":143,"column":2},"end":{"line":143,"column":54}},"54":{"start":{"line":144,"column":2},"end":{"line":146,"column":5}},"55":{"start":{"line":145,"column":4},"end":{"line":145,"column":72}},"56":{"start":{"line":149,"column":2},"end":{"line":157,"column":3}},"57":{"start":{"line":150,"column":4},"end":{"line":150,"column":86}},"58":{"start":{"line":151,"column":4},"end":{"line":151,"column":70}},"59":{"start":{"line":152,"column":4},"end":{"line":152,"column":137}},"60":{"start":{"line":153,"column":4},"end":{"line":153,"column":137}},"61":{"start":{"line":154,"column":4},"end":{"line":154,"column":138}},"62":{"start":{"line":155,"column":4},"end":{"line":155,"column":127}},"63":{"start":{"line":155,"column":107},"end":{"line":155,"column":112}},"64":{"start":{"line":156,"column":4},"end":{"line":156,"column":102}},"65":{"start":{"line":160,"column":2},"end":{"line":168,"column":3}},"66":{"start":{"line":161,"column":4},"end":{"line":161,"column":74}},"67":{"start":{"line":162,"column":4},"end":{"line":162,"column":64}},"68":{"start":{"line":163,"column":4},"end":{"line":163,"column":125}},"69":{"start":{"line":164,"column":4},"end":{"line":164,"column":125}},"70":{"start":{"line":165,"column":4},"end":{"line":165,"column":126}},"71":{"start":{"line":166,"column":4},"end":{"line":166,"column":115}},"72":{"start":{"line":166,"column":95},"end":{"line":166,"column":100}},"73":{"start":{"line":167,"column":4},"end":{"line":167,"column":90}},"74":{"start":{"line":170,"column":2},"end":{"line":170,"column":33}},"75":{"start":{"line":177,"column":16},"end":{"line":177,"column":26}},"76":{"start":{"line":179,"column":2},"end":{"line":183,"column":5}},"77":{"start":{"line":180,"column":21},"end":{"line":180,"column":39}},"78":{"start":{"line":181,"column":4},"end":{"line":181,"column":41}},"79":{"start":{"line":182,"column":4},"end":{"line":182,"column":50}},"80":{"start":{"line":185,"column":2},"end":{"line":185,"column":9}},"81":{"start":{"line":188,"column":0},"end":{"line":196,"column":2}}},"fnMap":{"0":{"name":"(anonymous_0)","decl":{"start":{"line":36,"column":12},"end":{"line":36,"column":13}},"loc":{"start":{"line":36,"column":18},"end":{"line":43,"column":1}},"line":36},"1":{"name":"incrementCounter","decl":{"start":{"line":48,"column":9},"end":{"line":48,"column":25}},"loc":{"start":{"line":48,"column":49},"end":{"line":52,"column":1}},"line":48},"2":{"name":"setGauge","decl":{"start":{"line":57,"column":9},"end":{"line":57,"column":17}},"loc":{"start":{"line":57,"column":37},"end":{"line":61,"column":1}},"line":57},"3":{"name":"recordHistogram","decl":{"start":{"line":66,"column":9},"end":{"line":66,"column":24}},"loc":{"start":{"line":66,"column":44},"end":{"line":70,"column":1}},"line":66},"4":{"name":"updateInstanceStatusCounts","decl":{"start":{"line":75,"column":9},"end":{"line":75,"column":35}},"loc":{"start":{"line":75,"column":47},"end":{"line":91,"column":1}},"line":75},"5":{"name":"(anonymous_5)","decl":{"start":{"line":77,"column":49},"end":{"line":77,"column":50}},"loc":{"start":{"line":77,"column":59},"end":{"line":79,"column":3}},"line":77},"6":{"name":"(anonymous_6)","decl":{"start":{"line":82,"column":20},"end":{"line":82,"column":21}},"loc":{"start":{"line":82,"column":32},"end":{"line":87,"column":3}},"line":82},"7":{"name":"(anonymous_7)","decl":{"start":{"line":90,"column":43},"end":{"line":90,"column":44}},"loc":{"start":{"line":90,"column":48},"end":{"line":90,"column":66}},"line":90},"8":{"name":"calculatePercentile","decl":{"start":{"line":96,"column":9},"end":{"line":96,"column":28}},"loc":{"start":{"line":96,"column":49},"end":{"line":101,"column":1}},"line":96},"9":{"name":"(anonymous_9)","decl":{"start":{"line":98,"column":34},"end":{"line":98,"column":35}},"loc":{"start":{"line":98,"column":44},"end":{"line":98,"column":49}},"line":98},"10":{"name":"generatePrometheusMetrics","decl":{"start":{"line":106,"column":9},"end":{"line":106,"column":34}},"loc":{"start":{"line":106,"column":37},"end":{"line":171,"column":1}},"line":106},"11":{"name":"(anonymous_11)","decl":{"start":{"line":144,"column":52},"end":{"line":144,"column":53}},"loc":{"start":{"line":144,"column":73},"end":{"line":146,"column":3}},"line":144},"12":{"name":"(anonymous_12)","decl":{"start":{"line":155,"column":97},"end":{"line":155,"column":98}},"loc":{"start":{"line":155,"column":107},"end":{"line":155,"column":112}},"line":155},"13":{"name":"(anonymous_13)","decl":{"start":{"line":166,"column":85},"end":{"line":166,"column":86}},"loc":{"start":{"line":166,"column":95},"end":{"line":166,"column":100}},"line":166},"14":{"name":"metricsMiddleware","decl":{"start":{"line":176,"column":9},"end":{"line":176,"column":26}},"loc":{"start":{"line":176,"column":43},"end":{"line":186,"column":1}},"line":176},"15":{"name":"(anonymous_15)","decl":{"start":{"line":179,"column":19},"end":{"line":179,"column":20}},"loc":{"start":{"line":179,"column":25},"end":{"line":183,"column":3}},"line":179}},"branchMap":{"0":{"loc":{"start":{"line":37,"column":2},"end":{"line":39,"column":3}},"type":"if","locations":[{"start":{"line":37,"column":2},"end":{"line":39,"column":3}},{"start":{},"end":{}}],"line":37},"1":{"loc":{"start":{"line":40,"column":2},"end":{"line":42,"column":3}},"type":"if","locations":[{"start":{"line":40,"column":2},"end":{"line":42,"column":3}},{"start":{},"end":{}}],"line":40},"2":{"loc":{"start":{"line":48,"column":38},"end":{"line":48,"column":47}},"type":"default-arg","locations":[{"start":{"line":48,"column":46},"end":{"line":48,"column":47}}],"line":48},"3":{"loc":{"start":{"line":49,"column":2},"end":{"line":51,"column":3}},"type":"if","locations":[{"start":{"line":49,"column":2},"end":{"line":51,"column":3}},{"start":{},"end":{}}],"line":49},"4":{"loc":{"start":{"line":58,"column":2},"end":{"line":60,"column":3}},"type":"if","locations":[{"start":{"line":58,"column":2},"end":{"line":60,"column":3}},{"start":{},"end":{}}],"line":58},"5":{"loc":{"start":{"line":67,"column":2},"end":{"line":69,"column":3}},"type":"if","locations":[{"start":{"line":67,"column":2},"end":{"line":69,"column":3}},{"start":{},"end":{}}],"line":67},"6":{"loc":{"start":{"line":67,"column":6},"end":{"line":67,"column":63}},"type":"binary-expr","locations":[{"start":{"line":67,"column":6},"end":{"line":67,"column":25}},{"start":{"line":67,"column":29},"end":{"line":67,"column":63}}],"line":67},"7":{"loc":{"start":{"line":83,"column":19},"end":{"line":83,"column":48}},"type":"binary-expr","locations":[{"start":{"line":83,"column":19},"end":{"line":83,"column":34}},{"start":{"line":83,"column":38},"end":{"line":83,"column":48}}],"line":83},"8":{"loc":{"start":{"line":84,"column":4},"end":{"line":86,"column":5}},"type":"if","locations":[{"start":{"line":84,"column":4},"end":{"line":86,"column":5}},{"start":{},"end":{}}],"line":84},"9":{"loc":{"start":{"line":97,"column":2},"end":{"line":97,"column":36}},"type":"if","locations":[{"start":{"line":97,"column":2},"end":{"line":97,"column":36}},{"start":{},"end":{}}],"line":97},"10":{"loc":{"start":{"line":149,"column":2},"end":{"line":157,"column":3}},"type":"if","locations":[{"start":{"line":149,"column":2},"end":{"line":157,"column":3}},{"start":{},"end":{}}],"line":149},"11":{"loc":{"start":{"line":160,"column":2},"end":{"line":168,"column":3}},"type":"if","locations":[{"start":{"line":160,"column":2},"end":{"line":168,"column":3}},{"start":{},"end":{}}],"line":160}},"s":{"0":0,"1":0,"2":0,"3":0,"4":0,"5":0,"6":0,"7":0,"8":0,"9":0,"10":0,"11":0,"12":0,"13":0,"14":0,"15":0,"16":0,"17":0,"18":0,"19":0,"20":0,"21":0,"22":0,"23":0,"24":0,"25":0,"26":0,"27":0,"28":0,"29":0,"30":0,"31":0,"32":0,"33":0,"34":0,"35":0,"36":0,"37":0,"38":0,"39":0,"40":0,"41":0,"42":0,"43":0,"44":0,"45":0,"46":0,"47":0,"48":0,"49":0,"50":0,"51":0,"52":0,"53":0,"54":0,"55":0,"56":0,"57":0,"58":0,"59":0,"60":0,"61":0,"62":0,"63":0,"64":0,"65":0,"66":0,"67":0,"68":0,"69":0,"70":0,"71":0,"72":0,"73":0,"74":0,"75":0,"76":0,"77":0,"78":0,"79":0,"80":0,"81":0},"f":{"0":0,"1":0,"2":0,"3":0,"4":0,"5":0,"6":0,"7":0,"8":0,"9":0,"10":0,"11":0,"12":0,"13":0,"14":0,"15":0},"b":{"0":[0,0],"1":[0,0],"2":[0],"3":[0,0],"4":[0,0],"5":[0,0],"6":[0,0],"7":[0,0],"8":[0,0],"9":[0,0],"10":[0,0],"11":[0,0]}}
,"/home/maroun/Documents/bore/backend/server-registry.js": {"path":"/home/maroun/Documents/bore/backend/server-registry.js","statementMap":{"0":{"start":{"line":7,"column":15},"end":{"line":7,"column":36}},"1":{"start":{"line":8,"column":15},"end":{"line":8,"column":34}},"2":{"start":{"line":9,"column":21},"end":{"line":9,"column":56}},"3":{"start":{"line":10,"column":19},"end":{"line":10,"column":44}},"4":{"start":{"line":11,"column":23},"end":{"line":11,"column":57}},"5":{"start":{"line":14,"column":16},"end":{"line":14,"column":25}},"6":{"start":{"line":17,"column":21},"end":{"line":17,"column":35}},"7":{"start":{"line":18,"column":27},"end":{"line":18,"column":47}},"8":{"start":{"line":19,"column":19},"end":{"line":19,"column":21}},"9":{"start":{"line":22,"column":28},"end":{"line":28,"column":2}},"10":{"start":{"line":42,"column":17},"end":{"line":54,"column":3}},"11":{"start":{"line":57,"column":2},"end":{"line":70,"column":3}},"12":{"start":{"line":58,"column":4},"end":{"line":69,"column":5}},"13":{"start":{"line":59,"column":6},"end":{"line":65,"column":9}},"14":{"start":{"line":60,"column":8},"end":{"line":64,"column":10}},"15":{"start":{"line":66,"column":6},"end":{"line":66,"column":61}},"16":{"start":{"line":68,"column":6},"end":{"line":68,"column":74}},"17":{"start":{"line":73,"column":2},"end":{"line":73,"column":33}},"18":{"start":{"line":76,"column":2},"end":{"line":84,"column":130}},"19":{"start":{"line":86,"column":2},"end":{"line":86,"column":89}},"20":{"start":{"line":87,"column":2},"end":{"line":87,"column":16}},"21":{"start":{"line":96,"column":2},"end":{"line":114,"column":3}},"22":{"start":{"line":97,"column":4},"end":{"line":113,"column":5}},"23":{"start":{"line":98,"column":27},"end":{"line":106,"column":8}},"24":{"start":{"line":99,"column":21},"end":{"line":99,"column":71}},"25":{"start":{"line":100,"column":31},"end":{"line":103,"column":10}},"26":{"start":{"line":101,"column":23},"end":{"line":101,"column":57}},"27":{"start":{"line":102,"column":10},"end":{"line":102,"column":48}},"28":{"start":{"line":104,"column":8},"end":{"line":105,"column":51}},"29":{"start":{"line":105,"column":23},"end":{"line":105,"column":49}},"30":{"start":{"line":108,"column":6},"end":{"line":110,"column":7}},"31":{"start":{"line":109,"column":8},"end":{"line":109,"column":28}},"32":{"start":{"line":112,"column":6},"end":{"line":112,"column":72}},"33":{"start":{"line":117,"column":2},"end":{"line":117,"column":73}},"34":{"start":{"line":117,"column":50},"end":{"line":117,"column":71}},"35":{"start":{"line":125,"column":17},"end":{"line":125,"column":41}},"36":{"start":{"line":127,"column":2},"end":{"line":127,"column":39}},"37":{"start":{"line":127,"column":27},"end":{"line":127,"column":39}},"38":{"start":{"line":130,"column":26},"end":{"line":139,"column":5}},"39":{"start":{"line":130,"column":48},"end":{"line":139,"column":3}},"40":{"start":{"line":142,"column":2},"end":{"line":142,"column":78}},"41":{"start":{"line":142,"column":33},"end":{"line":142,"column":76}},"42":{"start":{"line":144,"column":2},"end":{"line":144,"column":28}},"43":{"start":{"line":155,"column":16},"end":{"line":160,"column":3}},"44":{"start":{"line":163,"column":2},"end":{"line":190,"column":3}},"45":{"start":{"line":164,"column":4},"end":{"line":189,"column":5}},"46":{"start":{"line":166,"column":25},"end":{"line":166,"column":84}},"47":{"start":{"line":167,"column":6},"end":{"line":179,"column":7}},"48":{"start":{"line":168,"column":23},"end":{"line":168,"column":45}},"49":{"start":{"line":169,"column":8},"end":{"line":169,"column":34}},"50":{"start":{"line":170,"column":8},"end":{"line":170,"column":52}},"51":{"start":{"line":171,"column":8},"end":{"line":171,"column":55}},"52":{"start":{"line":174,"column":8},"end":{"line":178,"column":10}},"53":{"start":{"line":182,"column":6},"end":{"line":186,"column":8}},"54":{"start":{"line":188,"column":6},"end":{"line":188,"column":77}},"55":{"start":{"line":193,"column":17},"end":{"line":193,"column":38}},"56":{"start":{"line":194,"column":2},"end":{"line":198,"column":3}},"57":{"start":{"line":195,"column":4},"end":{"line":195,"column":30}},"58":{"start":{"line":196,"column":4},"end":{"line":196,"column":48}},"59":{"start":{"line":197,"column":4},"end":{"line":197,"column":51}},"60":{"start":{"line":207,"column":17},"end":{"line":207,"column":38}},"61":{"start":{"line":208,"column":2},"end":{"line":212,"column":3}},"62":{"start":{"line":209,"column":4},"end":{"line":209,"column":32}},"63":{"start":{"line":210,"column":4},"end":{"line":210,"column":97}},"64":{"start":{"line":211,"column":4},"end":{"line":211,"column":58}},"65":{"start":{"line":220,"column":17},"end":{"line":220,"column":41}},"66":{"start":{"line":222,"column":24},"end":{"line":222,"column":82}},"67":{"start":{"line":222,"column":50},"end":{"line":222,"column":78}},"68":{"start":{"line":223,"column":20},"end":{"line":223,"column":69}},"69":{"start":{"line":223,"column":46},"end":{"line":223,"column":65}},"70":{"start":{"line":224,"column":25},"end":{"line":224,"column":79}},"71":{"start":{"line":224,"column":51},"end":{"line":224,"column":75}},"72":{"start":{"line":225,"column":24},"end":{"line":225,"column":82}},"73":{"start":{"line":225,"column":50},"end":{"line":225,"column":78}},"74":{"start":{"line":227,"column":2},"end":{"line":246,"column":4}},"75":{"start":{"line":235,"column":30},"end":{"line":245,"column":5}},"76":{"start":{"line":249,"column":0},"end":{"line":258,"column":2}},"77":{"start":{"line":257,"column":32},"end":{"line":257,"column":62}}},"fnMap":{"0":{"name":"registerServer","decl":{"start":{"line":41,"column":15},"end":{"line":41,"column":29}},"loc":{"start":{"line":41,"column":42},"end":{"line":88,"column":1}},"line":41},"1":{"name":"(anonymous_1)","decl":{"start":{"line":59,"column":40},"end":{"line":59,"column":41}},"loc":{"start":{"line":59,"column":52},"end":{"line":65,"column":7}},"line":59},"2":{"name":"getActiveServers","decl":{"start":{"line":94,"column":15},"end":{"line":94,"column":31}},"loc":{"start":{"line":94,"column":34},"end":{"line":118,"column":1}},"line":94},"3":{"name":"(anonymous_3)","decl":{"start":{"line":98,"column":61},"end":{"line":98,"column":62}},"loc":{"start":{"line":98,"column":73},"end":{"line":106,"column":7}},"line":98},"4":{"name":"(anonymous_4)","decl":{"start":{"line":100,"column":40},"end":{"line":100,"column":41}},"loc":{"start":{"line":100,"column":55},"end":{"line":103,"column":9}},"line":100},"5":{"name":"(anonymous_5)","decl":{"start":{"line":105,"column":18},"end":{"line":105,"column":19}},"loc":{"start":{"line":105,"column":23},"end":{"line":105,"column":49}},"line":105},"6":{"name":"(anonymous_6)","decl":{"start":{"line":117,"column":45},"end":{"line":117,"column":46}},"loc":{"start":{"line":117,"column":50},"end":{"line":117,"column":71}},"line":117},"7":{"name":"getBestServer","decl":{"start":{"line":124,"column":15},"end":{"line":124,"column":28}},"loc":{"start":{"line":124,"column":31},"end":{"line":145,"column":1}},"line":124},"8":{"name":"(anonymous_8)","decl":{"start":{"line":130,"column":37},"end":{"line":130,"column":38}},"loc":{"start":{"line":130,"column":48},"end":{"line":139,"column":3}},"line":130},"9":{"name":"(anonymous_9)","decl":{"start":{"line":142,"column":23},"end":{"line":142,"column":24}},"loc":{"start":{"line":142,"column":33},"end":{"line":142,"column":76}},"line":142},"10":{"name":"updateServerLoad","decl":{"start":{"line":154,"column":15},"end":{"line":154,"column":31}},"loc":{"start":{"line":154,"column":63},"end":{"line":199,"column":1}},"line":154},"11":{"name":"markServerUnhealthy","decl":{"start":{"line":206,"column":15},"end":{"line":206,"column":34}},"loc":{"start":{"line":206,"column":45},"end":{"line":213,"column":1}},"line":206},"12":{"name":"getFleetStats","decl":{"start":{"line":219,"column":15},"end":{"line":219,"column":28}},"loc":{"start":{"line":219,"column":31},"end":{"line":247,"column":1}},"line":219},"13":{"name":"(anonymous_13)","decl":{"start":{"line":222,"column":38},"end":{"line":222,"column":39}},"loc":{"start":{"line":222,"column":50},"end":{"line":222,"column":78}},"line":222},"14":{"name":"(anonymous_14)","decl":{"start":{"line":223,"column":34},"end":{"line":223,"column":35}},"loc":{"start":{"line":223,"column":46},"end":{"line":223,"column":65}},"line":223},"15":{"name":"(anonymous_15)","decl":{"start":{"line":224,"column":39},"end":{"line":224,"column":40}},"loc":{"start":{"line":224,"column":51},"end":{"line":224,"column":75}},"line":224},"16":{"name":"(anonymous_16)","decl":{"start":{"line":225,"column":38},"end":{"line":225,"column":39}},"loc":{"start":{"line":225,"column":50},"end":{"line":225,"column":78}},"line":225},"17":{"name":"(anonymous_17)","decl":{"start":{"line":235,"column":24},"end":{"line":235,"column":25}},"loc":{"start":{"line":235,"column":30},"end":{"line":245,"column":5}},"line":235},"18":{"name":"(anonymous_18)","decl":{"start":{"line":257,"column":26},"end":{"line":257,"column":27}},"loc":{"start":{"line":257,"column":32},"end":{"line":257,"column":62}},"line":257}},"branchMap":{"0":{"loc":{"start":{"line":43,"column":8},"end":{"line":43,"column":47}},"type":"binary-expr","locations":[{"start":{"line":43,"column":8},"end":{"line":43,"column":21}},{"start":{"line":43,"column":25},"end":{"line":43,"column":47}}],"line":43},"1":{"loc":{"start":{"line":45,"column":10},"end":{"line":45,"column":33}},"type":"binary-expr","locations":[{"start":{"line":45,"column":10},"end":{"line":45,"column":25}},{"start":{"line":45,"column":29},"end":{"line":45,"column":33}}],"line":45},"2":{"loc":{"start":{"line":46,"column":14},"end":{"line":46,"column":50}},"type":"binary-expr","locations":[{"start":{"line":46,"column":14},"end":{"line":46,"column":33}},{"start":{"line":46,"column":37},"end":{"line":46,"column":50}}],"line":46},"3":{"loc":{"start":{"line":47,"column":22},"end":{"line":47,"column":57}},"type":"binary-expr","locations":[{"start":{"line":47,"column":22},"end":{"line":47,"column":49}},{"start":{"line":47,"column":53},"end":{"line":47,"column":57}}],"line":47},"4":{"loc":{"start":{"line":48,"column":26},"end":{"line":48,"column":64}},"type":"binary-expr","locations":[{"start":{"line":48,"column":26},"end":{"line":48,"column":57}},{"start":{"line":48,"column":61},"end":{"line":48,"column":64}}],"line":48},"5":{"loc":{"start":{"line":57,"column":2},"end":{"line":70,"column":3}},"type":"if","locations":[{"start":{"line":57,"column":2},"end":{"line":70,"column":3}},{"start":{},"end":{}}],"line":57},"6":{"loc":{"start":{"line":96,"column":2},"end":{"line":114,"column":3}},"type":"if","locations":[{"start":{"line":96,"column":2},"end":{"line":114,"column":3}},{"start":{},"end":{}}],"line":96},"7":{"loc":{"start":{"line":102,"column":17},"end":{"line":102,"column":47}},"type":"cond-expr","locations":[{"start":{"line":102,"column":24},"end":{"line":102,"column":40}},{"start":{"line":102,"column":43},"end":{"line":102,"column":47}}],"line":102},"8":{"loc":{"start":{"line":105,"column":23},"end":{"line":105,"column":49}},"type":"binary-expr","locations":[{"start":{"line":105,"column":23},"end":{"line":105,"column":24}},{"start":{"line":105,"column":28},"end":{"line":105,"column":49}}],"line":105},"9":{"loc":{"start":{"line":108,"column":6},"end":{"line":110,"column":7}},"type":"if","locations":[{"start":{"line":108,"column":6},"end":{"line":110,"column":7}},{"start":{},"end":{}}],"line":108},"10":{"loc":{"start":{"line":127,"column":2},"end":{"line":127,"column":39}},"type":"if","locations":[{"start":{"line":127,"column":2},"end":{"line":127,"column":39}},{"start":{},"end":{}}],"line":127},"11":{"loc":{"start":{"line":163,"column":2},"end":{"line":190,"column":3}},"type":"if","locations":[{"start":{"line":163,"column":2},"end":{"line":190,"column":3}},{"start":{},"end":{}}],"line":163},"12":{"loc":{"start":{"line":167,"column":6},"end":{"line":179,"column":7}},"type":"if","locations":[{"start":{"line":167,"column":6},"end":{"line":179,"column":7}},{"start":{},"end":{}}],"line":167},"13":{"loc":{"start":{"line":194,"column":2},"end":{"line":198,"column":3}},"type":"if","locations":[{"start":{"line":194,"column":2},"end":{"line":198,"column":3}},{"start":{},"end":{}}],"line":194},"14":{"loc":{"start":{"line":208,"column":2},"end":{"line":212,"column":3}},"type":"if","locations":[{"start":{"line":208,"column":2},"end":{"line":212,"column":3}},{"start":{},"end":{}}],"line":208},"15":{"loc":{"start":{"line":231,"column":24},"end":{"line":231,"column":81}},"type":"cond-expr","locations":[{"start":{"line":231,"column":44},"end":{"line":231,"column":77}},{"start":{"line":231,"column":80},"end":{"line":231,"column":81}}],"line":231},"16":{"loc":{"start":{"line":234,"column":33},"end":{"line":234,"column":96}},"type":"cond-expr","locations":[{"start":{"line":234,"column":54},"end":{"line":234,"column":92}},{"start":{"line":234,"column":95},"end":{"line":234,"column":96}}],"line":234}},"s":{"0":0,"1":0,"2":0,"3":0,"4":0,"5":0,"6":0,"7":0,"8":0,"9":0,"10":0,"11":0,"12":0,"13":0,"14":0,"15":0,"16":0,"17":0,"18":0,"19":0,"20":0,"21":0,"22":0,"23":0,"24":0,"25":0,"26":0,"27":0,"28":0,"29":0,"30":0,"31":0,"32":0,"33":0,"34":0,"35":0,"36":0,"37":0,"38":0,"39":0,"40":0,"41":0,"42":0,"43":0,"44":0,"45":0,"46":0,"47":0,"48":0,"49":0,"50":0,"51":0,"52":0,"53":0,"54":0,"55":0,"56":0,"57":0,"58":0,"59":0,"60":0,"61":0,"62":0,"63":0,"64":0,"65":0,"66":0,"67":0,"68":0,"69":0,"70":0,"71":0,"72":0,"73":0,"74":0,"75":0,"76":0,"77":0},"f":{"0":0,"1":0,"2":0,"3":0,"4":0,"5":0,"6":0,"7":0,"8":0,"9":0,"10":0,"11":0,"12":0,"13":0,"14":0,"15":0,"16":0,"17":0,"18":0},"b":{"0":[0,0],"1":[0,0],"2":[0,0],"3":[0,0],"4":[0,0],"5":[0,0],"6":[0,0],"7":[0,0],"8":[0,0],"9":[0,0],"10":[0,0],"11":[0,0],"12":[0,0],"13":[0,0],"14":[0,0],"15":[0,0],"16":[0,0]}}
[...]
},"end":{"line":77,"column":5}},"16":{"start":{"line":76,"column":6},"end":{"line":76,"column":59}},"17":{"start":{"line":84,"column":4},"end":{"line":93,"column":5}},"18":{"start":{"line":85,"column":24},"end":{"line":91,"column":18}},"19":{"start":{"line":92,"column":6},"end":{"line":92,"column":62}},"20":{"start":{"line":100,"column":20},"end":{"line":108,"column":5}},"21":{"start":{"line":110,"column":4},"end":{"line":112,"column":5}},"22":{"start":{"line":111,"column":6},"end":{"line":111,"column":40}},"23":{"start":{"line":114,"column":18},"end":{"line":115,"column":57}},"24":{"start":{"line":117,"column":4},"end":{"line":117,"column":54}},"25":{"start":{"line":124,"column":4},"end":{"line":134,"column":5}},"26":{"start":{"line":125,"column":6},"end":{"line":128,"column":9}},"27":{"start":{"line":130,"column":6},"end":{"line":133,"column":9}},"28":{"start":{"line":141,"column":4},"end":{"line":141,"column":57}},"29":{"start":{"line":146,"column":15},"end":{"line":146,"column":32}},"30":{"start":{"line":149,"column":0},"end":{"line":154,"column":2}},"31":{"start":{"line":153,"column":29},"end":{"line":153,"column":48}}},"fnMap":{"0":{"name":"(anonymous_0)","decl":{"start":{"line":17,"column":2},"end":{"line":17,"column":3}},"loc":{"start":{"line":17,"column":31},"end":{"line":19,"column":3}},"line":17},"1":{"name":"(anonymous_1)","decl":{"start":{"line":24,"column":2},"end":{"line":24,"column":3}},"loc":{"start":{"line":24,"column":40},"end":{"line":44,"column":3}},"line":24},"2":{"name":"(anonymous_2)","decl":{"start":{"line":49,"column":2},"end":{"line":49,"column":3}},"loc":{"start":{"line":49,"column":19},"end":{"line":51,"column":3}},"line":49},"3":{"name":"(anonymous_3)","decl":{"start":{"line":56,"column":2},"end":{"line":56,"column":3}},"loc":{"start":{"line":56,"column":32},"end":{"line":60,"column":3}},"line":56},"4":{"name":"(anonymous_4)","decl":{"start":{"line":65,"column":2},"end":{"line":65,"column":3}},"loc":{"start":{"line":65,"column":31},"end":{"line":69,"column":3}},"line":65},"5":{"name":"(anonymous_5)","decl":{"start":{"line":74,"column":2},"end":{"line":74,"column":3}},"loc":{"start":{"line":74,"column":31},"end":{"line":78,"column":3}},"line":74},"6":{"name":"(anonymous_6)","decl":{"start":{"line":83,"column":2},"end":{"line":83,"column":3}},"loc":{"start":{"line":83,"column":46},"end":{"line":94,"column":3}},"line":83},"7":{"name":"(anonymous_7)","decl":{"start":{"line":99,"column":2},"end":{"line":99,"column":3}},"loc":{"start":{"line":99,"column":27},"end":{"line":118,"column":3}},"line":99},"8":{"name":"(anonymous_8)","decl":{"start":{"line":123,"column":2},"end":{"line":123,"column":3}},"loc":{"start":{"line":123,"column":39},"end":{"line":135,"column":3}},"line":123},"9":{"name":"(anonymous_9)","decl":{"start":{"line":140,"column":2},"end":{"line":140,"column":3}},"loc":{"start":{"line":140,"column":22},"end":{"line":142,"column":3}},"line":140},"10":{"name":"(anonymous_10)","decl":{"start":{"line":153,"column":16},"end":{"line":153,"column":17}},"loc":{"start":{"line":153,"column":29},"end":{"line":153,"column":48}},"line":153}},"branchMap":{"0":{"loc":{"start":{"line":6,"column":17},"end":{"line":6,"column":54}},"type":"binary-expr","locations":[{"start":{"line":6,"column":17},"end":{"line":6,"column":37}},{"start":{"line":6,"column":41},"end":{"line":6,"column":54}}],"line":6},"1":{"loc":{"start":{"line":7,"column":18},"end":{"line":7,"column":89}},"type":"binary-expr","locations":[{"start":{"line":7,"column":18},"end":{"line":7,"column":39}},{"start":{"line":7,"column":44},"end":{"line":7,"column":88}}],"line":7},"2":{"loc":{"start":{"line":7,"column":44},"end":{"line":7,"column":88}},"type":"cond-expr","locations":[{"start":{"line":7,"column":72},"end":{"line":7,"column":78}},{"start":{"line":7,"column":81},"end":{"line":7,"column":88}}],"line":7},"3":{"loc":{"start":{"line":17,"column":14},"end":{"line":17,"column":29}},"type":"default-arg","locations":[{"start":{"line":17,"column":24},"end":{"line":17,"column":29}}],"line":17},"4":{"loc":{"start":{"line":24,"column":25},"end":{"line":24,"column":38}},"type":"default-arg","locations":[{"start":{"line":24,"column":36},"end":{"line":24,"column":38}}],"line":24},"5":{"loc":{"start":{"line":36,"column":4},"end":{"line":43,"column":5}},"type":"if","locations":[{"start":{"line":36,"column":4},"end":{"line":43,"column":5}},{"start":{"line":38,"column":11},"end":{"line":43,"column":5}}],"line":36},"6":{"loc":{"start":{"line":39,"column":22},"end":{"line":41,"column":12}},"type":"cond-expr","locations":[{"start":{"line":40,"column":10},"end":{"line":40,"column":49}},{"start":{"line":41,"column":10},"end":{"line":41,"column":12}}],"line":39},"7":{"loc":{"start":{"line":56,"column":17},"end":{"line":56,"column":30}},"type":"default-arg","locations":[{"start":{"line":56,"column":28},"end":{"line":56,"column":30}}],"line":56},"8":{"loc":{"start":{"line":57,"column":4},"end":{"line":59,"column":5}},"type":"if","locations":[{"start":{"line":57,"column":4},"end":{"line":59,"column":5}},{"start":{},"end":{}}],"line":57},"9":{"loc":{"start":{"line":65,"column":16},"end":{"line":65,"column":29}},"type":"default-arg","locations":[{"start":{"line":65,"column":27},"end":{"line":65,"column":29}}],"line":65},"10":{"loc":{"start":{"line":66,"column":4},"end":{"line":68,"column":5}},"type":"if","locations":[{"start":{"line":66,"column":4},"end":{"line":68,"column":5}},{"start":{},"end":{}}],"line":66},"11":{"loc":{"start":{"line":74,"column":16},"end":{"line":74,"column":29}},"type":"default-arg","locations":[{"start":{"line":74,"column":27},"end":{"line":74,"column":29}}],"line":74},"12":{"loc":{"start":{"line":75,"column":4},"end":{"line":77,"column":5}},"type":"if","locations":[{"start":{"line":75,"column":4},"end":{"line":77,"column":5}},{"start":{},"end":{}}],"line":75},"13":{"loc":{"start":{"line":83,"column":17},"end":{"line":83,"column":29}},"type":"default-arg","locations":[{"start":{"line":83,"column":25},"end":{"line":83,"column":29}}],"line":83},"14":{"loc":{"start":{"line":83,"column":31},"end":{"line":83,"column":44}},"type":"default-arg","locations":[{"start":{"line":83,"column":42},"end":{"line":83,"column":44}}],"line":83},"15":{"loc":{"start":{"line":84,"column":4},"end":{"line":93,"column":5}},"type":"if","locations":[{"start":{"line":84,"column":4},"end":{"line":93,"column":5}},{"start":{},"end":{}}],"line":84},"16":{"loc":{"start":{"line":85,"column":24},"end":{"line":91,"column":18}},"type":"cond-expr","locations":[{"start":{"line":85,"column":32},"end":{"line":91,"column":7}},{"start":{"line":91,"column":10},"end":{"line":91,"column":18}}],"line":85},"17":{"loc":{"start":{"line":110,"column":4},"end":{"line":112,"column":5}},"type":"if","locations":[{"start":{"line":110,"column":4},"end":{"line":112,"column":5}},{"start":{},"end":{}}],"line":110},"18":{"loc":{"start":{"line":114,"column":18},"end":{"line":115,"column":57}},"type":"cond-expr","locations":[{"start":{"line":114,"column":42},"end":{"line":114,"column":49}},{"start":{"line":115,"column":18},"end":{"line":115,"column":57}}],"line":114},"19":{"loc":{"start":{"line":115,"column":18},"end":{"line":115,"column":57}},"type":"cond-expr","locations":[{"start":{"line":115,"column":42},"end":{"line":115,"column":48}},{"start":{"line":115,"column":51},"end":{"line":115,"column":57}}],"line":115},"20":{"loc":{"start":{"line":123,"column":25},"end":{"line":123,"column":37}},"type":"default-arg","locations":[{"start":{"line":123,"column":33},"end":{"line":123,"column":37}}],"line":123},"21":{"loc":{"start":{"line":124,"column":4},"end":{"line":134,"column":5}},"type":"if","locations":[{"start":{"line":124,"column":4},"end":{"line":134,"column":5}},{"start":{"line":129,"column":11},"end":{"line":134,"column":5}}],"line":124}},"s":{"0":0,"1":0,"2":0,"3":0,"4":0,"5":0,"6":0,"7":0,"8":0,"9":0,"10":0,"11":0,"12":0,"13":0,"14":0,"15":0,"16":0,"17":0,"18":0,"19":0,"20":0,"21":0,"22":0,"23":0,"24":0,"25":0,"26":0,"27":0,"28":0,"29":0,"30":0,"31":0},"f":{"0":0,"1":0,"2":0,"3":0,"4":0,"5":0,"6":0,"7":0,"8":0,"9":0,"10":0},"b":{"0":[0,0],"1":[0,0],"2":[0,0],"3":[0],"4":[0],"5":[0,0],"6":[0,0],"7":[0],"8":[0,0],"9":[0],"10":[0,0],"11":[0],"12":[0,0],"13":[0],"14":[0],"15":[0,0],"16":[0,0],"17":[0,0],"18":[0,0],"19":[0,0],"20":[0],"21":[0,0]}}
,"/home/maroun/Documents/bore/backend/utils/naming-convention.js": {"path":"/home/maroun/Documents/bore/backend/utils/naming-convention.js","statementMap":{"0":{"start":{"line":15,"column":2},"end":{"line":15,"column":71}},"1":{"start":{"line":15,"column":49},"end":{"line":15,"column":69}},"2":{"start":{"line":24,"column":2},"end":{"line":24,"column":69}},"3":{"start":{"line":24,"column":41},"end":{"line":24,"column":67}},"4":{"start":{"line":33,"column":2},"end":{"line":35,"column":3}},"5":{"start":{"line":34,"column":4},"end":{"line":34,"column":15}},"6":{"start":{"line":37,"column":2},"end":{"line":39,"column":3}},"7":{"start":{"line":38,"column":4},"end":{"line":38,"column":46}},"8":{"start":{"line":38,"column":27},"end":{"line":38,"column":44}},"9":{"start":{"line":41,"column":2},"end":{"line":47,"column":3}},"10":{"start":{"line":42,"column":4},"end":{"line":46,"column":11}},"11":{"start":{"line":43,"column":23},"end":{"line":43,"column":40}},"12":{"start":{"line":44,"column":6},"end":{"line":44,"column":47}},"13":{"start":{"line":45,"column":6},"end":{"line":45,"column":20}},"14":{"start":{"line":49,"column":2},"end":{"line":49,"column":13}},"15":{"start":{"line":58,"column":2},"end":{"line":60,"column":3}},"16":{"start":{"line":59,"column":4},"end":{"line":59,"column":15}},"17":{"start":{"line":62,"column":2},"end":{"line":64,"column":3}},"18":{"start":{"line":63,"column":4},"end":{"line":63,"column":46}},"19":{"start":{"line":63,"column":27},"end":{"line":63,"column":44}},"20":{"start":{"line":66,"column":2},"end":{"line":72,"column":3}},"21":{"start":{"line":67,"column":4},"end":{"line":71,"column":11}},"22":{"start":{"line":68,"column":23},"end":{"line":68,"column":40}},"23":{"start":{"line":69,"column":6},"end":{"line":69,"column":47}},"24":{"start":{"line":70,"column":6},"end":{"line":70,"column":20}},"25":{"start":{"line":74,"column":2},"end":{"line":74,"column":13}},"26":{"start":{"line":81,"column":23},"end":{"line":128,"column":1}},"27":{"start":{"line":136,"column":2},"end":{"line":136,"column":60}},"28":{"start":{"line":146,"column":19},"end":{"line":148,"column":3}},"29":{"start":{"line":147,"column":11},"end":{"line":147,"column":42}},"30":{"start":{"line":149,"column":2},"end":{"line":149,"column":43}},"31":{"start":{"line":159,"column":2},"end":{"line":161,"column":3}},"32":{"start":{"line":160,"column":4},"end":{"line":160,"column":16}},"33":{"start":{"line":163,"column":21},"end":{"line":163,"column":23}},"34":{"start":{"line":165,"column":2},"end":{"line":178,"column":3}},"35":{"start":{"line":167,"column":4},"end":{"line":177,"column":5}},"36":{"start":{"line":168,"column":6},"end":{"line":168,"column":46}},"37":{"start":{"line":171,"column":9},"end":{"line":177,"column":5}},"38":{"start":{"line":172,"column":6},"end":{"line":172,"column":30}},"39":{"start":{"line":176,"column":6},"end":{"line":176,"column":44}},"40":{"start":{"line":180,"column":2},"end":{"line":180,"column":20}},"41":{"start":{"line":190,"column":2},"end":{"line":190,"column":23}},"42":{"start":{"line":190,"column":12},"end":{"line":190,"column":23}},"43":{"start":{"line":191,"column":2},"end":{"line":191,"column":26}},"44":{"start":{"line":200,"column":2},"end":{"line":200,"column":49}},"45":{"start":{"line":200,"column":37},"end":{"line":200,"column":49}},"46":{"start":{"line":201,"column":2},"end":{"line":201,"column":43}},"47":{"start":{"line":201,"column":25},"end":{"line":201,"column":41}},"48":{"start":{"line":204,"column":0},"end":{"line":215,"column":2}}},"fnMap":{"0":{"name":"snakeToCamel","decl":{"start":{"line":14,"column":9},"end":{"line":14,"column":21}},"loc":{"start":{"line":14,"column":27},"end":{"line":16,"column":1}},"line":14},"1":{"name":"(anonymous_1)","decl":{"start":{"line":15,"column":34},"end":{"line":15,"column":35}},"loc":{"start":{"line":15,"column":49},"end":{"line":15,"column":69}},"line":15},"2":{"name":"camelToSnake","decl":{"start":{"line":23,"column":9},"end":{"line":23,"column":21}},"loc":{"start":{"line":23,"column":27},"end":{"line":25,"column":1}},"line":23},"3":{"name":"(anonymous_3)","decl":{"start":{"line":24,"column":31},"end":{"line":24,"column":32}},"loc":{"start":{"line":24,"column":41},"end":{"line":24,"column":67}},"line":24},"4":{"name":"keysToCamel","decl":{"start":{"line":32,"column":9},"end":{"line":32,"column":20}},"loc":{"start":{"line":32,"column":26},"end":{"line":50,"column":1}},"line":32},"5":{"name":"(anonymous_5)","decl":{"start":{"line":38,"column":19},"end":{"line":38,"column":20}},"loc":{"start":{"line":38,"column":27},"end":{"line":38,"column":44}},"line":38},"6":{"name":"(anonymous_6)","decl":{"start":{"line":42,"column":35},"end":{"line":42,"column":36}},"loc":{"start":{"line":42,"column":52},"end":{"line":46,"column":5}},"line":42},"7":{"name":"keysToSnake","decl":{"start":{"line":57,"column":9},"end":{"line":57,"column":20}},"loc":{"start":{"line":57,"column":26},"end":{"line":75,"column":1}},"line":57},"8":{"name":"(anonymous_8)","decl":{"start":{"line":63,"column":19},"end":{"line":63,"column":20}},"loc":{"start":{"line":63,"column":27},"end":{"line":63,"column":44}},"line":63},"9":{"name":"(anonymous_9)","decl":{"start":{"line":67,"column":35},"end":{"line":67,"column":36}},"loc":{"start":{"line":67,"column":52},"end":{"line":71,"column":5}},"line":67},"10":{"name":"apiToDb","decl":{"start":{"line":135,"column":9},"end":{"line":135,"column":16}},"loc":{"start":{"line":135,"column":27},"end":{"line":137,"column":1}},"line":135},"11":{"name":"dbToApi","decl":{"start":{"line":144,"column":9},"end":{"line":144,"column":16}},"loc":{"start":{"line":144,"column":26},"end":{"line":150,"column":1}},"line":144},"12":{"name":"(anonymous_12)","decl":{"start":{"line":147,"column":4},"end":{"line":147,"column":5}},"loc":{"start":{"line":147,"column":11},"end":{"line":147,"column":42}},"line":147},"13":{"name":"normalizeRequestBody","decl":{"start":{"line":158,"column":9},"end":{"line":158,"column":29}},"loc":{"start":{"line":158,"column":36},"end":{"line":181,"column":1}},"line":158},"14":{"name":"formatDbRow","decl":{"start":{"line":189,"column":9},"end":{"line":189,"column":20}},"loc":{"start":{"line":189,"column":26},"end":{"line":192,"column":1}},"line":189},"15":{"name":"formatDbRows","decl":{"start":{"line":199,"column":9},"end":{"line":199,"column":21}},"loc":{"start":{"line":199,"column":28},"end":{"line":202,"column":1}},"line":199},"16":{"name":"(anonymous_16)","decl":{"start":{"line":201,"column":18},"end":{"line":201,"column":19}},"loc":{"start":{"line":201,"column":25},"end":{"line":201,"column":41}},"line":201}},"branchMap":{"0":{"loc":{"start":{"line":33,"column":2},"end":{"line":35,"column":3}},"type":"if","locations":[{"start":{"line":33,"column":2},"end":{"line":35,"column":3}},{"start":{},"end":{}}],"line":33},"1":{"loc":{"start":{"line":33,"column":6},"end":{"line":33,"column":39}},"type":"binary-expr","locations":[{"start":{"line":33,"column":6},"end":{"line":33,"column":18}},{"start":{"line":33,"column":22},"end":{"line":33,"column":39}}],"line":33},"2":{"loc":{"start":{"line":37,"column":2},"end":{"line":39,"column":3}},"type":"if","locations":[{"start":{"line":37,"column":2},"end":{"line":39,"column":3}},{"start":{},"end":{}}],"line":37},"3":{"loc":{"start":{"line":41,"column":2},"end":{"line":47,"column":3}},"type":"if","locations":[{"start":{"line":41,"column":2},"end":{"line":47,"column":3}},{"start":{},"end":{}}],"line":41},"4":{"loc":{"start":{"line":41,"column":6},"end":{"line":41,"column":59}},"type":"binary-expr","locations":[{"start":{"line":41,"column":6},"end":{"line":41,"column":29}},{"start":{"line":41,"column":33},"end":{"line":41,"column":59}}],"line":41},"5":{"loc":{"start":{"line":58,"column":2},"end":{"line":60,"column":3}},"type":"if","locations":[{"start":{"line":58,"column":2},"end":{"line":60,"column":3}},{"start":{},"end":{}}],"line":58},"6":{"loc":{"start":{"line":58,"column":6},"end":{"line":58,"column":39}},"type":"binary-expr","locations":[{"start":{"line":58,"column":6},"end":{"line":58,"column":18}},{"start":{"line":58,"column":22},"end":{"line":58,"column":39}}],"line":58},"7":{"loc":{"start":{"line":62,"column":2},"end":{"line":64,"column":3}},"type":"if","locations":[{"start":{"line":62,"column":2},"end":{"line":64,"column":3}},{"start":{},"end":{}}],"line":62},"8":{"loc":{"start":{"line":66,"column":2},"end":{"line":72,"column":3}},"type":"if","locations":[{"start":{"line":66,"column":2},"end":{"line":72,"column":3}},{"start":{},"end":{}}],"line":66},"9":{"loc":{"start":{"line":66,"column":6},"end":{"line":66,"column":59}},"type":"binary-expr","locations":[{"start":{"line":66,"column":6},"end":{"line":66,"column":29}},{"start":{"line":66,"column":33},"end":{"line":66,"column":59}}],"line":66},"10":{"loc":{"start":{"line":136,"column":9},"end":{"line":136,"column":59}},"type":"binary-expr","locations":[{"start":{"line":136,"column":9},"end":{"line":136,"column":33}},{"start":{"line":136,"column":37},"end":{"line":136,"column":59}}],"line":136},"11":{"loc":{"start":{"line":149,"column":9},"end":{"line":149,"column":42}},"type":"binary-expr","locations":[{"start":{"line":149,"column":9},"end":{"line":149,"column":17}},{"start":{"line":149,"column":21},"end":{"line":149,"column":42}}],"line":149},"12":{"loc":{"start":{"line":159,"column":2},"end":{"line":161,"column":3}},"type":"if","locations":[{"start":{"line":159,"column":2},"end":{"line":161,"column":3}},{"start":{},"end":{}}],"line":159},"13":{"loc":{"start":{"line":159,"column":6},"end":{"line":159,"column":39}},"type":"binary-expr","locations":[{"start":{"line":159,"column":6},"end":{"line":159,"column":11}},{"start":{"line":159,"column":15},"end":{"line":159,"column":39}}],"line":159},"14":{"loc":{"start":{"line":167,"column":4},"end":{"line":177,"column":5}},"type":"if","locations":[{"start":{"line":167,"column":4},"end":{"line":177,"column":5}},{"start":{"line":171,"column":9},"end":{"line":177,"column":5}}],"line":167},"15":{"loc":{"start":{"line":171,"column":9},"end":{"line":177,"column":5}},"type":"if","locations":[{"start":{"line":171,"column":9},"end":{"line":177,"column":5}},{"start":{"line":175,"column":9},"end":{"line":177,"column":5}}],"line":171},"16":{"loc":{"start":{"line":190,"column":2},"end":{"line":190,"column":23}},"type":"if","locations":[{"start":{"line":190,"column":2},"end":{"line":190,"column":23}},{"start":{},"end":{}}],"line":190},"17":{"loc":{"start":{"line":200,"column":2},"end":{"line":200,"column":49}},"type":"if","locations":[{"start":{"line":200,"column":2},"end":{"line":200,"column":49}},{"start":{},"end":{}}],"line":200},"18":{"loc":{"start":{"line":200,"column":6},"end":{"line":200,"column":35}},"type":"binary-expr","locations":[{"start":{"line":200,"column":6},"end":{"line":200,"column":11}},{"start":{"line":200,"column":15},"end":{"line":200,"column":35}}],"line":200}},"s":{"0":37,"1":29,"2":18,"3":12,"4":40,"5":2,"6":38,"7":1,"8":2,"9":37,"10":9,"11":29,"12":29,"13":29,"14":28,"15":9,"16":0,"17":9,"18":0,"19":0,"20":9,"21":3,"22":7,"23":7,"24":7,"25":6,"26":1,"27":4,"28":4,"29":55,"30":4,"31":7,"32":0,"33":7,"34":7,"35":18,"36":9,"37":9,"38":6,"39":3,"40":7,"41":6,"42":2,"43":4,"44":3,"45":2,"46":1,"47":2,"48":1},"f":{"0":37,"1":29,"2":18,"3":12,"4":40,"5":2,"6":29,"7":9,"8":0,"9":7,"10":4,"11":4,"12":55,"13":7,"14":6,"15":3,"16":2},"b":{"0":[2,38],"1":[40,39],"2":[1,37],"3":[9,28],"4":[37,9],"5":[0,9],"6":[9,9],"7":[0,9],"8":[3,6],"9":[9,3],"10":[4,1],"11":[4,1],"12":[0,7],"13":[7,7],"14":[9,9],"15":[6,3],"16":[2,4],"17":[2,1],"18":[3,1]},"_coverageSchema":"1a1c01bbd47fc00a2c39e90264f33305004495a9","hash":"92e20ebb7506fc9c5d8f3829845d228f7c9de7ea"}
}
