{"/home/maroun/Documents/bore/backend/alerting.ts": {"path":"/home/maroun/Documents/bore/backend/alerting.ts","statementMap":{"0":{"start":{"line":199,"column":9},"end":{"line":199,"column":18}},"1":{"start":{"line":1,"column":0},"end":{"line":1,"column":26}},"2":{"start":{"line":2,"column":0},"end":{"line":2,"column":32}},"3":{"start":{"line":3,"column":0},"end":{"line":3,"column":46}},"4":{"start":{"line":5,"column":15},"end":{"line":5,"column":39}},"5":{"start":{"line":16,"column":28},"end":{"line":22,"column":2}},"6":{"start":{"line":199,"column":28},"end":{"line":199,"column":34}},"7":{"start":{"line":25,"column":22},"end":{"line":25,"column":47}},"8":{"start":{"line":31,"column":2},"end":{"line":31,"column":38}},"9":{"start":{"line":31,"column":31},"end":{"line":31,"column":38}},"10":{"start":{"line":33,"column":18},"end":{"line":39,"column":4}},"11":{"start":{"line":41,"column":14},"end":{"line":41,"column":45}},"12":{"start":{"line":43,"column":2},"end":{"line":63,"column":5}},"13":{"start":{"line":44,"column":16},"end":{"line":58,"column":6}},"14":{"start":{"line":53,"column":6},"end":{"line":57,"column":7}},"15":{"start":{"line":54,"column":8},"end":{"line":54,"column":18}},"16":{"start":{"line":56,"column":8},"end":{"line":56,"column":66}},"17":{"start":{"line":60,"column":4},"end":{"line":60,"column":28}},"18":{"start":{"line":61,"column":4},"end":{"line":61,"column":23}},"19":{"start":{"line":62,"column":4},"end":{"line":62,"column":14}},"20":{"start":{"line":70,"column":2},"end":{"line":70,"column":53}},"21":{"start":{"line":70,"column":46},"end":{"line":70,"column":53}},"22":{"start":{"line":72,"column":18},"end":{"line":82,"column":4}},"23":{"start":{"line":84,"column":2},"end":{"line":105,"column":5}},"24":{"start":{"line":85,"column":16},"end":{"line":100,"column":6}},"25":{"start":{"line":95,"column":6},"end":{"line":99,"column":7}},"26":{"start":{"line":96,"column":8},"end":{"line":96,"column":18}},"27":{"start":{"line":98,"column":8},"end":{"line":98,"column":69}},"28":{"start":{"line":102,"column":4},"end":{"line":102,"column":28}},"29":{"start":{"line":103,"column":4},"end":{"line":103,"column":23}},"30":{"start":{"line":104,"column":4},"end":{"line":104,"column":14}},"31":{"start":{"line":112,"column":19},"end":{"line":112,"column":48}},"32":{"start":{"line":113,"column":2},"end":{"line":113,"column":29}},"33":{"start":{"line":113,"column":17},"end":{"line":113,"column":29}},"34":{"start":{"line":114,"column":2},"end":{"line":114,"column":58}},"35":{"start":{"line":122,"column":2},"end":{"line":125,"column":3}},"36":{"start":{"line":123,"column":4},"end":{"line":123,"column":86}},"37":{"start":{"line":124,"column":4},"end":{"line":124,"column":11}},"38":{"start":{"line":127,"column":2},"end":{"line":127,"column":44}},"39":{"start":{"line":129,"column":22},"end":{"line":129,"column":96}},"40":{"start":{"line":132,"column":2},"end":{"line":139,"column":3}},"41":{"start":{"line":133,"column":4},"end":{"line":138,"column":5}},"42":{"start":{"line":134,"column":6},"end":{"line":134,"column":66}},"43":{"start":{"line":135,"column":6},"end":{"line":135,"column":92}},"44":{"start":{"line":137,"column":6},"end":{"line":137,"column":106}},"45":{"start":{"line":142,"column":2},"end":{"line":150,"column":3}},"46":{"start":{"line":143,"column":4},"end":{"line":149,"column":5}},"47":{"start":{"line":144,"column":22},"end":{"line":144,"column":66}},"48":{"start":{"line":145,"column":6},"end":{"line":145,"column":49}},"49":{"start":{"line":146,"column":6},"end":{"line":146,"column":92}},"50":{"start":{"line":148,"column":6},"end":{"line":148,"column":106}},"51":{"start":{"line":153,"column":2},"end":{"line":157,"column":3}},"52":{"start":{"line":154,"column":4},"end":{"line":154,"column":55}},"53":{"start":{"line":156,"column":4},"end":{"line":156,"column":96}},"54":{"start":{"line":164,"column":41},"end":{"line":170,"column":4}},"55":{"start":{"line":171,"column":2},"end":{"line":171,"column":40}},"56":{"start":{"line":177,"column":15},"end":{"line":197,"column":2}},"57":{"start":{"line":179,"column":4},"end":{"line":180,"column":63}},"58":{"start":{"line":183,"column":4},"end":{"line":184,"column":62}},"59":{"start":{"line":187,"column":4},"end":{"line":188,"column":72}},"60":{"start":{"line":191,"column":4},"end":{"line":192,"column":49}},"61":{"start":{"line":195,"column":4},"end":{"line":196,"column":61}},"62":{"start":{"line":199,"column":20},"end":{"line":199,"column":26}}},"fnMap":{"0":{"name":"sendSlackAlert","decl":{"start":{"line":30,"column":15},"end":{"line":30,"column":29}},"loc":{"start":{"line":30,"column":72},"end":{"line":64,"column":1}}},"1":{"name":"(anonymous_2)","decl":{"start":{"line":43,"column":21},"end":{"line":43,"column":22}},"loc":{"start":{"line":43,"column":41},"end":{"line":63,"column":3}}},"2":{"name":"(anonymous_3)","decl":{"start":{"line":52,"column":7},"end":{"line":52,"column":8}},"loc":{"start":{"line":52,"column":15},"end":{"line":58,"column":5}}},"3":{"name":"sendEmailAlert","decl":{"start":{"line":69,"column":15},"end":{"line":69,"column":29}},"loc":{"start":{"line":69,"column":59},"end":{"line":106,"column":1}}},"4":{"name":"(anonymous_5)","decl":{"start":{"line":84,"column":21},"end":{"line":84,"column":22}},"loc":{"start":{"line":84,"column":41},"end":{"line":105,"column":3}}},"5":{"name":"(anonymous_6)","decl":{"start":{"line":94,"column":7},"end":{"line":94,"column":8}},"loc":{"start":{"line":94,"column":15},"end":{"line":100,"column":5}}},"6":{"name":"canSendAlert","decl":{"start":{"line":111,"column":9},"end":{"line":111,"column":21}},"loc":{"start":{"line":111,"column":40},"end":{"line":115,"column":1}}},"7":{"name":"sendAlert","decl":{"start":{"line":120,"column":15},"end":{"line":120,"column":24}},"loc":{"start":{"line":120,"column":101},"end":{"line":158,"column":1}}},"8":{"name":"getAlertColor","decl":{"start":{"line":163,"column":9},"end":{"line":163,"column":22}},"loc":{"start":{"line":163,"column":40},"end":{"line":172,"column":1}}},"9":{"name":"(anonymous_10)","decl":{"start":{"line":178,"column":11},"end":{"line":178,"column":12}},"loc":{"start":{"line":179,"column":4},"end":{"line":180,"column":63}}},"10":{"name":"(anonymous_11)","decl":{"start":{"line":182,"column":12},"end":{"line":182,"column":13}},"loc":{"start":{"line":183,"column":4},"end":{"line":184,"column":62}}},"11":{"name":"(anonymous_12)","decl":{"start":{"line":186,"column":8},"end":{"line":186,"column":9}},"loc":{"start":{"line":187,"column":4},"end":{"line":188,"column":72}}},"12":{"name":"(anonymous_13)","decl":{"start":{"line":190,"column":13},"end":{"line":190,"column":14}},"loc":{"start":{"line":191,"column":4},"end":{"line":192,"column":49}}},"13":{"name":"(anonymous_14)","decl":{"start":{"line":194,"column":17},"end":{"line":194,"column":18}},"loc":{"start":{"line":195,"column":4},"end":{"line":196,"column":61}}}},"branchMap":{"0":{"loc":{"start":{"line":17,"column":19},"end":{"line":17,"column":56}},"type":"binary-expr","locations":[{"start":{"line":17,"column":19},"end":{"line":17,"column":48}},{"start":{"line":17,"column":52},"end":{"line":17,"column":56}}]},"1":{"loc":{"start":{"line":18,"column":15},"end":{"line":18,"column":51}},"type":"binary-expr","locations":[{"start":{"line":18,"column":15},"end":{"line":18,"column":43}},{"start":{"line":18,"column":47},"end":{"line":18,"column":51}}]},"2":{"loc":{"start":{"line":19,"column":13},"end":{"line":19,"column":62}},"type":"binary-expr","locations":[{"start":{"line":19,"column":13},"end":{"line":19,"column":41}},{"start":{"line":19,"column":45},"end":{"line":19,"column":62}}]},"3":{"loc":{"start":{"line":20,"column":11},"end":{"line":20,"column":45}},"type":"binary-expr","locations":[{"start":{"line":20,"column":11},"end":{"line":20,"column":37}},{"start":{"line":20,"column":41},"end":{"line":20,"column":45}}]},"4":{"loc":{"start":{"line":30,"column":47},"end":{"line":30,"column":72}},"type":"default-arg","locations":[{"start":{"line":30,"column":63},"end":{"line":30,"column":72}}]},"5":{"loc":{"start":{"line":31,"column":2},"end":{"line":31,"column":38}},"type":"if","locations":[{"start":{"line":31,"column":2},"end":{"line":31,"column":38}}]},"6":{"loc":{"start":{"line":53,"column":6},"end":{"line":57,"column":7}},"type":"if","locations":[{"start":{"line":53,"column":6},"end":{"line":57,"column":7}},{"start":{"line":55,"column":13},"end":{"line":57,"column":7}}]},"7":{"loc":{"start":{"line":53,"column":10},"end":{"line":53,"column":73}},"type":"binary-expr","locations":[{"start":{"line":53,"column":10},"end":{"line":53,"column":24}},{"start":{"line":53,"column":28},"end":{"line":53,"column":49}},{"start":{"line":53,"column":53},"end":{"line":53,"column":73}}]},"8":{"loc":{"start":{"line":70,"column":2},"end":{"line":70,"column":53}},"type":"if","locations":[{"start":{"line":70,"column":2},"end":{"line":70,"column":53}}]},"9":{"loc":{"start":{"line":70,"column":6},"end":{"line":70,"column":44}},"type":"binary-expr","locations":[{"start":{"line":70,"column":6},"end":{"line":70,"column":25}},{"start":{"line":70,"column":29},"end":{"line":70,"column":44}}]},"10":{"loc":{"start":{"line":95,"column":6},"end":{"line":99,"column":7}},"type":"if","locations":[{"start":{"line":95,"column":6},"end":{"line":99,"column":7}},{"start":{"line":97,"column":13},"end":{"line":99,"column":7}}]},"11":{"loc":{"start":{"line":95,"column":10},"end":{"line":95,"column":73}},"type":"binary-expr","locations":[{"start":{"line":95,"column":10},"end":{"line":95,"column":24}},{"start":{"line":95,"column":28},"end":{"line":95,"column":49}},{"start":{"line":95,"column":53},"end":{"line":95,"column":73}}]},"12":{"loc":{"start":{"line":113,"column":2},"end":{"line":113,"column":29}},"type":"if","locations":[{"start":{"line":113,"column":2},"end":{"line":113,"column":29}}]},"13":{"loc":{"start":{"line":122,"column":2},"end":{"line":125,"column":3}},"type":"if","locations":[{"start":{"line":122,"column":2},"end":{"line":125,"column":3}}]},"14":{"loc":{"start":{"line":132,"column":2},"end":{"line":139,"column":3}},"type":"if","locations":[{"start":{"line":132,"column":2},"end":{"line":139,"column":3}}]},"15":{"loc":{"start":{"line":142,"column":2},"end":{"line":150,"column":3}},"type":"if","locations":[{"start":{"line":142,"column":2},"end":{"line":150,"column":3}}]},"16":{"loc":{"start":{"line":142,"column":6},"end":{"line":142,"column":42}},"type":"binary-expr","locations":[{"start":{"line":142,"column":6},"end":{"line":142,"column":24}},{"start":{"line":142,"column":28},"end":{"line":142,"column":42}}]},"17":{"loc":{"start":{"line":171,"column":9},"end":{"line":171,"column":39}},"type":"binary-expr","locations":[{"start":{"line":171,"column":9},"end":{"line":171,"column":26}},{"start":{"line":171,"column":30},"end":{"line":171,"column":39}}]}},"s":{"0":0,"1":0,"2":0,"3":0,"4":0,"5":0,"6":0,"7":0,"8":0,"9":0,"10":0,"11":0,"12":0,"13":0,"14":0,"15":0,"16":0,"17":0,"18":0,"19":0,"20":0,"21":0,"22":0,"23":0,"24":0,"25":0,"26":0,"27":0,"28":0,"29":0,"30":0,"31":0,"32":0,"33":0,"34":0,"35":0,"36":0,"37":0,"38":0,"39":0,"40":0,"41":0,"42":0,"43":0,"44":0,"45":0,"46":0,"47":0,"48":0,"49":0,"50":0,"51":0,"52":0,"53":0,"54":0,"55":0,"56":0,"57":0,"58":0,"59":0,"60":0,"61":0,"62":0},"f":{"0":0,"1":0,"2":0,"3":0,"4":0,"5":0,"6":0,"7":0,"8":0,"9":0,"10":0,"11":0,"12":0,"13":0},"b":{"0":[0,0],"1":[0,0],"2":[0,0],"3":[0,0],"4":[0],"5":[0],"6":[0,0],"7":[0,0,0],"8":[0],"9":[0,0],"10":[0,0],"11":[0,0,0],"12":[0],"13":[0],"14":[0],"15":[0],"16":[0,0],"17":[0,0]}}
,"/home/maroun/Documents/bore/backend/auth-middleware.ts": {"path":"/home/maroun/Documents/bore/backend/auth-middleware.ts","statementMap":{"0":{"start":{"line":73,"column":0},"end":{"line":73,"column":16}},"1":{"start":{"line":113,"column":0},"end":{"line":113,"column":7}},"2":{"start":{"line":157,"column":0},"end":{"line":157,"column":16}},"3":{"start":{"line":195,"column":0},"end":{"line":195,"column":16}},"4":{"start":{"line":210,"column":0},"end":{"line":210,"column":16}},"5":{"start":{"line":1,"column":0},"end":{"line":1,"column":31}},"6":{"start":{"line":3,"column":0},"end":{"line":3,"column":30}},"7":{"start":{"line":4,"column":0},"end":{"line":4,"column":32}},"8":{"start":{"line":7,"column":19},"end":{"line":7,"column":44}},"9":{"start":{"line":240,"column":9},"end":{"line":240,"column":19}},"10":{"start":{"line":8,"column":25},"end":{"line":8,"column":55}},"11":{"start":{"line":9,"column":17},"end":{"line":9,"column":38}},"12":{"start":{"line":12,"column":0},"end":{"line":14,"column":1}},"13":{"start":{"line":13,"column":2},"end":{"line":13,"column":76}},"14":{"start":{"line":74,"column":21},"end":{"line":74,"column":46}},"15":{"start":{"line":76,"column":2},"end":{"line":82,"column":3}},"16":{"start":{"line":77,"column":4},"end":{"line":80,"column":7}},"17":{"start":{"line":81,"column":4},"end":{"line":81,"column":11}},"18":{"start":{"line":84,"column":16},"end":{"line":84,"column":40}},"19":{"start":{"line":86,"column":2},"end":{"line":92,"column":3}},"20":{"start":{"line":87,"column":4},"end":{"line":90,"column":7}},"21":{"start":{"line":91,"column":4},"end":{"line":91,"column":11}},"22":{"start":{"line":94,"column":2},"end":{"line":107,"column":3}},"23":{"start":{"line":95,"column":20},"end":{"line":95,"column":63}},"24":{"start":{"line":96,"column":4},"end":{"line":100,"column":6}},"25":{"start":{"line":101,"column":4},"end":{"line":101,"column":11}},"26":{"start":{"line":103,"column":4},"end":{"line":106,"column":7}},"27":{"start":{"line":114,"column":2},"end":{"line":151,"column":3}},"28":{"start":{"line":115,"column":20},"end":{"line":115,"column":47}},"29":{"start":{"line":117,"column":4},"end":{"line":123,"column":5}},"30":{"start":{"line":118,"column":6},"end":{"line":121,"column":9}},"31":{"start":{"line":122,"column":6},"end":{"line":122,"column":13}},"32":{"start":{"line":125,"column":17},"end":{"line":125,"column":59}},"33":{"start":{"line":127,"column":4},"end":{"line":133,"column":5}},"34":{"start":{"line":128,"column":6},"end":{"line":131,"column":9}},"35":{"start":{"line":132,"column":6},"end":{"line":132,"column":13}},"36":{"start":{"line":135,"column":5},"end":{"line":143,"column":6}},"37":{"start":{"line":144,"column":4},"end":{"line":144,"column":11}},"38":{"start":{"line":146,"column":4},"end":{"line":146,"column":47}},"39":{"start":{"line":147,"column":4},"end":{"line":150,"column":7}},"40":{"start":{"line":160,"column":2},"end":{"line":164,"column":3}},"41":{"start":{"line":161,"column":4},"end":{"line":161,"column":96}},"42":{"start":{"line":162,"column":4},"end":{"line":162,"column":11}},"43":{"start":{"line":163,"column":4},"end":{"line":163,"column":11}},"44":{"start":{"line":166,"column":19},"end":{"line":166,"column":51}},"45":{"start":{"line":167,"column":2},"end":{"line":173,"column":3}},"46":{"start":{"line":168,"column":4},"end":{"line":171,"column":7}},"47":{"start":{"line":172,"column":4},"end":{"line":172,"column":11}},"48":{"start":{"line":175,"column":2},"end":{"line":175,"column":9}},"49":{"start":{"line":181,"column":13},"end":{"line":181,"column":82}},"50":{"start":{"line":196,"column":2},"end":{"line":204,"column":4}},"51":{"start":{"line":211,"column":21},"end":{"line":211,"column":46}},"52":{"start":{"line":213,"column":2},"end":{"line":216,"column":3}},"53":{"start":{"line":214,"column":4},"end":{"line":214,"column":11}},"54":{"start":{"line":215,"column":4},"end":{"line":215,"column":11}},"55":{"start":{"line":218,"column":16},"end":{"line":218,"column":40}},"56":{"start":{"line":220,"column":2},"end":{"line":223,"column":3}},"57":{"start":{"line":221,"column":4},"end":{"line":221,"column":11}},"58":{"start":{"line":222,"column":4},"end":{"line":222,"column":11}},"59":{"start":{"line":225,"column":2},"end":{"line":234,"column":3}},"60":{"start":{"line":226,"column":20},"end":{"line":226,"column":63}},"61":{"start":{"line":227,"column":4},"end":{"line":231,"column":6}},"62":{"start":{"line":236,"column":2},"end":{"line":236,"column":9}}},"fnMap":{"0":{"name":"authenticateJWT","decl":{"start":{"line":73,"column":16},"end":{"line":73,"column":31}},"loc":{"start":{"line":73,"column":79},"end":{"line":108,"column":1}}},"1":{"name":"requireAdmin","decl":{"start":{"line":113,"column":22},"end":{"line":113,"column":34}},"loc":{"start":{"line":113,"column":82},"end":{"line":152,"column":1}}},"2":{"name":"requireInternalApiKey","decl":{"start":{"line":157,"column":16},"end":{"line":157,"column":37}},"loc":{"start":{"line":157,"column":85},"end":{"line":176,"column":1}}},"3":{"name":"generateToken","decl":{"start":{"line":195,"column":16},"end":{"line":195,"column":29}},"loc":{"start":{"line":195,"column":48},"end":{"line":205,"column":1}}},"4":{"name":"optionalAuth","decl":{"start":{"line":210,"column":16},"end":{"line":210,"column":28}},"loc":{"start":{"line":210,"column":77},"end":{"line":237,"column":1}}}},"branchMap":{"0":{"loc":{"start":{"line":12,"column":0},"end":{"line":14,"column":1}},"type":"if","locations":[{"start":{"line":12,"column":0},"end":{"line":14,"column":1}}]},"1":{"loc":{"start":{"line":12,"column":4},"end":{"line":12,"column":81}},"type":"binary-expr","locations":[{"start":{"line":12,"column":4},"end":{"line":12,"column":29}},{"start":{"line":12,"column":33},"end":{"line":12,"column":81}}]},"2":{"loc":{"start":{"line":76,"column":2},"end":{"line":82,"column":3}},"type":"if","locations":[{"start":{"line":76,"column":2},"end":{"line":82,"column":3}}]},"3":{"loc":{"start":{"line":86,"column":2},"end":{"line":92,"column":3}},"type":"if","locations":[{"start":{"line":86,"column":2},"end":{"line":92,"column":3}}]},"4":{"loc":{"start":{"line":99,"column":12},"end":{"line":99,"column":35}},"type":"binary-expr","locations":[{"start":{"line":99,"column":12},"end":{"line":99,"column":24}},{"start":{"line":99,"column":28},"end":{"line":99,"column":35}}]},"5":{"loc":{"start":{"line":117,"column":4},"end":{"line":123,"column":5}},"type":"if","locations":[{"start":{"line":117,"column":4},"end":{"line":123,"column":5}}]},"6":{"loc":{"start":{"line":127,"column":4},"end":{"line":133,"column":5}},"type":"if","locations":[{"start":{"line":127,"column":4},"end":{"line":133,"column":5}}]},"7":{"loc":{"start":{"line":127,"column":8},"end":{"line":127,"column":30}},"type":"binary-expr","locations":[{"start":{"line":127,"column":8},"end":{"line":127,"column":13}},{"start":{"line":127,"column":17},"end":{"line":127,"column":30}}]},"8":{"loc":{"start":{"line":141,"column":18},"end":{"line":141,"column":96}},"type":"cond-expr","locations":[{"start":{"line":141,"column":55},"end":{"line":141,"column":79}},{"start":{"line":141,"column":82},"end":{"line":141,"column":96}}]},"9":{"loc":{"start":{"line":142,"column":18},"end":{"line":142,"column":96}},"type":"cond-expr","locations":[{"start":{"line":142,"column":55},"end":{"line":142,"column":79}},{"start":{"line":142,"column":82},"end":{"line":142,"column":96}}]},"10":{"loc":{"start":{"line":160,"column":2},"end":{"line":164,"column":3}},"type":"if","locations":[{"start":{"line":160,"column":2},"end":{"line":164,"column":3}}]},"11":{"loc":{"start":{"line":160,"column":6},"end":{"line":160,"column":52}},"type":"binary-expr","locations":[{"start":{"line":160,"column":6},"end":{"line":160,"column":23}},{"start":{"line":160,"column":27},"end":{"line":160,"column":52}}]},"12":{"loc":{"start":{"line":167,"column":2},"end":{"line":173,"column":3}},"type":"if","locations":[{"start":{"line":167,"column":2},"end":{"line":173,"column":3}}]},"13":{"loc":{"start":{"line":167,"column":6},"end":{"line":167,"column":48}},"type":"binary-expr","locations":[{"start":{"line":167,"column":6},"end":{"line":167,"column":15}},{"start":{"line":167,"column":19},"end":{"line":167,"column":48}}]},"14":{"loc":{"start":{"line":200,"column":16},"end":{"line":200,"column":38}},"type":"binary-expr","locations":[{"start":{"line":200,"column":16},"end":{"line":200,"column":29}},{"start":{"line":200,"column":33},"end":{"line":200,"column":38}}]},"15":{"loc":{"start":{"line":213,"column":2},"end":{"line":216,"column":3}},"type":"if","locations":[{"start":{"line":213,"column":2},"end":{"line":216,"column":3}}]},"16":{"loc":{"start":{"line":220,"column":2},"end":{"line":223,"column":3}},"type":"if","locations":[{"start":{"line":220,"column":2},"end":{"line":223,"column":3}}]},"17":{"loc":{"start":{"line":230,"column":12},"end":{"line":230,"column":35}},"type":"binary-expr","locations":[{"start":{"line":230,"column":12},"end":{"line":230,"column":24}},{"start":{"line":230,"column":28},"end":{"line":230,"column":35}}]}},"s":{"0":0,"1":0,"2":0,"3":0,"4":0,"5":0,"6":0,"7":0,"8":0,"9":0,"10":0,"11":0,"12":0,"13":0,"14":0,"15":0,"16":0,"17":0,"18":0,"19":0,"20":0,"21":0,"22":0,"23":0,"24":0,"25":0,"26":0,"27":0,"28":0,"29":0,"30":0,"31":0,"32":0,"33":0,"34":0,"35":0,"36":0,"37":0,"38":0,"39":0,"40":0,"41":0,"42":0,"43":0,"44":0,"45":0,"46":0,"47":0,"48":0,"49":0,"50":0,"51":0,"52":0,"53":0,"54":0,"55":0,"56":0,"57":0,"58":0,"59":0,"60":0,"61":0,"62":0},"f":{"0":0,"1":0,"2":0,"3":0,"4":0},"b":{"0":[0],"1":[0,0],"2":[0],"3":[0],"4":[0,0],"5":[0],"6":[0],"7":[0,0],"8":[0,0],"9":[0,0],"10":[0],"11":[0,0],"12":[0],"13":[0,0],"14":[0,0],"15":[0],"16":[0],"17":[0,0]}}
,"/home/maroun/Documents/bore/backend/build-frontend.ts": {"path":"/home/maroun/Documents/bore/backend/build-frontend.ts","statementMap":{"0":{"start":{"line":7,"column":0},"end":{"line":7,"column":30}},"1":{"start":{"line":8,"column":0},"end":{"line":8,"column":24}},"2":{"start":{"line":9,"column":0},"end":{"line":9,"column":20}},"3":{"start":{"line":11,"column":14},"end":{"line":17,"column":2}},"4":{"start":{"line":21,"column":2},"end":{"line":21,"column":60}},"5":{"start":{"line":23,"column":24},"end":{"line":42,"column":4}},"6":{"start":{"line":24,"column":4},"end":{"line":41,"column":5}},"7":{"start":{"line":25,"column":6},"end":{"line":34,"column":9}},"8":{"start":{"line":36,"column":6},"end":{"line":36,"column":63}},"9":{"start":{"line":39,"column":6},"end":{"line":39,"column":60}},"10":{"start":{"line":40,"column":6},"end":{"line":40,"column":18}},"11":{"start":{"line":44,"column":2},"end":{"line":44,"column":35}},"12":{"start":{"line":47,"column":2},"end":{"line":47,"column":48}},"13":{"start":{"line":51,"column":0},"end":{"line":94,"column":1}},"14":{"start":{"line":53,"column":2},"end":{"line":53,"column":46}},"15":{"start":{"line":55,"column":2},"end":{"line":80,"column":5}},"16":{"start":{"line":56,"column":20},"end":{"line":56,"column":74}},"17":{"start":{"line":58,"column":4},"end":{"line":79,"column":7}},"18":{"start":{"line":59,"column":6},"end":{"line":78,"column":7}},"19":{"start":{"line":61,"column":8},"end":{"line":61,"column":60}},"20":{"start":{"line":62,"column":8},"end":{"line":77,"column":9}},"21":{"start":{"line":63,"column":10},"end":{"line":71,"column":13}},"22":{"start":{"line":73,"column":10},"end":{"line":73,"column":46}},"23":{"start":{"line":76,"column":10},"end":{"line":76,"column":84}},"24":{"start":{"line":83,"column":2},"end":{"line":83,"column":66}},"25":{"start":{"line":86,"column":2},"end":{"line":86,"column":30}},"26":{"start":{"line":89,"column":2},"end":{"line":93,"column":5}},"27":{"start":{"line":91,"column":4},"end":{"line":91,"column":46}},"28":{"start":{"line":92,"column":4},"end":{"line":92,"column":20}}},"fnMap":{"0":{"name":"build","decl":{"start":{"line":19,"column":15},"end":{"line":19,"column":20}},"loc":{"start":{"line":19,"column":20},"end":{"line":48,"column":1}}},"1":{"name":"(anonymous_2)","decl":{"start":{"line":23,"column":34},"end":{"line":23,"column":39}},"loc":{"start":{"line":23,"column":49},"end":{"line":42,"column":3}}},"2":{"name":"(anonymous_3)","decl":{"start":{"line":55,"column":16},"end":{"line":55,"column":17}},"loc":{"start":{"line":55,"column":25},"end":{"line":80,"column":3}}},"3":{"name":"(anonymous_4)","decl":{"start":{"line":58,"column":22},"end":{"line":58,"column":27}},"loc":{"start":{"line":58,"column":42},"end":{"line":79,"column":5}}},"4":{"name":"(anonymous_5)","decl":{"start":{"line":86,"column":14},"end":{"line":86,"column":17}},"loc":{"start":{"line":86,"column":19},"end":{"line":86,"column":22}}},"5":{"name":"(anonymous_6)","decl":{"start":{"line":89,"column":16},"end":{"line":89,"column":17}},"loc":{"start":{"line":89,"column":26},"end":{"line":93,"column":3}}}},"branchMap":{"0":{"loc":{"start":{"line":51,"column":0},"end":{"line":94,"column":1}},"type":"if","locations":[{"start":{"line":51,"column":0},"end":{"line":94,"column":1}},{"start":{"line":87,"column":7},"end":{"line":94,"column":1}}]},"1":{"loc":{"start":{"line":59,"column":6},"end":{"line":78,"column":7}},"type":"if","locations":[{"start":{"line":59,"column":6},"end":{"line":78,"column":7}}]}},"s":{"0":0,"1":0,"2":0,"3":0,"4":0,"5":0,"6":0,"7":0,"8":0,"9":0,"10":0,"11":0,"12":0,"13":0,"14":0,"15":0,"16":0,"17":0,"18":0,"19":0,"20":0,"21":0,"22":0,"23":0,"24":0,"25":0,"26":0,"27":0,"28":0},"f":{"0":0,"1":0,"2":0,"3":0,"4":0,"5":0},"b":{"0":[0,0],"1":[0]}}
,"/home/maroun/Documents/bore/backend/capacity-limiter.ts": {"path":"/home/maroun/Documents/bore/backend/capacity-limiter.ts","statementMap":{"0":{"start":{"line":90,"column":0},"end":{"line":90,"column":7}},"1":{"start":{"line":150,"column":0},"end":{"line":150,"column":7}},"2":{"start":{"line":214,"column":0},"end":{"line":214,"column":7}},"3":{"start":{"line":249,"column":0},"end":{"line":249,"column":7}},"4":{"start":{"line":303,"column":0},"end":{"line":303,"column":7}},"5":{"start":{"line":350,"column":0},"end":{"line":350,"column":7}},"6":{"start":{"line":365,"column":0},"end":{"line":365,"column":16}},"7":{"start":{"line":7,"column":0},"end":{"line":7,"column":32}},"8":{"start":{"line":8,"column":0},"end":{"line":8,"column":30}},"9":{"start":{"line":9,"column":0},"end":{"line":9,"column":40}},"10":{"start":{"line":15,"column":24},"end":{"line":15,"column":39}},"11":{"start":{"line":372,"column":9},"end":{"line":372,"column":24}},"12":{"start":{"line":18,"column":49},"end":{"line":22,"column":2}},"13":{"start":{"line":91,"column":2},"end":{"line":144,"column":3}},"14":{"start":{"line":93,"column":30},"end":{"line":93,"column":63}},"15":{"start":{"line":94,"column":35},"end":{"line":94,"column":56}},"16":{"start":{"line":97,"column":4},"end":{"line":110,"column":5}},"17":{"start":{"line":98,"column":32},"end":{"line":98,"column":79}},"18":{"start":{"line":99,"column":28},"end":{"line":99,"column":112}},"19":{"start":{"line":101,"column":6},"end":{"line":109,"column":8}},"20":{"start":{"line":113,"column":22},"end":{"line":114,"column":null}},"21":{"start":{"line":117,"column":26},"end":{"line":117,"column":84}},"22":{"start":{"line":118,"column":26},"end":{"line":118,"column":61}},"23":{"start":{"line":119,"column":30},"end":{"line":119,"column":59}},"24":{"start":{"line":120,"column":26},"end":{"line":120,"column":99}},"25":{"start":{"line":122,"column":4},"end":{"line":130,"column":6}},"26":{"start":{"line":132,"column":4},"end":{"line":132,"column":64}},"27":{"start":{"line":134,"column":4},"end":{"line":143,"column":6}},"28":{"start":{"line":151,"column":2},"end":{"line":207,"column":3}},"29":{"start":{"line":152,"column":17},"end":{"line":152,"column":45}},"30":{"start":{"line":153,"column":4},"end":{"line":161,"column":5}},"31":{"start":{"line":154,"column":6},"end":{"line":160,"column":8}},"32":{"start":{"line":164,"column":4},"end":{"line":177,"column":5}},"33":{"start":{"line":165,"column":25},"end":{"line":167,"column":47}},"34":{"start":{"line":168,"column":6},"end":{"line":176,"column":7}},"35":{"start":{"line":169,"column":8},"end":{"line":175,"column":10}},"36":{"start":{"line":179,"column":17},"end":{"line":179,"column":37}},"37":{"start":{"line":180,"column":23},"end":{"line":180,"column":50}},"38":{"start":{"line":183,"column":19},"end":{"line":185,"column":null}},"39":{"start":{"line":188,"column":26},"end":{"line":188,"column":77}},"40":{"start":{"line":190,"column":4},"end":{"line":196,"column":6}},"41":{"start":{"line":198,"column":4},"end":{"line":198,"column":59}},"42":{"start":{"line":199,"column":4},"end":{"line":206,"column":6}},"43":{"start":{"line":215,"column":2},"end":{"line":215,"column":89}},"44":{"start":{"line":217,"column":2},"end":{"line":219,"column":3}},"45":{"start":{"line":218,"column":4},"end":{"line":218,"column":16}},"46":{"start":{"line":222,"column":17},"end":{"line":222,"column":79}},"47":{"start":{"line":222,"column":49},"end":{"line":222,"column":78}},"48":{"start":{"line":225,"column":2},"end":{"line":229,"column":3}},"49":{"start":{"line":226,"column":4},"end":{"line":228,"column":5}},"50":{"start":{"line":227,"column":6},"end":{"line":227,"column":20}},"51":{"start":{"line":231,"column":2},"end":{"line":231,"column":14}},"52":{"start":{"line":250,"column":2},"end":{"line":297,"column":3}},"53":{"start":{"line":251,"column":20},"end":{"line":251,"column":47}},"54":{"start":{"line":254,"column":24},"end":{"line":254,"column":51}},"55":{"start":{"line":256,"column":4},"end":{"line":267,"column":5}},"56":{"start":{"line":257,"column":6},"end":{"line":265,"column":9}},"57":{"start":{"line":266,"column":6},"end":{"line":266,"column":13}},"58":{"start":{"line":270,"column":22},"end":{"line":270,"column":64}},"59":{"start":{"line":272,"column":4},"end":{"line":284,"column":5}},"60":{"start":{"line":273,"column":6},"end":{"line":282,"column":9}},"61":{"start":{"line":283,"column":6},"end":{"line":283,"column":13}},"62":{"start":{"line":287,"column":4},"end":{"line":290,"column":6}},"63":{"start":{"line":292,"column":4},"end":{"line":292,"column":11}},"64":{"start":{"line":294,"column":4},"end":{"line":294,"column":57}},"65":{"start":{"line":296,"column":4},"end":{"line":296,"column":11}},"66":{"start":{"line":304,"column":22},"end":{"line":304,"column":49}},"67":{"start":{"line":305,"column":28},"end":{"line":305,"column":61}},"68":{"start":{"line":306,"column":33},"end":{"line":306,"column":54}},"69":{"start":{"line":308,"column":2},"end":{"line":314,"column":4}},"70":{"start":{"line":321,"column":34},"end":{"line":321,"column":36}},"71":{"start":{"line":323,"column":2},"end":{"line":341,"column":3}},"72":{"start":{"line":324,"column":4},"end":{"line":328,"column":7}},"73":{"start":{"line":329,"column":9},"end":{"line":341,"column":3}},"74":{"start":{"line":330,"column":4},"end":{"line":334,"column":7}},"75":{"start":{"line":335,"column":9},"end":{"line":341,"column":3}},"76":{"start":{"line":336,"column":4},"end":{"line":340,"column":7}},"77":{"start":{"line":343,"column":2},"end":{"line":343,"column":16}},"78":{"start":{"line":351,"column":2},"end":{"line":358,"column":3}},"79":{"start":{"line":352,"column":30},"end":{"line":352,"column":63}},"80":{"start":{"line":353,"column":35},"end":{"line":353,"column":56}},"81":{"start":{"line":354,"column":4},"end":{"line":354,"column":36}},"82":{"start":{"line":356,"column":4},"end":{"line":356,"column":63}},"83":{"start":{"line":357,"column":4},"end":{"line":357,"column":14}},"84":{"start":{"line":366,"column":2},"end":{"line":366,"column":125}},"85":{"start":{"line":367,"column":3},"end":{"line":367,"column":94}},"86":{"start":{"line":368,"column":2},"end":{"line":368,"column":89}}},"fnMap":{"0":{"name":"checkSystemCapacity","decl":{"start":{"line":90,"column":22},"end":{"line":90,"column":41}},"loc":{"start":{"line":90,"column":41},"end":{"line":145,"column":1}}},"1":{"name":"(anonymous_11)","decl":{"start":{"line":93,"column":30},"end":{"line":93,"column":43}},"loc":{"start":{"line":93,"column":30},"end":{"line":93,"column":63}}},"2":{"name":"checkUserQuota","decl":{"start":{"line":150,"column":22},"end":{"line":150,"column":36}},"loc":{"start":{"line":150,"column":51},"end":{"line":208,"column":1}}},"3":{"name":"getLeastLoadedServer","decl":{"start":{"line":214,"column":22},"end":{"line":214,"column":42}},"loc":{"start":{"line":214,"column":73},"end":{"line":232,"column":1}}},"4":{"name":"(anonymous_14)","decl":{"start":{"line":222,"column":39},"end":{"line":222,"column":40}},"loc":{"start":{"line":222,"column":49},"end":{"line":222,"column":78}}},"5":{"name":"requireCapacity","decl":{"start":{"line":249,"column":22},"end":{"line":249,"column":37}},"loc":{"start":{"line":249,"column":85},"end":{"line":298,"column":1}}},"6":{"name":"getCapacityStats","decl":{"start":{"line":303,"column":22},"end":{"line":303,"column":38}},"loc":{"start":{"line":303,"column":38},"end":{"line":315,"column":1}}},"7":{"name":"(anonymous_17)","decl":{"start":{"line":305,"column":28},"end":{"line":305,"column":41}},"loc":{"start":{"line":305,"column":28},"end":{"line":305,"column":61}}},"8":{"name":"generateCapacityAlerts","decl":{"start":{"line":320,"column":9},"end":{"line":320,"column":31}},"loc":{"start":{"line":320,"column":65},"end":{"line":344,"column":1}}},"9":{"name":"getServerLoads","decl":{"start":{"line":350,"column":22},"end":{"line":350,"column":36}},"loc":{"start":{"line":350,"column":36},"end":{"line":359,"column":1}}},"10":{"name":"(anonymous_20)","decl":{"start":{"line":352,"column":30},"end":{"line":352,"column":43}},"loc":{"start":{"line":352,"column":30},"end":{"line":352,"column":63}}},"11":{"name":"updateCapacity","decl":{"start":{"line":365,"column":16},"end":{"line":365,"column":30}},"loc":{"start":{"line":365,"column":55},"end":{"line":369,"column":1}}}},"branchMap":{"0":{"loc":{"start":{"line":97,"column":4},"end":{"line":110,"column":5}},"type":"if","locations":[{"start":{"line":97,"column":4},"end":{"line":110,"column":5}}]},"1":{"loc":{"start":{"line":117,"column":26},"end":{"line":117,"column":84}},"type":"cond-expr","locations":[{"start":{"line":117,"column":46},"end":{"line":117,"column":80}},{"start":{"line":117,"column":83},"end":{"line":117,"column":84}}]},"2":{"loc":{"start":{"line":153,"column":4},"end":{"line":161,"column":5}},"type":"if","locations":[{"start":{"line":153,"column":4},"end":{"line":161,"column":5}}]},"3":{"loc":{"start":{"line":164,"column":4},"end":{"line":177,"column":5}},"type":"if","locations":[{"start":{"line":164,"column":4},"end":{"line":177,"column":5}}]},"4":{"loc":{"start":{"line":165,"column":25},"end":{"line":167,"column":47}},"type":"cond-expr","locations":[{"start":{"line":166,"column":10},"end":{"line":166,"column":27}},{"start":{"line":167,"column":10},"end":{"line":167,"column":47}}]},"5":{"loc":{"start":{"line":168,"column":6},"end":{"line":176,"column":7}},"type":"if","locations":[{"start":{"line":168,"column":6},"end":{"line":176,"column":7}}]},"6":{"loc":{"start":{"line":174,"column":16},"end":{"line":174,"column":36}},"type":"binary-expr","locations":[{"start":{"line":174,"column":16},"end":{"line":174,"column":25}},{"start":{"line":174,"column":29},"end":{"line":174,"column":36}}]},"7":{"loc":{"start":{"line":179,"column":17},"end":{"line":179,"column":37}},"type":"binary-expr","locations":[{"start":{"line":179,"column":17},"end":{"line":179,"column":26}},{"start":{"line":179,"column":30},"end":{"line":179,"column":37}}]},"8":{"loc":{"start":{"line":180,"column":23},"end":{"line":180,"column":50}},"type":"binary-expr","locations":[{"start":{"line":180,"column":23},"end":{"line":180,"column":45}},{"start":{"line":180,"column":49},"end":{"line":180,"column":50}}]},"9":{"loc":{"start":{"line":188,"column":26},"end":{"line":188,"column":77}},"type":"cond-expr","locations":[{"start":{"line":188,"column":43},"end":{"line":188,"column":73}},{"start":{"line":188,"column":76},"end":{"line":188,"column":77}}]},"10":{"loc":{"start":{"line":195,"column":14},"end":{"line":195,"column":95}},"type":"cond-expr","locations":[{"start":{"line":195,"column":44},"end":{"line":195,"column":88}},{"start":{"line":195,"column":91},"end":{"line":195,"column":95}}]},"11":{"loc":{"start":{"line":217,"column":2},"end":{"line":219,"column":3}},"type":"if","locations":[{"start":{"line":217,"column":2},"end":{"line":219,"column":3}}]},"12":{"loc":{"start":{"line":217,"column":6},"end":{"line":217,"column":56}},"type":"binary-expr","locations":[{"start":{"line":217,"column":6},"end":{"line":217,"column":23}},{"start":{"line":217,"column":27},"end":{"line":217,"column":56}}]},"13":{"loc":{"start":{"line":226,"column":4},"end":{"line":228,"column":5}},"type":"if","locations":[{"start":{"line":226,"column":4},"end":{"line":228,"column":5}}]},"14":{"loc":{"start":{"line":256,"column":4},"end":{"line":267,"column":5}},"type":"if","locations":[{"start":{"line":256,"column":4},"end":{"line":267,"column":5}}]},"15":{"loc":{"start":{"line":272,"column":4},"end":{"line":284,"column":5}},"type":"if","locations":[{"start":{"line":272,"column":4},"end":{"line":284,"column":5}}]},"16":{"loc":{"start":{"line":323,"column":2},"end":{"line":341,"column":3}},"type":"if","locations":[{"start":{"line":323,"column":2},"end":{"line":341,"column":3}},{"start":{"line":329,"column":9},"end":{"line":341,"column":3}}]},"17":{"loc":{"start":{"line":329,"column":9},"end":{"line":341,"column":3}},"type":"if","locations":[{"start":{"line":329,"column":9},"end":{"line":341,"column":3}},{"start":{"line":335,"column":9},"end":{"line":341,"column":3}}]},"18":{"loc":{"start":{"line":335,"column":9},"end":{"line":341,"column":3}},"type":"if","locations":[{"start":{"line":335,"column":9},"end":{"line":341,"column":3}}]},"19":{"loc":{"start":{"line":354,"column":11},"end":{"line":354,"column":35}},"type":"binary-expr","locations":[{"start":{"line":354,"column":11},"end":{"line":354,"column":29}},{"start":{"line":354,"column":33},"end":{"line":354,"column":35}}]}},"s":{"0":1,"1":1,"2":1,"3":1,"4":1,"5":1,"6":1,"7":1,"8":1,"9":1,"10":1,"11":1,"12":1,"13":9,"14":18,"15":9,"16":8,"17":7,"18":7,"19":7,"20":1,"21":1,"22":1,"23":1,"24":1,"25":1,"26":1,"27":1,"28":7,"29":7,"30":6,"31":1,"32":5,"33":0,"34":0,"35":0,"36":5,"37":5,"38":5,"39":5,"40":5,"41":1,"42":1,"43":0,"44":0,"45":0,"46":0,"47":0,"48":0,"49":0,"50":0,"51":0,"52":3,"53":3,"54":3,"55":3,"56":1,"57":1,"58":2,"59":2,"60":1,"61":1,"62":1,"63":1,"64":0,"65":0,"66":2,"67":4,"68":2,"69":2,"70":2,"71":2,"72":1,"73":1,"74":0,"75":1,"76":0,"77":2,"78":0,"79":0,"80":0,"81":0,"82":0,"83":0,"84":0,"85":0,"86":0},"f":{"0":9,"1":9,"2":7,"3":0,"4":0,"5":3,"6":2,"7":2,"8":2,"9":0,"10":0,"11":0},"b":{"0":[7],"1":[1,0],"2":[1],"3":[0],"4":[0,0],"5":[0],"6":[0,0],"7":[5,0],"8":[5,0],"9":[5,0],"10":[2,3],"11":[0],"12":[0,0],"13":[0],"14":[1],"15":[1],"16":[1,1],"17":[0,1],"18":[0],"19":[0,0]}}
,"/home/maroun/Documents/bore/backend/config.ts": {"path":"/home/maroun/Documents/bore/backend/config.ts","statementMap":{"0":{"start":{"line":6,"column":0},"end":{"line":6,"column":28}},"1":{"start":{"line":8,"column":0},"end":{"line":8,"column":16}},"2":{"start":{"line":137,"column":23},"end":{"line":274,"column":2}},"3":{"start":{"line":180,"column":61},"end":{"line":180,"column":74}},"4":{"start":{"line":277,"column":0},"end":{"line":289,"column":1}},"5":{"start":{"line":278,"column":2},"end":{"line":282,"column":3}},"6":{"start":{"line":279,"column":4},"end":{"line":279,"column":66}},"7":{"start":{"line":280,"column":4},"end":{"line":280,"column":60}},"8":{"start":{"line":281,"column":4},"end":{"line":281,"column":20}},"9":{"start":{"line":284,"column":2},"end":{"line":288,"column":3}},"10":{"start":{"line":285,"column":4},"end":{"line":285,"column":72}},"11":{"start":{"line":286,"column":4},"end":{"line":286,"column":57}},"12":{"start":{"line":287,"column":4},"end":{"line":287,"column":20}},"13":{"start":{"line":291,"column":0},"end":{"line":291,"column":22}}},"fnMap":{"0":{"name":"(anonymous_1)","decl":{"start":{"line":180,"column":51},"end":{"line":180,"column":57}},"loc":{"start":{"line":180,"column":61},"end":{"line":180,"column":74}}}},"branchMap":{"0":{"loc":{"start":{"line":140,"column":19},"end":{"line":140,"column":45}},"type":"binary-expr","locations":[{"start":{"line":140,"column":19},"end":{"line":140,"column":35}},{"start":{"line":140,"column":39},"end":{"line":140,"column":45}}]},"1":{"loc":{"start":{"line":141,"column":13},"end":{"line":141,"column":50}},"type":"binary-expr","locations":[{"start":{"line":141,"column":13},"end":{"line":141,"column":33}},{"start":{"line":141,"column":37},"end":{"line":141,"column":50}}]},"2":{"loc":{"start":{"line":142,"column":20},"end":{"line":142,"column":57}},"type":"binary-expr","locations":[{"start":{"line":142,"column":20},"end":{"line":142,"column":40}},{"start":{"line":142,"column":44},"end":{"line":142,"column":57}}]},"3":{"loc":{"start":{"line":148,"column":15},"end":{"line":148,"column":74}},"type":"binary-expr","locations":[{"start":{"line":148,"column":15},"end":{"line":148,"column":37}},{"start":{"line":148,"column":41},"end":{"line":148,"column":74}}]},"4":{"loc":{"start":{"line":149,"column":20},"end":{"line":149,"column":56}},"type":"binary-expr","locations":[{"start":{"line":149,"column":20},"end":{"line":149,"column":48}},{"start":{"line":149,"column":52},"end":{"line":149,"column":56}}]},"5":{"loc":{"start":{"line":154,"column":10},"end":{"line":154,"column":44}},"type":"binary-expr","locations":[{"start":{"line":154,"column":10},"end":{"line":154,"column":29}},{"start":{"line":154,"column":33},"end":{"line":154,"column":44}}]},"6":{"loc":{"start":{"line":155,"column":19},"end":{"line":155,"column":48}},"type":"binary-expr","locations":[{"start":{"line":155,"column":19},"end":{"line":155,"column":38}},{"start":{"line":155,"column":42},"end":{"line":155,"column":48}}]},"7":{"loc":{"start":{"line":156,"column":10},"end":{"line":156,"column":42}},"type":"binary-expr","locations":[{"start":{"line":156,"column":10},"end":{"line":156,"column":29}},{"start":{"line":156,"column":33},"end":{"line":156,"column":42}}]},"8":{"loc":{"start":{"line":157,"column":10},"end":{"line":157,"column":43}},"type":"binary-expr","locations":[{"start":{"line":157,"column":10},"end":{"line":157,"column":29}},{"start":{"line":157,"column":33},"end":{"line":157,"column":43}}]},"9":{"loc":{"start":{"line":158,"column":14},"end":{"line":158,"column":51}},"type":"binary-expr","locations":[{"start":{"line":158,"column":14},"end":{"line":158,"column":37}},{"start":{"line":158,"column":41},"end":{"line":158,"column":51}}]},"10":{"loc":{"start":{"line":166,"column":10},"end":{"line":166,"column":47}},"type":"binary-expr","locations":[{"start":{"line":166,"column":10},"end":{"line":166,"column":32}},{"start":{"line":166,"column":36},"end":{"line":166,"column":47}}]},"11":{"loc":{"start":{"line":167,"column":19},"end":{"line":167,"column":51}},"type":"binary-expr","locations":[{"start":{"line":167,"column":19},"end":{"line":167,"column":41}},{"start":{"line":167,"column":45},"end":{"line":167,"column":51}}]},"12":{"loc":{"start":{"line":173,"column":10},"end":{"line":173,"column":53}},"type":"binary-expr","locations":[{"start":{"line":173,"column":10},"end":{"line":173,"column":38}},{"start":{"line":173,"column":42},"end":{"line":173,"column":53}}]},"13":{"loc":{"start":{"line":174,"column":19},"end":{"line":174,"column":57}},"type":"binary-expr","locations":[{"start":{"line":174,"column":19},"end":{"line":174,"column":47}},{"start":{"line":174,"column":51},"end":{"line":174,"column":57}}]},"14":{"loc":{"start":{"line":179,"column":20},"end":{"line":181,"column":58}},"type":"cond-expr","locations":[{"start":{"line":180,"column":8},"end":{"line":180,"column":75}},{"start":{"line":181,"column":8},"end":{"line":181,"column":58}}]},"15":{"loc":{"start":{"line":250,"column":34},"end":{"line":250,"column":77}},"type":"binary-expr","locations":[{"start":{"line":250,"column":34},"end":{"line":250,"column":68}},{"start":{"line":250,"column":72},"end":{"line":250,"column":77}}]},"16":{"loc":{"start":{"line":251,"column":36},"end":{"line":251,"column":81}},"type":"binary-expr","locations":[{"start":{"line":251,"column":36},"end":{"line":251,"column":72}},{"start":{"line":251,"column":76},"end":{"line":251,"column":81}}]},"17":{"loc":{"start":{"line":252,"column":34},"end":{"line":252,"column":76}},"type":"binary-expr","locations":[{"start":{"line":252,"column":34},"end":{"line":252,"column":67}},{"start":{"line":252,"column":71},"end":{"line":252,"column":76}}]},"18":{"loc":{"start":{"line":253,"column":38},"end":{"line":253,"column":83}},"type":"binary-expr","locations":[{"start":{"line":253,"column":38},"end":{"line":253,"column":75}},{"start":{"line":253,"column":79},"end":{"line":253,"column":83}}]},"19":{"loc":{"start":{"line":259,"column":18},"end":{"line":259,"column":55}},"type":"binary-expr","locations":[{"start":{"line":259,"column":18},"end":{"line":259,"column":47}},{"start":{"line":259,"column":51},"end":{"line":259,"column":55}}]},"20":{"loc":{"start":{"line":263,"column":14},"end":{"line":263,"column":50}},"type":"binary-expr","locations":[{"start":{"line":263,"column":14},"end":{"line":263,"column":42}},{"start":{"line":263,"column":46},"end":{"line":263,"column":50}}]},"21":{"loc":{"start":{"line":264,"column":17},"end":{"line":264,"column":66}},"type":"binary-expr","locations":[{"start":{"line":264,"column":17},"end":{"line":264,"column":45}},{"start":{"line":264,"column":49},"end":{"line":264,"column":66}}]},"22":{"loc":{"start":{"line":265,"column":15},"end":{"line":265,"column":49}},"type":"binary-expr","locations":[{"start":{"line":265,"column":15},"end":{"line":265,"column":41}},{"start":{"line":265,"column":45},"end":{"line":265,"column":49}}]},"23":{"loc":{"start":{"line":272,"column":11},"end":{"line":272,"column":113}},"type":"binary-expr","locations":[{"start":{"line":272,"column":11},"end":{"line":272,"column":32}},{"start":{"line":272,"column":37},"end":{"line":272,"column":112}}]},"24":{"loc":{"start":{"line":272,"column":37},"end":{"line":272,"column":112}},"type":"cond-expr","locations":[{"start":{"line":272,"column":96},"end":{"line":272,"column":102}},{"start":{"line":272,"column":105},"end":{"line":272,"column":112}}]},"25":{"loc":{"start":{"line":272,"column":38},"end":{"line":272,"column":75}},"type":"binary-expr","locations":[{"start":{"line":272,"column":38},"end":{"line":272,"column":58}},{"start":{"line":272,"column":62},"end":{"line":272,"column":75}}]},"26":{"loc":{"start":{"line":277,"column":0},"end":{"line":289,"column":1}},"type":"if","locations":[{"start":{"line":277,"column":0},"end":{"line":289,"column":1}}]},"27":{"loc":{"start":{"line":278,"column":2},"end":{"line":282,"column":3}},"type":"if","locations":[{"start":{"line":278,"column":2},"end":{"line":282,"column":3}}]},"28":{"loc":{"start":{"line":284,"column":2},"end":{"line":288,"column":3}},"type":"if","locations":[{"start":{"line":284,"column":2},"end":{"line":288,"column":3}}]}},"s":{"0":3,"1":3,"2":3,"3":6,"4":3,"5":0,"6":0,"7":0,"8":0,"9":0,"10":0,"11":0,"12":0,"13":3},"f":{"0":6},"b":{"0":[3,0],"1":[3,0],"2":[3,0],"3":[3,0],"4":[3,0],"5":[3,0],"6":[3,0],"7":[3,0],"8":[3,0],"9":[3,0],"10":[3,3],"11":[3,3],"12":[3,0],"13":[3,0],"14":[3,0],"15":[3,3],"16":[3,3],"17":[3,3],"18":[3,3],"19":[3,3],"20":[3,3],"21":[3,3],"22":[3,3],"23":[3,3],"24":[0,3],"25":[3,0],"26":[0],"27":[0],"28":[0]}}
,"/home/maroun/Documents/bore/backend/database.config.ts": {"path":"/home/maroun/Documents/bore/backend/database.config.ts","statementMap":{"0":{"start":{"line":7,"column":0},"end":{"line":11,"column":1}},"1":{"start":{"line":8,"column":2},"end":{"line":10,"column":5}},"2":{"start":{"line":8,"column":2},"end":{"line":8,"column":19}},"3":{"start":{"line":9,"column":4},"end":{"line":9,"column":20}},"4":{"start":{"line":29,"column":26},"end":{"line":76,"column":1}},"5":{"start":{"line":30,"column":22},"end":{"line":30,"column":46}},"6":{"start":{"line":31,"column":15},"end":{"line":31,"column":81}},"7":{"start":{"line":34,"column":2},"end":{"line":47,"column":3}},"8":{"start":{"line":36,"column":4},"end":{"line":36,"column":91}},"9":{"start":{"line":37,"column":19},"end":{"line":43,"column":6}},"10":{"start":{"line":45,"column":4},"end":{"line":45,"column":68}},"11":{"start":{"line":46,"column":4},"end":{"line":46,"column":18}},"12":{"start":{"line":50,"column":2},"end":{"line":64,"column":3}},"13":{"start":{"line":52,"column":4},"end":{"line":52,"column":61}},"14":{"start":{"line":54,"column":18},"end":{"line":54,"column":91}},"15":{"start":{"line":55,"column":4},"end":{"line":63,"column":5}},"16":{"start":{"line":56,"column":6},"end":{"line":62,"column":8}},"17":{"start":{"line":68,"column":2},"end":{"line":68,"column":62}},"18":{"start":{"line":69,"column":2},"end":{"line":75,"column":4}},"19":{"start":{"line":78,"column":17},"end":{"line":78,"column":36}},"20":{"start":{"line":80,"column":41},"end":{"line":99,"column":2}},"21":{"start":{"line":101,"column":0},"end":{"line":101,"column":25}}},"fnMap":{"0":{"name":"(anonymous_9)","decl":{"start":{"line":8,"column":2},"end":{"line":8,"column":9}},"loc":{"start":{"line":8,"column":2},"end":{"line":8,"column":19}}},"1":{"name":"(anonymous_10)","decl":{"start":{"line":8,"column":24},"end":{"line":8,"column":30}},"loc":{"start":{"line":8,"column":33},"end":{"line":10,"column":3}}},"2":{"name":"(anonymous_11)","decl":{"start":{"line":29,"column":26},"end":{"line":29,"column":29}},"loc":{"start":{"line":29,"column":31},"end":{"line":76,"column":1}}}},"branchMap":{"0":{"loc":{"start":{"line":7,"column":0},"end":{"line":11,"column":1}},"type":"if","locations":[{"start":{"line":7,"column":0},"end":{"line":11,"column":1}}]},"1":{"loc":{"start":{"line":31,"column":15},"end":{"line":31,"column":81}},"type":"binary-expr","locations":[{"start":{"line":31,"column":15},"end":{"line":31,"column":40}},{"start":{"line":31,"column":44},"end":{"line":31,"column":81}}]},"2":{"loc":{"start":{"line":34,"column":2},"end":{"line":47,"column":3}},"type":"if","locations":[{"start":{"line":34,"column":2},"end":{"line":47,"column":3}}]},"3":{"loc":{"start":{"line":38,"column":12},"end":{"line":38,"column":46}},"type":"binary-expr","locations":[{"start":{"line":38,"column":12},"end":{"line":38,"column":31}},{"start":{"line":38,"column":35},"end":{"line":38,"column":46}}]},"4":{"loc":{"start":{"line":39,"column":21},"end":{"line":39,"column":50}},"type":"binary-expr","locations":[{"start":{"line":39,"column":21},"end":{"line":39,"column":40}},{"start":{"line":39,"column":44},"end":{"line":39,"column":50}}]},"5":{"loc":{"start":{"line":40,"column":16},"end":{"line":40,"column":48}},"type":"binary-expr","locations":[{"start":{"line":40,"column":16},"end":{"line":40,"column":35}},{"start":{"line":40,"column":39},"end":{"line":40,"column":48}}]},"6":{"loc":{"start":{"line":41,"column":12},"end":{"line":41,"column":45}},"type":"binary-expr","locations":[{"start":{"line":41,"column":12},"end":{"line":41,"column":31}},{"start":{"line":41,"column":35},"end":{"line":41,"column":45}}]},"7":{"loc":{"start":{"line":42,"column":16},"end":{"line":42,"column":53}},"type":"binary-expr","locations":[{"start":{"line":42,"column":16},"end":{"line":42,"column":39}},{"start":{"line":42,"column":43},"end":{"line":42,"column":53}}]},"8":{"loc":{"start":{"line":50,"column":2},"end":{"line":64,"column":3}},"type":"if","locations":[{"start":{"line":50,"column":2},"end":{"line":64,"column":3}}]},"9":{"loc":{"start":{"line":55,"column":4},"end":{"line":63,"column":5}},"type":"if","locations":[{"start":{"line":55,"column":4},"end":{"line":63,"column":5}}]},"10":{"loc":{"start":{"line":57,"column":14},"end":{"line":57,"column":37}},"type":"binary-expr","locations":[{"start":{"line":57,"column":14},"end":{"line":57,"column":22}},{"start":{"line":57,"column":26},"end":{"line":57,"column":37}}]},"11":{"loc":{"start":{"line":58,"column":23},"end":{"line":58,"column":41}},"type":"binary-expr","locations":[{"start":{"line":58,"column":23},"end":{"line":58,"column":31}},{"start":{"line":58,"column":35},"end":{"line":58,"column":41}}]},"12":{"loc":{"start":{"line":59,"column":18},"end":{"line":59,"column":39}},"type":"binary-expr","locations":[{"start":{"line":59,"column":18},"end":{"line":59,"column":26}},{"start":{"line":59,"column":30},"end":{"line":59,"column":39}}]},"13":{"loc":{"start":{"line":60,"column":14},"end":{"line":60,"column":36}},"type":"binary-expr","locations":[{"start":{"line":60,"column":14},"end":{"line":60,"column":22}},{"start":{"line":60,"column":26},"end":{"line":60,"column":36}}]},"14":{"loc":{"start":{"line":61,"column":18},"end":{"line":61,"column":40}},"type":"binary-expr","locations":[{"start":{"line":61,"column":18},"end":{"line":61,"column":26}},{"start":{"line":61,"column":30},"end":{"line":61,"column":40}}]},"15":{"loc":{"start":{"line":70,"column":10},"end":{"line":70,"column":44}},"type":"binary-expr","locations":[{"start":{"line":70,"column":10},"end":{"line":70,"column":29}},{"start":{"line":70,"column":33},"end":{"line":70,"column":44}}]},"16":{"loc":{"start":{"line":71,"column":19},"end":{"line":71,"column":48}},"type":"binary-expr","locations":[{"start":{"line":71,"column":19},"end":{"line":71,"column":38}},{"start":{"line":71,"column":42},"end":{"line":71,"column":48}}]},"17":{"loc":{"start":{"line":72,"column":14},"end":{"line":72,"column":46}},"type":"binary-expr","locations":[{"start":{"line":72,"column":14},"end":{"line":72,"column":33}},{"start":{"line":72,"column":37},"end":{"line":72,"column":46}}]},"18":{"loc":{"start":{"line":73,"column":10},"end":{"line":73,"column":43}},"type":"binary-expr","locations":[{"start":{"line":73,"column":10},"end":{"line":73,"column":29}},{"start":{"line":73,"column":33},"end":{"line":73,"column":43}}]},"19":{"loc":{"start":{"line":74,"column":14},"end":{"line":74,"column":51}},"type":"binary-expr","locations":[{"start":{"line":74,"column":14},"end":{"line":74,"column":37}},{"start":{"line":74,"column":41},"end":{"line":74,"column":51}}]}},"s":{"0":0,"1":0,"2":0,"3":0,"4":0,"5":0,"6":0,"7":0,"8":0,"9":0,"10":0,"11":0,"12":0,"13":0,"14":0,"15":0,"16":0,"17":0,"18":0,"19":0,"20":0,"21":0},"f":{"0":0,"1":0,"2":0},"b":{"0":[0],"1":[0,0],"2":[0],"3":[0,0],"4":[0,0],"5":[0,0],"6":[0,0],"7":[0,0],"8":[0],"9":[0],"10":[0,0],"11":[0,0],"12":[0,0],"13":[0,0],"14":[0,0],"15":[0,0],"16":[0,0],"17":[0,0],"18":[0,0],"19":[0,0]}}
,"/home/maroun/Documents/bore/backend/database.ts": {"path":"/home/maroun/Documents/bore/backend/database.ts","statementMap":{"0":{"start":{"line":544,"column":2},"end":{"line":544,"column":20}},"1":{"start":{"line":6,"column":0},"end":{"line":6,"column":67}},"2":{"start":{"line":7,"column":0},"end":{"line":7,"column":30}},"3":{"start":{"line":8,"column":0},"end":{"line":8,"column":40}},"4":{"start":{"line":9,"column":0},"end":{"line":9,"column":70}},"5":{"start":{"line":98,"column":2},"end":{"line":100,"column":3}},"6":{"start":{"line":99,"column":4},"end":{"line":99,"column":85}},"7":{"start":{"line":102,"column":20},"end":{"line":102,"column":36}},"8":{"start":{"line":103,"column":2},"end":{"line":103,"column":24}},"9":{"start":{"line":112,"column":2},"end":{"line":112,"column":29}},"10":{"start":{"line":112,"column":12},"end":{"line":112,"column":29}},"11":{"start":{"line":113,"column":20},"end":{"line":113,"column":36}},"12":{"start":{"line":114,"column":2},"end":{"line":114,"column":24}},"13":{"start":{"line":121,"column":2},"end":{"line":121,"column":44}},"14":{"start":{"line":121,"column":34},"end":{"line":121,"column":44}},"15":{"start":{"line":122,"column":20},"end":{"line":122,"column":38}},"16":{"start":{"line":123,"column":2},"end":{"line":123,"column":26}},"17":{"start":{"line":150,"column":13},"end":{"line":159,"column":2}},"18":{"start":{"line":545,"column":2},"end":{"line":545,"column":6}},"19":{"start":{"line":161,"column":0},"end":{"line":163,"column":3}},"20":{"start":{"line":162,"column":2},"end":{"line":162,"column":52}},"21":{"start":{"line":165,"column":0},"end":{"line":167,"column":3}},"22":{"start":{"line":166,"column":2},"end":{"line":166,"column":52}},"23":{"start":{"line":170,"column":17},"end":{"line":170,"column":37}},"24":{"start":{"line":172,"column":2},"end":{"line":332,"column":3}},"25":{"start":{"line":173,"column":28},"end":{"line":178,"column":6}},"26":{"start":{"line":180,"column":4},"end":{"line":183,"column":5}},"27":{"start":{"line":181,"column":6},"end":{"line":181,"column":88}},"28":{"start":{"line":182,"column":6},"end":{"line":182,"column":13}},"29":{"start":{"line":185,"column":4},"end":{"line":185,"column":100}},"30":{"start":{"line":186,"column":4},"end":{"line":186,"column":47}},"31":{"start":{"line":188,"column":4},"end":{"line":188,"column":32}},"32":{"start":{"line":190,"column":4},"end":{"line":204,"column":7}},"33":{"start":{"line":206,"column":4},"end":{"line":230,"column":7}},"34":{"start":{"line":232,"column":4},"end":{"line":241,"column":7}},"35":{"start":{"line":243,"column":4},"end":{"line":255,"column":7}},"36":{"start":{"line":257,"column":4},"end":{"line":267,"column":7}},"37":{"start":{"line":269,"column":4},"end":{"line":278,"column":7}},"38":{"start":{"line":280,"column":4},"end":{"line":292,"column":7}},"39":{"start":{"line":294,"column":4},"end":{"line":306,"column":7}},"40":{"start":{"line":308,"column":4},"end":{"line":322,"column":7}},"41":{"start":{"line":324,"column":4},"end":{"line":324,"column":33}},"42":{"start":{"line":325,"column":4},"end":{"line":325,"column":62}},"43":{"start":{"line":327,"column":4},"end":{"line":327,"column":35}},"44":{"start":{"line":328,"column":4},"end":{"line":328,"column":70}},"45":{"start":{"line":329,"column":4},"end":{"line":329,"column":16}},"46":{"start":{"line":331,"column":4},"end":{"line":331,"column":21}},"47":{"start":{"line":335,"column":21},"end":{"line":540,"column":2}},"48":{"start":{"line":337,"column":18},"end":{"line":337,"column":28}},"49":{"start":{"line":339,"column":4},"end":{"line":363,"column":5}},"50":{"start":{"line":340,"column":21},"end":{"line":340,"column":54}},"51":{"start":{"line":341,"column":23},"end":{"line":341,"column":41}},"52":{"start":{"line":343,"column":23},"end":{"line":347,"column":8}},"53":{"start":{"line":349,"column":6},"end":{"line":353,"column":7}},"54":{"start":{"line":350,"column":8},"end":{"line":350,"column":53}},"55":{"start":{"line":352,"column":8},"end":{"line":352,"column":49}},"56":{"start":{"line":355,"column":6},"end":{"line":355,"column":20}},"57":{"start":{"line":357,"column":23},"end":{"line":357,"column":41}},"58":{"start":{"line":358,"column":6},"end":{"line":361,"column":9}},"59":{"start":{"line":362,"column":6},"end":{"line":362,"column":18}},"60":{"start":{"line":367,"column":19},"end":{"line":367,"column":39}},"61":{"start":{"line":369,"column":4},"end":{"line":379,"column":5}},"62":{"start":{"line":370,"column":6},"end":{"line":370,"column":34}},"63":{"start":{"line":371,"column":21},"end":{"line":371,"column":43}},"64":{"start":{"line":372,"column":6},"end":{"line":372,"column":35}},"65":{"start":{"line":373,"column":6},"end":{"line":373,"column":20}},"66":{"start":{"line":375,"column":6},"end":{"line":375,"column":37}},"67":{"start":{"line":376,"column":6},"end":{"line":376,"column":18}},"68":{"start":{"line":378,"column":6},"end":{"line":378,"column":23}},"69":{"start":{"line":383,"column":19},"end":{"line":385,"column":null}},"70":{"start":{"line":388,"column":4},"end":{"line":388,"column":68}},"71":{"start":{"line":392,"column":19},"end":{"line":392,"column":97}},"72":{"start":{"line":393,"column":4},"end":{"line":393,"column":54}},"73":{"start":{"line":397,"column":19},"end":{"line":397,"column":91}},"74":{"start":{"line":398,"column":4},"end":{"line":398,"column":54}},"75":{"start":{"line":402,"column":19},"end":{"line":404,"column":null}},"76":{"start":{"line":407,"column":4},"end":{"line":407,"column":54}},"77":{"start":{"line":411,"column":19},"end":{"line":422,"column":null}},"78":{"start":{"line":425,"column":4},"end":{"line":425,"column":76}},"79":{"start":{"line":429,"column":19},"end":{"line":431,"column":null}},"80":{"start":{"line":434,"column":4},"end":{"line":434,"column":48}},"81":{"start":{"line":438,"column":19},"end":{"line":438,"column":95}},"82":{"start":{"line":439,"column":4},"end":{"line":439,"column":58}},"83":{"start":{"line":443,"column":17},"end":{"line":443,"column":37}},"84":{"start":{"line":445,"column":4},"end":{"line":447,"column":5}},"85":{"start":{"line":446,"column":6},"end":{"line":446,"column":38}},"86":{"start":{"line":449,"column":19},"end":{"line":449,"column":80}},"87":{"start":{"line":449,"column":44},"end":{"line":449,"column":68}},"88":{"start":{"line":450,"column":30},"end":{"line":450,"column":68}},"89":{"start":{"line":450,"column":54},"end":{"line":450,"column":66}},"90":{"start":{"line":452,"column":19},"end":{"line":454,"column":null}},"91":{"start":{"line":457,"column":4},"end":{"line":457,"column":58}},"92":{"start":{"line":461,"column":4},"end":{"line":461,"column":66}},"93":{"start":{"line":465,"column":19},"end":{"line":465,"column":100}},"94":{"start":{"line":466,"column":4},"end":{"line":466,"column":48}},"95":{"start":{"line":470,"column":4},"end":{"line":473,"column":6}},"96":{"start":{"line":477,"column":19},"end":{"line":479,"column":null}},"97":{"start":{"line":482,"column":4},"end":{"line":482,"column":53}},"98":{"start":{"line":486,"column":4},"end":{"line":497,"column":6}},"99":{"start":{"line":501,"column":19},"end":{"line":503,"column":null}},"100":{"start":{"line":506,"column":4},"end":{"line":506,"column":63}},"101":{"start":{"line":510,"column":4},"end":{"line":513,"column":6}},"102":{"start":{"line":517,"column":19},"end":{"line":517,"column":105}},"103":{"start":{"line":518,"column":4},"end":{"line":518,"column":61}},"104":{"start":{"line":522,"column":4},"end":{"line":522,"column":76}},"105":{"start":{"line":526,"column":4},"end":{"line":529,"column":6}},"106":{"start":{"line":533,"column":19},"end":{"line":535,"column":null}},"107":{"start":{"line":538,"column":4},"end":{"line":538,"column":45}},"108":{"start":{"line":543,"column":2},"end":{"line":543,"column":4}}},"fnMap":{"0":{"name":"mapRequiredRow","decl":{"start":{"line":94,"column":9},"end":{"line":94,"column":23}},"loc":{"start":{"line":96,"column":17},"end":{"line":104,"column":1}}},"1":{"name":"mapOptionalRow","decl":{"start":{"line":109,"column":9},"end":{"line":109,"column":23}},"loc":{"start":{"line":110,"column":30},"end":{"line":115,"column":1}}},"2":{"name":"mapRows","decl":{"start":{"line":120,"column":9},"end":{"line":120,"column":16}},"loc":{"start":{"line":120,"column":71},"end":{"line":124,"column":1}}},"3":{"name":"(anonymous_4)","decl":{"start":{"line":161,"column":19},"end":{"line":161,"column":22}},"loc":{"start":{"line":161,"column":24},"end":{"line":163,"column":1}}},"4":{"name":"(anonymous_5)","decl":{"start":{"line":165,"column":17},"end":{"line":165,"column":18}},"loc":{"start":{"line":165,"column":32},"end":{"line":167,"column":1}}},"5":{"name":"initializeDatabase","decl":{"start":{"line":169,"column":15},"end":{"line":169,"column":33}},"loc":{"start":{"line":169,"column":33},"end":{"line":333,"column":1}}},"6":{"name":"(anonymous_7)","decl":{"start":{"line":336,"column":2},"end":{"line":336,"column":7}},"loc":{"start":{"line":336,"column":95},"end":{"line":364,"column":3}}},"7":{"name":"(anonymous_8)","decl":{"start":{"line":366,"column":2},"end":{"line":366,"column":7}},"loc":{"start":{"line":366,"column":67},"end":{"line":380,"column":3}}},"8":{"name":"(anonymous_9)","decl":{"start":{"line":382,"column":2},"end":{"line":382,"column":7}},"loc":{"start":{"line":382,"column":80},"end":{"line":389,"column":3}}},"9":{"name":"(anonymous_10)","decl":{"start":{"line":391,"column":2},"end":{"line":391,"column":7}},"loc":{"start":{"line":391,"column":36},"end":{"line":394,"column":3}}},"10":{"name":"(anonymous_11)","decl":{"start":{"line":396,"column":2},"end":{"line":396,"column":7}},"loc":{"start":{"line":396,"column":30},"end":{"line":399,"column":3}}},"11":{"name":"(anonymous_12)","decl":{"start":{"line":401,"column":2},"end":{"line":401,"column":7}},"loc":{"start":{"line":401,"column":84},"end":{"line":408,"column":3}}},"12":{"name":"(anonymous_13)","decl":{"start":{"line":410,"column":2},"end":{"line":410,"column":7}},"loc":{"start":{"line":410,"column":44},"end":{"line":426,"column":3}}},"13":{"name":"(anonymous_14)","decl":{"start":{"line":428,"column":2},"end":{"line":428,"column":7}},"loc":{"start":{"line":428,"column":43},"end":{"line":435,"column":3}}},"14":{"name":"(anonymous_15)","decl":{"start":{"line":437,"column":2},"end":{"line":437,"column":7}},"loc":{"start":{"line":437,"column":34},"end":{"line":440,"column":3}}},"15":{"name":"(anonymous_16)","decl":{"start":{"line":442,"column":2},"end":{"line":442,"column":7}},"loc":{"start":{"line":442,"column":67},"end":{"line":458,"column":3}}},"16":{"name":"(anonymous_17)","decl":{"start":{"line":449,"column":28},"end":{"line":449,"column":29}},"loc":{"start":{"line":449,"column":44},"end":{"line":449,"column":68}}},"17":{"name":"(anonymous_18)","decl":{"start":{"line":450,"column":47},"end":{"line":450,"column":50}},"loc":{"start":{"line":450,"column":54},"end":{"line":450,"column":66}}},"18":{"name":"(anonymous_19)","decl":{"start":{"line":460,"column":2},"end":{"line":460,"column":7}},"loc":{"start":{"line":460,"column":33},"end":{"line":462,"column":3}}},"19":{"name":"(anonymous_20)","decl":{"start":{"line":464,"column":2},"end":{"line":464,"column":7}},"loc":{"start":{"line":464,"column":23},"end":{"line":467,"column":3}}},"20":{"name":"(anonymous_21)","decl":{"start":{"line":469,"column":2},"end":{"line":469,"column":7}},"loc":{"start":{"line":469,"column":82},"end":{"line":474,"column":3}}},"21":{"name":"(anonymous_22)","decl":{"start":{"line":476,"column":2},"end":{"line":476,"column":7}},"loc":{"start":{"line":476,"column":64},"end":{"line":483,"column":3}}},"22":{"name":"(anonymous_23)","decl":{"start":{"line":485,"column":2},"end":{"line":485,"column":7}},"loc":{"start":{"line":485,"column":73},"end":{"line":498,"column":3}}},"23":{"name":"(anonymous_24)","decl":{"start":{"line":500,"column":2},"end":{"line":500,"column":7}},"loc":{"start":{"line":500,"column":49},"end":{"line":507,"column":3}}},"24":{"name":"(anonymous_25)","decl":{"start":{"line":509,"column":2},"end":{"line":509,"column":7}},"loc":{"start":{"line":509,"column":90},"end":{"line":514,"column":3}}},"25":{"name":"(anonymous_26)","decl":{"start":{"line":516,"column":2},"end":{"line":516,"column":7}},"loc":{"start":{"line":516,"column":36},"end":{"line":519,"column":3}}},"26":{"name":"(anonymous_27)","decl":{"start":{"line":521,"column":2},"end":{"line":521,"column":7}},"loc":{"start":{"line":521,"column":39},"end":{"line":523,"column":3}}},"27":{"name":"(anonymous_28)","decl":{"start":{"line":525,"column":2},"end":{"line":525,"column":7}},"loc":{"start":{"line":525,"column":72},"end":{"line":530,"column":3}}},"28":{"name":"(anonymous_29)","decl":{"start":{"line":532,"column":2},"end":{"line":532,"column":7}},"loc":{"start":{"line":532,"column":62},"end":{"line":539,"column":3}}}},"branchMap":{"0":{"loc":{"start":{"line":98,"column":2},"end":{"line":100,"column":3}},"type":"if","locations":[{"start":{"line":98,"column":2},"end":{"line":100,"column":3}}]},"1":{"loc":{"start":{"line":112,"column":2},"end":{"line":112,"column":29}},"type":"if","locations":[{"start":{"line":112,"column":2},"end":{"line":112,"column":29}}]},"2":{"loc":{"start":{"line":121,"column":2},"end":{"line":121,"column":44}},"type":"if","locations":[{"start":{"line":121,"column":2},"end":{"line":121,"column":44}}]},"3":{"loc":{"start":{"line":121,"column":6},"end":{"line":121,"column":32}},"type":"binary-expr","locations":[{"start":{"line":121,"column":6},"end":{"line":121,"column":11}},{"start":{"line":121,"column":15},"end":{"line":121,"column":32}}]},"4":{"loc":{"start":{"line":180,"column":4},"end":{"line":183,"column":5}},"type":"if","locations":[{"start":{"line":180,"column":4},"end":{"line":183,"column":5}}]},"5":{"loc":{"start":{"line":336,"column":71},"end":{"line":336,"column":95}},"type":"default-arg","locations":[{"start":{"line":336,"column":93},"end":{"line":336,"column":95}}]},"6":{"loc":{"start":{"line":349,"column":6},"end":{"line":353,"column":7}},"type":"if","locations":[{"start":{"line":349,"column":6},"end":{"line":353,"column":7}},{"start":{"line":351,"column":13},"end":{"line":353,"column":7}}]},"7":{"loc":{"start":{"line":421,"column":8},"end":{"line":421,"column":37}},"type":"binary-expr","locations":[{"start":{"line":421,"column":8},"end":{"line":421,"column":23}},{"start":{"line":421,"column":27},"end":{"line":421,"column":37}}]},"8":{"loc":{"start":{"line":445,"column":4},"end":{"line":447,"column":5}},"type":"if","locations":[{"start":{"line":445,"column":4},"end":{"line":447,"column":5}}]},"9":{"loc":{"start":{"line":476,"column":45},"end":{"line":476,"column":64}},"type":"default-arg","locations":[{"start":{"line":476,"column":61},"end":{"line":476,"column":64}}]},"10":{"loc":{"start":{"line":532,"column":44},"end":{"line":532,"column":62}},"type":"default-arg","locations":[{"start":{"line":532,"column":60},"end":{"line":532,"column":62}}]}},"s":{"0":1,"1":1,"2":1,"3":1,"4":1,"5":0,"6":0,"7":0,"8":0,"9":0,"10":0,"11":0,"12":0,"13":0,"14":0,"15":0,"16":0,"17":1,"18":1,"19":1,"20":0,"21":1,"22":0,"23":0,"24":0,"25":0,"26":0,"27":0,"28":0,"29":0,"30":0,"31":0,"32":0,"33":0,"34":0,"35":0,"36":0,"37":0,"38":0,"39":0,"40":0,"41":0,"42":0,"43":0,"44":0,"45":0,"46":0,"47":1,"48":0,"49":0,"50":0,"51":0,"52":0,"53":0,"54":0,"55":0,"56":0,"57":0,"58":0,"59":0,"60":0,"61":0,"62":0,"63":0,"64":0,"65":0,"66":0,"67":0,"68":0,"69":0,"70":0,"71":0,"72":0,"73":0,"74":0,"75":0,"76":0,"77":0,"78":0,"79":0,"80":0,"81":0,"82":0,"83":0,"84":0,"85":0,"86":0,"87":0,"88":0,"89":0,"90":0,"91":0,"92":0,"93":0,"94":0,"95":0,"96":0,"97":0,"98":0,"99":0,"100":0,"101":0,"102":0,"103":0,"104":0,"105":0,"106":0,"107":0,"108":1},"f":{"0":0,"1":0,"2":0,"3":0,"4":0,"5":0,"6":0,"7":0,"8":0,"9":0,"10":0,"11":0,"12":0,"13":0,"14":0,"15":0,"16":0,"17":0,"18":0,"19":0,"20":0,"21":0,"22":0,"23":0,"24":0,"25":0,"26":0,"27":0,"28":0},"b":{"0":[0],"1":[0],"2":[0],"3":[0,0],"4":[0],"5":[0],"6":[0,0],"7":[0,0],"8":[0],"9":[0],"10":[0]}}
,"/home/maroun/Documents/bore/backend/metrics.ts": {"path":"/home/maroun/Documents/bore/backend/metrics.ts","statementMap":{"0":{"start":{"line":228,"column":2},"end":{"line":228,"column":18}},"1":{"start":{"line":229,"column":2},"end":{"line":229,"column":10}},"2":{"start":{"line":230,"column":2},"end":{"line":230,"column":17}},"3":{"start":{"line":231,"column":2},"end":{"line":231,"column":28}},"4":{"start":{"line":232,"column":2},"end":{"line":232,"column":27}},"5":{"start":{"line":233,"column":2},"end":{"line":233,"column":19}},"6":{"start":{"line":44,"column":25},"end":{"line":70,"column":2}},"7":{"start":{"line":227,"column":2},"end":{"line":227,"column":9}},"8":{"start":{"line":73,"column":0},"end":{"line":80,"column":10}},"9":{"start":{"line":74,"column":2},"end":{"line":76,"column":3}},"10":{"start":{"line":75,"column":4},"end":{"line":75,"column":80}},"11":{"start":{"line":77,"column":2},"end":{"line":79,"column":3}},"12":{"start":{"line":78,"column":4},"end":{"line":78,"column":68}},"13":{"start":{"line":86,"column":2},"end":{"line":88,"column":3}},"14":{"start":{"line":87,"column":5},"end":{"line":87,"column":45}},"15":{"start":{"line":95,"column":2},"end":{"line":97,"column":3}},"16":{"start":{"line":96,"column":5},"end":{"line":96,"column":44}},"17":{"start":{"line":104,"column":17},"end":{"line":104,"column":36}},"18":{"start":{"line":105,"column":2},"end":{"line":107,"column":3}},"19":{"start":{"line":106,"column":4},"end":{"line":106,"column":23}},"20":{"start":{"line":115,"column":2},"end":{"line":117,"column":5}},"21":{"start":{"line":116,"column":4},"end":{"line":116,"column":69}},"22":{"start":{"line":120,"column":2},"end":{"line":125,"column":5}},"23":{"start":{"line":121,"column":20},"end":{"line":121,"column":49}},"24":{"start":{"line":122,"column":4},"end":{"line":124,"column":5}},"25":{"start":{"line":123,"column":6},"end":{"line":123,"column":42}},"26":{"start":{"line":127,"column":2},"end":{"line":127,"column":45}},"27":{"start":{"line":128,"column":2},"end":{"line":128,"column":77}},"28":{"start":{"line":128,"column":50},"end":{"line":128,"column":68}},"29":{"start":{"line":135,"column":2},"end":{"line":135,"column":36}},"30":{"start":{"line":135,"column":27},"end":{"line":135,"column":36}},"31":{"start":{"line":136,"column":17},"end":{"line":136,"column":50}},"32":{"start":{"line":136,"column":44},"end":{"line":136,"column":49}},"33":{"start":{"line":137,"column":16},"end":{"line":137,"column":65}},"34":{"start":{"line":138,"column":2},"end":{"line":138,"column":41}},"35":{"start":{"line":145,"column":26},"end":{"line":145,"column":28}},"36":{"start":{"line":148,"column":2},"end":{"line":148,"column":88}},"37":{"start":{"line":149,"column":2},"end":{"line":149,"column":61}},"38":{"start":{"line":150,"column":2},"end":{"line":150,"column":80}},"39":{"start":{"line":152,"column":2},"end":{"line":152,"column":94}},"40":{"start":{"line":153,"column":2},"end":{"line":153,"column":64}},"41":{"start":{"line":154,"column":2},"end":{"line":154,"column":86}},"42":{"start":{"line":156,"column":2},"end":{"line":156,"column":81}},"43":{"start":{"line":157,"column":2},"end":{"line":157,"column":53}},"44":{"start":{"line":158,"column":2},"end":{"line":158,"column":65}},"45":{"start":{"line":160,"column":2},"end":{"line":160,"column":82}},"46":{"start":{"line":161,"column":2},"end":{"line":161,"column":58}},"47":{"start":{"line":162,"column":2},"end":{"line":162,"column":74}},"48":{"start":{"line":164,"column":2},"end":{"line":164,"column":76}},"49":{"start":{"line":165,"column":2},"end":{"line":165,"column":55}},"50":{"start":{"line":166,"column":2},"end":{"line":166,"column":68}},"51":{"start":{"line":168,"column":2},"end":{"line":168,"column":78}},"52":{"start":{"line":169,"column":2},"end":{"line":169,"column":49}},"53":{"start":{"line":170,"column":2},"end":{"line":170,"column":61}},"54":{"start":{"line":172,"column":2},"end":{"line":172,"column":82}},"55":{"start":{"line":173,"column":2},"end":{"line":173,"column":51}},"56":{"start":{"line":174,"column":2},"end":{"line":174,"column":65}},"57":{"start":{"line":176,"column":2},"end":{"line":176,"column":84}},"58":{"start":{"line":177,"column":2},"end":{"line":177,"column":57}},"59":{"start":{"line":178,"column":2},"end":{"line":178,"column":76}},"60":{"start":{"line":180,"column":2},"end":{"line":180,"column":78}},"61":{"start":{"line":181,"column":2},"end":{"line":181,"column":54}},"62":{"start":{"line":182,"column":2},"end":{"line":184,"column":5}},"63":{"start":{"line":183,"column":4},"end":{"line":183,"column":72}},"64":{"start":{"line":187,"column":2},"end":{"line":195,"column":3}},"65":{"start":{"line":188,"column":4},"end":{"line":188,"column":86}},"66":{"start":{"line":189,"column":4},"end":{"line":189,"column":70}},"67":{"start":{"line":190,"column":4},"end":{"line":190,"column":137}},"68":{"start":{"line":191,"column":4},"end":{"line":191,"column":137}},"69":{"start":{"line":192,"column":4},"end":{"line":192,"column":138}},"70":{"start":{"line":193,"column":4},"end":{"line":193,"column":127}},"71":{"start":{"line":193,"column":107},"end":{"line":193,"column":112}},"72":{"start":{"line":194,"column":4},"end":{"line":194,"column":102}},"73":{"start":{"line":198,"column":2},"end":{"line":206,"column":3}},"74":{"start":{"line":199,"column":4},"end":{"line":199,"column":74}},"75":{"start":{"line":200,"column":4},"end":{"line":200,"column":64}},"76":{"start":{"line":201,"column":4},"end":{"line":201,"column":125}},"77":{"start":{"line":202,"column":4},"end":{"line":202,"column":125}},"78":{"start":{"line":203,"column":4},"end":{"line":203,"column":126}},"79":{"start":{"line":204,"column":4},"end":{"line":204,"column":115}},"80":{"start":{"line":204,"column":95},"end":{"line":204,"column":100}},"81":{"start":{"line":205,"column":4},"end":{"line":205,"column":90}},"82":{"start":{"line":208,"column":2},"end":{"line":208,"column":33}},"83":{"start":{"line":215,"column":16},"end":{"line":215,"column":26}},"84":{"start":{"line":217,"column":2},"end":{"line":221,"column":5}},"85":{"start":{"line":218,"column":21},"end":{"line":218,"column":39}},"86":{"start":{"line":219,"column":4},"end":{"line":219,"column":41}},"87":{"start":{"line":220,"column":4},"end":{"line":220,"column":50}},"88":{"start":{"line":223,"column":2},"end":{"line":223,"column":9}}},"fnMap":{"0":{"name":"(anonymous_0)","decl":{"start":{"line":73,"column":12},"end":{"line":73,"column":15}},"loc":{"start":{"line":73,"column":17},"end":{"line":80,"column":1}}},"1":{"name":"incrementCounter","decl":{"start":{"line":85,"column":9},"end":{"line":85,"column":25}},"loc":{"start":{"line":85,"column":70},"end":{"line":89,"column":1}}},"2":{"name":"setGauge","decl":{"start":{"line":94,"column":9},"end":{"line":94,"column":17}},"loc":{"start":{"line":94,"column":58},"end":{"line":98,"column":1}}},"3":{"name":"recordHistogram","decl":{"start":{"line":103,"column":9},"end":{"line":103,"column":24}},"loc":{"start":{"line":103,"column":65},"end":{"line":108,"column":1}}},"4":{"name":"updateInstanceStatusCounts","decl":{"start":{"line":113,"column":9},"end":{"line":113,"column":35}},"loc":{"start":{"line":113,"column":57},"end":{"line":129,"column":1}}},"5":{"name":"(anonymous_5)","decl":{"start":{"line":115,"column":49},"end":{"line":115,"column":50}},"loc":{"start":{"line":115,"column":60},"end":{"line":117,"column":3}}},"6":{"name":"(anonymous_6)","decl":{"start":{"line":120,"column":20},"end":{"line":120,"column":21}},"loc":{"start":{"line":120,"column":33},"end":{"line":125,"column":3}}},"7":{"name":"(anonymous_7)","decl":{"start":{"line":128,"column":43},"end":{"line":128,"column":44}},"loc":{"start":{"line":128,"column":50},"end":{"line":128,"column":68}}},"8":{"name":"calculatePercentile","decl":{"start":{"line":134,"column":9},"end":{"line":134,"column":28}},"loc":{"start":{"line":134,"column":65},"end":{"line":139,"column":1}}},"9":{"name":"(anonymous_9)","decl":{"start":{"line":136,"column":34},"end":{"line":136,"column":35}},"loc":{"start":{"line":136,"column":44},"end":{"line":136,"column":49}}},"10":{"name":"generatePrometheusMetrics","decl":{"start":{"line":144,"column":9},"end":{"line":144,"column":34}},"loc":{"start":{"line":144,"column":34},"end":{"line":209,"column":1}}},"11":{"name":"(anonymous_11)","decl":{"start":{"line":182,"column":52},"end":{"line":182,"column":53}},"loc":{"start":{"line":182,"column":72},"end":{"line":184,"column":3}}},"12":{"name":"(anonymous_12)","decl":{"start":{"line":193,"column":97},"end":{"line":193,"column":98}},"loc":{"start":{"line":193,"column":107},"end":{"line":193,"column":112}}},"13":{"name":"(anonymous_13)","decl":{"start":{"line":204,"column":85},"end":{"line":204,"column":86}},"loc":{"start":{"line":204,"column":95},"end":{"line":204,"column":100}}},"14":{"name":"metricsMiddleware","decl":{"start":{"line":214,"column":9},"end":{"line":214,"column":26}},"loc":{"start":{"line":214,"column":75},"end":{"line":224,"column":1}}},"15":{"name":"(anonymous_15)","decl":{"start":{"line":217,"column":19},"end":{"line":217,"column":22}},"loc":{"start":{"line":217,"column":24},"end":{"line":221,"column":3}}}},"branchMap":{"0":{"loc":{"start":{"line":74,"column":2},"end":{"line":76,"column":3}},"type":"if","locations":[{"start":{"line":74,"column":2},"end":{"line":76,"column":3}}]},"1":{"loc":{"start":{"line":77,"column":2},"end":{"line":79,"column":3}},"type":"if","locations":[{"start":{"line":77,"column":2},"end":{"line":79,"column":3}}]},"2":{"loc":{"start":{"line":85,"column":53},"end":{"line":85,"column":70}},"type":"default-arg","locations":[{"start":{"line":85,"column":69},"end":{"line":85,"column":70}}]},"3":{"loc":{"start":{"line":86,"column":2},"end":{"line":88,"column":3}},"type":"if","locations":[{"start":{"line":86,"column":2},"end":{"line":88,"column":3}}]},"4":{"loc":{"start":{"line":86,"column":6},"end":{"line":86,"column":82}},"type":"binary-expr","locations":[{"start":{"line":86,"column":6},"end":{"line":86,"column":39}},{"start":{"line":86,"column":43},"end":{"line":86,"column":82}}]},"5":{"loc":{"start":{"line":95,"column":2}
[...]
{"name":"(anonymous_3)","decl":{"start":{"line":87,"column":2},"end":{"line":87,"column":7}},"loc":{"start":{"line":87,"column":51},"end":{"line":92,"column":3}}},"4":{"name":"(anonymous_4)","decl":{"start":{"line":97,"column":2},"end":{"line":97,"column":6}},"loc":{"start":{"line":97,"column":50},"end":{"line":102,"column":3}}},"5":{"name":"(anonymous_5)","decl":{"start":{"line":107,"column":2},"end":{"line":107,"column":6}},"loc":{"start":{"line":107,"column":50},"end":{"line":111,"column":3}}},"6":{"name":"(anonymous_6)","decl":{"start":{"line":116,"column":2},"end":{"line":116,"column":7}},"loc":{"start":{"line":119,"column":26},"end":{"line":139,"column":3}}},"7":{"name":"(anonymous_7)","decl":{"start":{"line":144,"column":2},"end":{"line":144,"column":6}},"loc":{"start":{"line":147,"column":20},"end":{"line":167,"column":3}}},"8":{"name":"(anonymous_8)","decl":{"start":{"line":172,"column":2},"end":{"line":172,"column":7}},"loc":{"start":{"line":172,"column":67},"end":{"line":184,"column":3}}},"9":{"name":"(anonymous_9)","decl":{"start":{"line":189,"column":2},"end":{"line":189,"column":7}},"loc":{"start":{"line":189,"column":28},"end":{"line":191,"column":3}}},"10":{"name":"(anonymous_10)","decl":{"start":{"line":201,"column":28},"end":{"line":201,"column":29}},"loc":{"start":{"line":201,"column":57},"end":{"line":201,"column":76}}}},"branchMap":{"0":{"loc":{"start":{"line":8,"column":17},"end":{"line":8,"column":54}},"type":"binary-expr","locations":[{"start":{"line":8,"column":17},"end":{"line":8,"column":37}},{"start":{"line":8,"column":41},"end":{"line":8,"column":54}}]},"1":{"loc":{"start":{"line":10,"column":2},"end":{"line":10,"column":73}},"type":"binary-expr","locations":[{"start":{"line":10,"column":2},"end":{"line":10,"column":23}},{"start":{"line":10,"column":28},"end":{"line":10,"column":72}}]},"2":{"loc":{"start":{"line":10,"column":28},"end":{"line":10,"column":72}},"type":"cond-expr","locations":[{"start":{"line":10,"column":56},"end":{"line":10,"column":62}},{"start":{"line":10,"column":65},"end":{"line":10,"column":72}}]},"3":{"loc":{"start":{"line":47,"column":14},"end":{"line":47,"column":37}},"type":"default-arg","locations":[{"start":{"line":47,"column":32},"end":{"line":47,"column":37}}]},"4":{"loc":{"start":{"line":54,"column":43},"end":{"line":54,"column":69}},"type":"default-arg","locations":[{"start":{"line":54,"column":67},"end":{"line":54,"column":69}}]},"5":{"loc":{"start":{"line":66,"column":4},"end":{"line":74,"column":5}},"type":"if","locations":[{"start":{"line":66,"column":4},"end":{"line":74,"column":5}},{"start":{"line":68,"column":11},"end":{"line":74,"column":5}}]},"6":{"loc":{"start":{"line":70,"column":8},"end":{"line":72,"column":14}},"type":"cond-expr","locations":[{"start":{"line":71,"column":12},"end":{"line":71,"column":51}},{"start":{"line":72,"column":12},"end":{"line":72,"column":14}}]},"7":{"loc":{"start":{"line":87,"column":25},"end":{"line":87,"column":51}},"type":"default-arg","locations":[{"start":{"line":87,"column":49},"end":{"line":87,"column":51}}]},"8":{"loc":{"start":{"line":88,"column":4},"end":{"line":91,"column":5}},"type":"if","locations":[{"start":{"line":88,"column":4},"end":{"line":91,"column":5}}]},"9":{"loc":{"start":{"line":97,"column":24},"end":{"line":97,"column":50}},"type":"default-arg","locations":[{"start":{"line":97,"column":48},"end":{"line":97,"column":50}}]},"10":{"loc":{"start":{"line":98,"column":4},"end":{"line":101,"column":5}},"type":"if","locations":[{"start":{"line":98,"column":4},"end":{"line":101,"column":5}}]},"11":{"loc":{"start":{"line":107,"column":24},"end":{"line":107,"column":50}},"type":"default-arg","locations":[{"start":{"line":107,"column":48},"end":{"line":107,"column":50}}]},"12":{"loc":{"start":{"line":108,"column":4},"end":{"line":110,"column":5}},"type":"if","locations":[{"start":{"line":108,"column":4},"end":{"line":110,"column":5}}]},"13":{"loc":{"start":{"line":121,"column":4},"end":{"line":138,"column":5}},"type":"if","locations":[{"start":{"line":121,"column":4},"end":{"line":138,"column":5}}]},"14":{"loc":{"start":{"line":125,"column":6},"end":{"line":135,"column":7}},"type":"if","locations":[{"start":{"line":125,"column":6},"end":{"line":135,"column":7}},{"start":{"line":133,"column":13},"end":{"line":135,"column":7}}]},"15":{"loc":{"start":{"line":130,"column":16},"end":{"line":130,"column":30}},"type":"binary-expr","locations":[{"start":{"line":130,"column":16},"end":{"line":130,"column":24}},{"start":{"line":130,"column":28},"end":{"line":130,"column":30}}]},"16":{"loc":{"start":{"line":133,"column":13},"end":{"line":135,"column":7}},"type":"if","locations":[{"start":{"line":133,"column":13},"end":{"line":135,"column":7}}]},"17":{"loc":{"start":{"line":159,"column":4},"end":{"line":161,"column":5}},"type":"if","locations":[{"start":{"line":159,"column":4},"end":{"line":161,"column":5}}]},"18":{"loc":{"start":{"line":164,"column":6},"end":{"line":164,"column":79}},"type":"cond-expr","locations":[{"start":{"line":164,"column":30},"end":{"line":164,"column":37}},{"start":{"line":164,"column":40},"end":{"line":164,"column":79}}]},"19":{"loc":{"start":{"line":164,"column":40},"end":{"line":164,"column":79}},"type":"cond-expr","locations":[{"start":{"line":164,"column":64},"end":{"line":164,"column":70}},{"start":{"line":164,"column":73},"end":{"line":164,"column":79}}]},"20":{"loc":{"start":{"line":172,"column":41},"end":{"line":172,"column":67}},"type":"default-arg","locations":[{"start":{"line":172,"column":63},"end":{"line":172,"column":67}}]},"21":{"loc":{"start":{"line":173,"column":4},"end":{"line":183,"column":5}},"type":"if","locations":[{"start":{"line":173,"column":4},"end":{"line":183,"column":5}},{"start":{"line":178,"column":11},"end":{"line":183,"column":5}}]}},"s":{"0":1,"1":1,"2":1,"3":1,"4":0,"5":0,"6":0,"7":0,"8":0,"9":0,"10":0,"11":0,"12":0,"13":0,"14":0,"15":0,"16":0,"17":0,"18":0,"19":0,"20":0,"21":0,"22":0,"23":0,"24":0,"25":0,"26":0,"27":0,"28":0,"29":0,"30":0,"31":0,"32":0,"33":1,"34":1,"35":1,"36":1,"37":0,"38":1},"f":{"0":1,"1":0,"2":0,"3":0,"4":0,"5":0,"6":0,"7":0,"8":0,"9":0,"10":0},"b":{"0":[1,0],"1":[1,1],"2":[0,1],"3":[0],"4":[0],"5":[0,0],"6":[0,0],"7":[0],"8":[0],"9":[0],"10":[0],"11":[0],"12":[0],"13":[0],"14":[0,0],"15":[0,0],"16":[0],"17":[0],"18":[0,0],"19":[0,0],"20":[0],"21":[0,0]}}
,"/home/maroun/Documents/bore/backend/utils/naming-convention.ts": {"path":"/home/maroun/Documents/bore/backend/utils/naming-convention.ts","statementMap":{"0":{"start":{"line":198,"column":2},"end":{"line":198,"column":14}},"1":{"start":{"line":199,"column":2},"end":{"line":199,"column":14}},"2":{"start":{"line":200,"column":2},"end":{"line":200,"column":13}},"3":{"start":{"line":201,"column":2},"end":{"line":201,"column":13}},"4":{"start":{"line":202,"column":2},"end":{"line":202,"column":9}},"5":{"start":{"line":203,"column":2},"end":{"line":203,"column":9}},"6":{"start":{"line":204,"column":2},"end":{"line":204,"column":22}},"7":{"start":{"line":205,"column":2},"end":{"line":205,"column":13}},"8":{"start":{"line":206,"column":2},"end":{"line":206,"column":14}},"9":{"start":{"line":24,"column":47},"end":{"line":71,"column":2}},"10":{"start":{"line":197,"column":2},"end":{"line":197,"column":16}},"11":{"start":{"line":74,"column":2},"end":{"line":76,"column":3}},"12":{"start":{"line":75,"column":4},"end":{"line":75,"column":17}},"13":{"start":{"line":78,"column":2},"end":{"line":80,"column":3}},"14":{"start":{"line":79,"column":4},"end":{"line":79,"column":17}},"15":{"start":{"line":82,"column":16},"end":{"line":82,"column":44}},"16":{"start":{"line":83,"column":2},"end":{"line":83,"column":54}},"17":{"start":{"line":87,"column":2},"end":{"line":87,"column":79}},"18":{"start":{"line":87,"column":57},"end":{"line":87,"column":77}},"19":{"start":{"line":91,"column":2},"end":{"line":91,"column":69}},"20":{"start":{"line":91,"column":41},"end":{"line":91,"column":67}},"21":{"start":{"line":98,"column":2},"end":{"line":100,"column":3}},"22":{"start":{"line":99,"column":4},"end":{"line":99,"column":15}},"23":{"start":{"line":102,"column":2},"end":{"line":104,"column":3}},"24":{"start":{"line":103,"column":4},"end":{"line":103,"column":46}},"25":{"start":{"line":103,"column":27},"end":{"line":103,"column":44}},"26":{"start":{"line":106,"column":2},"end":{"line":112,"column":3}},"27":{"start":{"line":107,"column":4},"end":{"line":111,"column":11}},"28":{"start":{"line":108,"column":23},"end":{"line":108,"column":40}},"29":{"start":{"line":109,"column":6},"end":{"line":109,"column":64}},"30":{"start":{"line":110,"column":6},"end":{"line":110,"column":20}},"31":{"start":{"line":114,"column":2},"end":{"line":114,"column":13}},"32":{"start":{"line":118,"column":2},"end":{"line":120,"column":3}},"33":{"start":{"line":119,"column":4},"end":{"line":119,"column":15}},"34":{"start":{"line":122,"column":2},"end":{"line":124,"column":3}},"35":{"start":{"line":123,"column":4},"end":{"line":123,"column":46}},"36":{"start":{"line":123,"column":27},"end":{"line":123,"column":44}},"37":{"start":{"line":126,"column":2},"end":{"line":132,"column":3}},"38":{"start":{"line":127,"column":4},"end":{"line":131,"column":11}},"39":{"start":{"line":128,"column":23},"end":{"line":128,"column":40}},"40":{"start":{"line":129,"column":6},"end":{"line":129,"column":64}},"41":{"start":{"line":130,"column":6},"end":{"line":130,"column":20}},"42":{"start":{"line":134,"column":2},"end":{"line":134,"column":13}},"43":{"start":{"line":138,"column":2},"end":{"line":138,"column":60}},"44":{"start":{"line":142,"column":19},"end":{"line":143,"column":null}},"45":{"start":{"line":143,"column":11},"end":{"line":143,"column":42}},"46":{"start":{"line":145,"column":2},"end":{"line":145,"column":43}},"47":{"start":{"line":149,"column":2},"end":{"line":151,"column":3}},"48":{"start":{"line":150,"column":4},"end":{"line":150,"column":59}},"49":{"start":{"line":153,"column":34},"end":{"line":153,"column":36}},"50":{"start":{"line":155,"column":2},"end":{"line":163,"column":3}},"51":{"start":{"line":156,"column":4},"end":{"line":162,"column":5}},"52":{"start":{"line":157,"column":6},"end":{"line":157,"column":46}},"53":{"start":{"line":158,"column":11},"end":{"line":162,"column":5}},"54":{"start":{"line":159,"column":6},"end":{"line":159,"column":30}},"55":{"start":{"line":161,"column":6},"end":{"line":161,"column":44}},"56":{"start":{"line":165,"column":2},"end":{"line":165,"column":63}},"57":{"start":{"line":171,"column":2},"end":{"line":173,"column":3}},"58":{"start":{"line":172,"column":4},"end":{"line":172,"column":15}},"59":{"start":{"line":175,"column":2},"end":{"line":177,"column":3}},"60":{"start":{"line":176,"column":4},"end":{"line":176,"column":15}},"61":{"start":{"line":179,"column":2},"end":{"line":179,"column":41}},"62":{"start":{"line":185,"column":2},"end":{"line":187,"column":3}},"63":{"start":{"line":186,"column":4},"end":{"line":186,"column":16}},"64":{"start":{"line":189,"column":2},"end":{"line":191,"column":3}},"65":{"start":{"line":190,"column":4},"end":{"line":190,"column":16}},"66":{"start":{"line":193,"column":2},"end":{"line":193,"column":54}},"67":{"start":{"line":193,"column":25},"end":{"line":193,"column":41}}},"fnMap":{"0":{"name":"isPlainObject","decl":{"start":{"line":73,"column":9},"end":{"line":73,"column":22}},"loc":{"start":{"line":73,"column":37},"end":{"line":84,"column":1}}},"1":{"name":"snakeToCamel","decl":{"start":{"line":86,"column":9},"end":{"line":86,"column":21}},"loc":{"start":{"line":86,"column":33},"end":{"line":88,"column":1}}},"2":{"name":"(anonymous_2)","decl":{"start":{"line":87,"column":34},"end":{"line":87,"column":35}},"loc":{"start":{"line":87,"column":57},"end":{"line":87,"column":77}}},"3":{"name":"camelToSnake","decl":{"start":{"line":90,"column":9},"end":{"line":90,"column":21}},"loc":{"start":{"line":90,"column":33},"end":{"line":92,"column":1}}},"4":{"name":"(anonymous_4)","decl":{"start":{"line":91,"column":31},"end":{"line":91,"column":37}},"loc":{"start":{"line":91,"column":41},"end":{"line":91,"column":67}}},"5":{"name":"keysToCamel","decl":{"start":{"line":97,"column":9},"end":{"line":97,"column":20}},"loc":{"start":{"line":97,"column":33},"end":{"line":115,"column":1}}},"6":{"name":"(anonymous_6)","decl":{"start":{"line":103,"column":19},"end":{"line":103,"column":23}},"loc":{"start":{"line":103,"column":27},"end":{"line":103,"column":44}}},"7":{"name":"(anonymous_7)","decl":{"start":{"line":107,"column":48},"end":{"line":107,"column":49}},"loc":{"start":{"line":107,"column":64},"end":{"line":111,"column":5}}},"8":{"name":"keysToSnake","decl":{"start":{"line":117,"column":9},"end":{"line":117,"column":20}},"loc":{"start":{"line":117,"column":33},"end":{"line":135,"column":1}}},"9":{"name":"(anonymous_9)","decl":{"start":{"line":123,"column":19},"end":{"line":123,"column":23}},"loc":{"start":{"line":123,"column":27},"end":{"line":123,"column":44}}},"10":{"name":"(anonymous_10)","decl":{"start":{"line":127,"column":48},"end":{"line":127,"column":49}},"loc":{"start":{"line":127,"column":64},"end":{"line":131,"column":5}}},"11":{"name":"apiToDb","decl":{"start":{"line":137,"column":9},"end":{"line":137,"column":16}},"loc":{"start":{"line":137,"column":33},"end":{"line":139,"column":1}}},"12":{"name":"dbToApi","decl":{"start":{"line":141,"column":9},"end":{"line":141,"column":16}},"loc":{"start":{"line":141,"column":32},"end":{"line":146,"column":1}}},"13":{"name":"(anonymous_13)","decl":{"start":{"line":143,"column":4},"end":{"line":143,"column":7}},"loc":{"start":{"line":143,"column":11},"end":{"line":143,"column":42}}},"14":{"name":"normalizeRequestBody","decl":{"start":{"line":148,"column":9},"end":{"line":148,"column":29}},"loc":{"start":{"line":148,"column":79},"end":{"line":166,"column":1}}},"15":{"name":"formatDbRow","decl":{"start":{"line":170,"column":9},"end":{"line":170,"column":20}},"loc":{"start":{"line":170,"column":33},"end":{"line":180,"column":1}}},"16":{"name":"formatDbRows","decl":{"start":{"line":184,"column":9},"end":{"line":184,"column":21}},"loc":{"start":{"line":184,"column":35},"end":{"line":194,"column":1}}},"17":{"name":"(anonymous_17)","decl":{"start":{"line":193,"column":18},"end":{"line":193,"column":21}},"loc":{"start":{"line":193,"column":25},"end":{"line":193,"column":41}}}},"branchMap":{"0":{"loc":{"start":{"line":74,"column":2},"end":{"line":76,"column":3}},"type":"if","locations":[{"start":{"line":74,"column":2},"end":{"line":76,"column":3}}]},"1":{"loc":{"start":{"line":74,"column":6},"end":{"line":74,"column":43}},"type":"binary-expr","locations":[{"start":{"line":74,"column":6},"end":{"line":74,"column":20}},{"start":{"line":74,"column":24},"end":{"line":74,"column":43}}]},"2":{"loc":{"start":{"line":78,"column":2},"end":{"line":80,"column":3}},"type":"if","locations":[{"start":{"line":78,"column":2},"end":{"line":80,"column":3}}]},"3":{"loc":{"start":{"line":83,"column":9},"end":{"line":83,"column":53}},"type":"binary-expr","locations":[{"start":{"line":83,"column":9},"end":{"line":83,"column":35}},{"start":{"line":83,"column":39},"end":{"line":83,"column":53}}]},"4":{"loc":{"start":{"line":98,"column":2},"end":{"line":100,"column":3}},"type":"if","locations":[{"start":{"line":98,"column":2},"end":{"line":100,"column":3}}]},"5":{"loc":{"start":{"line":98,"column":6},"end":{"line":98,"column":39}},"type":"binary-expr","locations":[{"start":{"line":98,"column":6},"end":{"line":98,"column":18}},{"start":{"line":98,"column":22},"end":{"line":98,"column":39}}]},"6":{"loc":{"start":{"line":102,"column":2},"end":{"line":104,"column":3}},"type":"if","locations":[{"start":{"line":102,"column":2},"end":{"line":104,"column":3}}]},"7":{"loc":{"start":{"line":106,"column":2},"end":{"line":112,"column":3}},"type":"if","locations":[{"start":{"line":106,"column":2},"end":{"line":112,"column":3}}]},"8":{"loc":{"start":{"line":118,"column":2},"end":{"line":120,"column":3}},"type":"if","locations":[{"start":{"line":118,"column":2},"end":{"line":120,"column":3}}]},"9":{"loc":{"start":{"line":118,"column":6},"end":{"line":118,"column":39}},"type":"binary-expr","locations":[{"start":{"line":118,"column":6},"end":{"line":118,"column":18}},{"start":{"line":118,"column":22},"end":{"line":118,"column":39}}]},"10":{"loc":{"start":{"line":122,"column":2},"end":{"line":124,"column":3}},"type":"if","locations":[{"start":{"line":122,"column":2},"end":{"line":124,"column":3}}]},"11":{"loc":{"start":{"line":126,"column":2},"end":{"line":132,"column":3}},"type":"if","locations":[{"start":{"line":126,"column":2},"end":{"line":132,"column":3}}]},"12":{"loc":{"start":{"line":138,"column":9},"end":{"line":138,"column":59}},"type":"binary-expr","locations":[{"start":{"line":138,"column":9},"end":{"line":138,"column":33}},{"start":{"line":138,"column":37},"end":{"line":138,"column":59}}]},"13":{"loc":{"start":{"line":145,"column":9},"end":{"line":145,"column":42}},"type":"binary-expr","locations":[{"start":{"line":145,"column":9},"end":{"line":145,"column":17}},{"start":{"line":145,"column":21},"end":{"line":145,"column":42}}]},"14":{"loc":{"start":{"line":149,"column":2},"end":{"line":151,"column":3}},"type":"if","locations":[{"start":{"line":149,"column":2},"end":{"line":151,"column":3}}]},"15":{"loc":{"start":{"line":149,"column":6},"end":{"line":149,"column":35}},"type":"binary-expr","locations":[{"start":{"line":149,"column":6},"end":{"line":149,"column":11}},{"start":{"line":149,"column":15},"end":{"line":149,"column":35}}]},"16":{"loc":{"start":{"line":156,"column":4},"end":{"line":162,"column":5}},"type":"if","locations":[{"start":{"line":156,"column":4},"end":{"line":162,"column":5}},{"start":{"line":158,"column":11},"end":{"line":162,"column":5}}]},"17":{"loc":{"start":{"line":158,"column":11},"end":{"line":162,"column":5}},"type":"if","locations":[{"start":{"line":158,"column":11},"end":{"line":162,"column":5}},{"start":{"line":160,"column":11},"end":{"line":162,"column":5}}]},"18":{"loc":{"start":{"line":171,"column":2},"end":{"line":173,"column":3}},"type":"if","locations":[{"start":{"line":171,"column":2},"end":{"line":173,"column":3}}]},"19":{"loc":{"start":{"line":171,"column":6},"end":{"line":171,"column":39}},"type":"binary-expr","locations":[{"start":{"line":171,"column":6},"end":{"line":171,"column":18}},{"start":{"line":171,"column":22},"end":{"line":171,"column":39}}]},"20":{"loc":{"start":{"line":175,"column":2},"end":{"line":177,"column":3}},"type":"if","locations":[{"start":{"line":175,"column":2},"end":{"line":177,"column":3}}]},"21":{"loc":{"start":{"line":185,"column":2},"end":{"line":187,"column":3}},"type":"if","locations":[{"start":{"line":185,"column":2},"end":{"line":187,"column":3}}]},"22":{"loc":{"start":{"line":185,"column":6},"end":{"line":185,"column":41}},"type":"binary-expr","locations":[{"start":{"line":185,"column":6},"end":{"line":185,"column":19}},{"start":{"line":185,"column":23},"end":{"line":185,"column":41}}]},"23":{"loc":{"start":{"line":189,"column":2},"end":{"line":191,"column":3}},"type":"if","locations":[{"start":{"line":189,"column":2},"end":{"line":191,"column":3}}]}},"s":{"0":3,"1":3,"2":3,"3":3,"4":3,"5":3,"6":3,"7":3,"8":3,"9":3,"10":3,"11":59,"12":0,"13":59,"14":34,"15":25,"16":25,"17":37,"18":29,"19":24,"20":12,"21":40,"22":2,"23":38,"24":1,"25":2,"26":37,"27":9,"28":29,"29":29,"30":29,"31":28,"32":9,"33":0,"34":9,"35":0,"36":0,"37":9,"38":3,"39":7,"40":7,"41":7,"42":6,"43":4,"44":4,"45":55,"46":4,"47":9,"48":0,"49":9,"50":9,"51":24,"52":9,"53":15,"54":6,"55":9,"56":9,"57":6,"58":2,"59":4,"60":0,"61":4,"62":3,"63":2,"64":1,"65":0,"66":1,"67":2},"f":{"0":59,"1":37,"2":29,"3":24,"4":12,"5":40,"6":2,"7":29,"8":9,"9":0,"10":7,"11":4,"12":4,"13":55,"14":9,"15":6,"16":3,"17":2},"b":{"0":[0],"1":[59,59],"2":[34],"3":[25,0],"4":[2],"5":[40,39],"6":[1],"7":[9],"8":[0],"9":[9,9],"10":[0],"11":[3],"12":[4,1],"13":[4,1],"14":[0],"15":[9,9],"16":[9,15],"17":[6,9],"18":[2],"19":[6,5],"20":[0],"21":[2],"22":[3,2],"23":[0]}}
}
