TN:
SF:config.ts
FN:188,(anonymous_1)
FNF:1
FNH:1
FNDA:6,(anonymous_1)
DA:6,3
DA:8,3
DA:145,3
DA:188,6
DA:293,3
DA:294,0
DA:295,0
DA:296,0
DA:297,0
DA:300,0
DA:301,0
DA:302,0
DA:303,0
DA:307,3
LF:14
LH:6
BRDA:148,0,0,3
BRDA:148,0,1,0
BRDA:149,1,0,3
BRDA:149,1,1,0
BRDA:150,2,0,3
BRDA:150,2,1,0
BRDA:156,3,0,3
BRDA:156,3,1,0
BRDA:157,4,0,3
BRDA:157,4,1,0
BRDA:162,5,0,3
BRDA:162,5,1,0
BRDA:163,6,0,3
BRDA:163,6,1,0
BRDA:164,7,0,3
BRDA:164,7,1,0
BRDA:165,8,0,3
BRDA:165,8,1,0
BRDA:166,9,0,3
BRDA:166,9,1,0
BRDA:174,10,0,3
BRDA:174,10,1,0
BRDA:175,11,0,3
BRDA:175,11,1,0
BRDA:181,12,0,3
BRDA:181,12,1,0
BRDA:182,13,0,3
BRDA:182,13,1,0
BRDA:187,14,0,3
BRDA:187,14,1,0
BRDA:258,15,0,3
BRDA:258,15,1,3
BRDA:259,16,0,3
BRDA:259,16,1,3
BRDA:260,17,0,3
BRDA:260,17,1,3
BRDA:261,18,0,3
BRDA:261,18,1,3
BRDA:267,19,0,3
BRDA:267,19,1,3
BRDA:271,20,0,3
BRDA:271,20,1,3
BRDA:272,21,0,3
BRDA:272,21,1,3
BRDA:273,22,0,3
BRDA:273,22,1,3
BRDA:280,23,0,3
BRDA:280,23,1,3
BRDA:280,24,0,0
BRDA:280,24,1,3
BRDA:280,25,0,3
BRDA:280,25,1,0
BRDA:285,26,0,3
BRDA:285,26,1,0
BRDA:286,27,0,3
BRDA:286,27,1,0
BRDA:287,28,0,3
BRDA:287,28,1,0
BRDA:293,29,0,0
BRDA:294,30,0,0
BRDA:300,31,0,0
BRF:61
BRH:38
end_of_record
TN:
SF:database.ts
FN:95,mapRequiredRow
FN:110,mapOptionalRow
FN:121,mapRows
FN:185,(anonymous_4)
FN:189,(anonymous_5)
FN:193,initializeDatabase
FN:378,(anonymous_7)
FN:408,(anonymous_8)
FN:424,(anonymous_9)
FN:433,(anonymous_10)
FN:438,(anonymous_11)
FN:443,(anonymous_12)
FN:452,(anonymous_13)
FN:470,(anonymous_14)
FN:479,(anonymous_15)
FN:484,(anonymous_16)
FN:491,(anonymous_17)
FN:492,(anonymous_18)
FN:502,(anonymous_19)
FN:506,(anonymous_20)
FN:511,(anonymous_21)
FN:518,(anonymous_22)
FN:527,(anonymous_23)
FN:542,(anonymous_24)
FN:551,(anonymous_25)
FN:558,(anonymous_26)
FN:563,(anonymous_27)
FN:567,(anonymous_28)
FN:574,(anonymous_29)
FN:584,(anonymous_30)
FN:591,(anonymous_31)
FN:610,(anonymous_32)
FN:618,(anonymous_33)
FN:625,(anonymous_34)
FN:632,(anonymous_35)
FN:644,(anonymous_36)
FN:668,(anonymous_37)
FN:676,(anonymous_38)
FNF:38
FNH:0
FNDA:0,mapRequiredRow
FNDA:0,mapOptionalRow
FNDA:0,mapRows
FNDA:0,(anonymous_4)
FNDA:0,(anonymous_5)
FNDA:0,initializeDatabase
FNDA:0,(anonymous_7)
FNDA:0,(anonymous_8)
FNDA:0,(anonymous_9)
FNDA:0,(anonymous_10)
FNDA:0,(anonymous_11)
FNDA:0,(anonymous_12)
FNDA:0,(anonymous_13)
FNDA:0,(anonymous_14)
FNDA:0,(anonymous_15)
FNDA:0,(anonymous_16)
FNDA:0,(anonymous_17)
FNDA:0,(anonymous_18)
FNDA:0,(anonymous_19)
FNDA:0,(anonymous_20)
FNDA:0,(anonymous_21)
FNDA:0,(anonymous_22)
FNDA:0,(anonymous_23)
FNDA:0,(anonymous_24)
FNDA:0,(anonymous_25)
FNDA:0,(anonymous_26)
FNDA:0,(anonymous_27)
FNDA:0,(anonymous_28)
FNDA:0,(anonymous_29)
FNDA:0,(anonymous_30)
FNDA:0,(anonymous_31)
FNDA:0,(anonymous_32)
FNDA:0,(anonymous_33)
FNDA:0,(anonymous_34)
FNDA:0,(anonymous_35)
FNDA:0,(anonymous_36)
FNDA:0,(anonymous_37)
FNDA:0,(anonymous_38)
DA:6,1
DA:7,1
DA:8,1
DA:9,1
DA:99,0
DA:100,0
DA:103,0
DA:104,0
DA:113,0
DA:114,0
DA:115,0
DA:122,0
DA:123,0
DA:124,0
DA:174,1
DA:185,1
DA:186,0
DA:189,1
DA:190,0
DA:194,0
DA:196,0
DA:197,0
DA:204,0
DA:205,0
DA:206,0
DA:209,0
DA:210,0
DA:212,0
DA:214,0
DA:231,0
DA:257,0
DA:268,0
DA:282,0
DA:294,0
DA:305,0
DA:319,0
DA:333,0
DA:349,0
DA:366,0
DA:367,0
DA:369,0
DA:370,0
DA:371,0
DA:373,0
DA:377,1
DA:379,0
DA:381,0
DA:382,0
DA:383,0
DA:385,0
DA:391,0
DA:392,0
DA:394,0
DA:397,0
DA:399,0
DA:400,0
DA:404,0
DA:409,0
DA:411,0
DA:412,0
DA:413,0
DA:414,0
DA:415,0
DA:417,0
DA:418,0
DA:420,0
DA:425,0
DA:430,0
DA:434,0
DA:435,0
DA:439,0
DA:440,0
DA:444,0
DA:449,0
DA:453,0
DA:467,0
DA:471,0
DA:476,0
DA:480,0
DA:481,0
DA:485,0
DA:487,0
DA:488,0
DA:491,0
DA:492,0
DA:494,0
DA:499,0
DA:503,0
DA:507,0
DA:508,0
DA:512,0
DA:519,0
DA:524,0
DA:528,0
DA:543,0
DA:548,0
DA:552,0
DA:559,0
DA:560,0
DA:564,0
DA:568,0
DA:575,0
DA:580,0
DA:585,0
DA:588,0
DA:598,0
DA:605,0
DA:610,0
DA:619,0
DA:626,0
DA:633,0
DA:653,0
DA:669,0
DA:673,0
DA:679,0
DA:684,1
DA:685,1
DA:686,1
LF:118
LH:11
BRDA:99,0,0,0
BRDA:113,1,0,0
BRDA:122,2,0,0
BRDA:122,3,0,0
BRDA:122,3,1,0
BRDA:204,4,0,0
BRDA:378,5,0,0
BRDA:391,6,0,0
BRDA:391,6,1,0
BRDA:463,7,0,0
BRDA:463,7,1,0
BRDA:487,8,0,0
BRDA:518,9,0,0
BRDA:574,10,0,0
BRDA:606,11,0,0
BRDA:606,11,1,0
BRDA:607,12,0,0
BRDA:607,12,1,0
BRDA:608,13,0,0
BRDA:608,13,1,0
BRDA:660,14,0,0
BRDA:660,14,1,0
BRDA:661,15,0,0
BRDA:661,15,1,0
BRDA:662,16,0,0
BRDA:662,16,1,0
BRDA:663,17,0,0
BRDA:663,17,1,0
BRDA:668,18,0,0
BRDA:676,19,0,0
BRF:30
BRH:0
end_of_record
TN:
SF:server-registry.ts
FN:105,registerServer
FN:123,(anonymous_2)
FN:160,getActiveServers
FN:164,(anonymous_4)
FN:170,(anonymous_5)
FN:175,(anonymous_6)
FN:187,(anonymous_7)
FN:193,getBestServer
FN:227,(anonymous_9)
FN:239,(anonymous_10)
FN:247,updateServerLoad
FN:300,markServerUnhealthy
FN:312,getFleetStats
FN:315,(anonymous_14)
FN:316,(anonymous_15)
FN:317,(anonymous_16)
FN:318,(anonymous_17)
FN:328,(anonymous_18)
FN:345,getCircuitBreakerStats
FNF:19
FNH:15
FNDA:14,registerServer
FNDA:1,(anonymous_2)
FNDA:8,getActiveServers
FNDA:0,(anonymous_4)
FNDA:0,(anonymous_5)
FNDA:0,(anonymous_6)
FNDA:10,(anonymous_7)
FNDA:3,getBestServer
FNDA:4,(anonymous_9)
FNDA:1,(anonymous_10)
FNDA:8,updateServerLoad
FNDA:1,markServerUnhealthy
FNDA:3,getFleetStats
FNDA:3,(anonymous_14)
FNDA:3,(anonymous_15)
FNDA:3,(anonymous_16)
FNDA:3,(anonymous_17)
FNDA:3,(anonymous_18)
FNDA:0,getCircuitBreakerStats
DA:7,1
DA:8,1
DA:9,1
DA:10,1
DA:11,1
DA:86,1
DA:89,1
DA:90,1
DA:91,1
DA:94,1
DA:105,1
DA:106,14
DA:121,14
DA:122,1
DA:123,1
DA:124,1
DA:125,1
DA:126,1
DA:133,1
DA:135,0
DA:140,14
DA:143,14
DA:153,14
DA:154,14
DA:160,1
DA:162,8
DA:163,0
DA:164,0
DA:165,0
DA:166,0
DA:169,0
DA:170,0
DA:171,0
DA:172,0
DA:174,0
DA:175,0
DA:178,0
DA:179,0
DA:182,0
DA:187,10
DA:193,1
DA:194,3
DA:197,3
DA:199,1
DA:202,1
DA:217,1
DA:218,1
DA:221,1
DA:224,3
DA:227,4
DA:239,3
DA:241,3
DA:247,1
DA:248,8
DA:256,8
DA:257,0
DA:258,0
DA:259,0
DA:261,0
DA:262,0
DA:263,0
DA:264,0
DA:265,0
DA:266,0
DA:269,0
DA:277,0
DA:284,0
DA:289,8
DA:290,8
DA:291,8
DA:292,8
DA:293,8
DA:300,1
DA:301,1
DA:302,1
DA:303,1
DA:304,1
DA:305,1
DA:312,1
DA:313,3
DA:315,3
DA:316,3
DA:317,3
DA:318,3
DA:320,3
DA:328,3
DA:345,1
DA:346,0
DA:350,1
LF:89
LH:62
BRDA:107,0,0,14
BRDA:107,0,1,1
BRDA:109,1,0,14
BRDA:109,1,1,13
BRDA:110,2,0,14
BRDA:110,2,1,12
BRDA:111,3,0,14
BRDA:111,3,1,7
BRDA:112,4,0,14
BRDA:112,4,1,3
BRDA:121,5,0,1
BRDA:125,6,0,1
BRDA:162,7,0,0
BRDA:166,8,0,0
BRDA:172,9,0,0
BRDA:172,9,1,0
BRDA:175,10,0,0
BRDA:175,10,1,0
BRDA:178,11,0,0
BRDA:197,12,0,1
BRDA:199,13,0,1
BRDA:199,13,1,1
BRDA:206,14,0,1
BRDA:206,14,1,1
BRDA:224,15,0,0
BRDA:241,16,0,3
BRDA:241,16,1,0
BRDA:256,17,0,0
BRDA:259,18,0,0
BRDA:262,19,0,0
BRDA:290,20,0,8
BRDA:302,21,0,1
BRDA:324,22,0,2
BRDA:324,22,1,1
BRDA:327,23,0,2
BRDA:327,23,1,1
BRF:36
BRH:24
end_of_record
TN:
SF:services/redis-service.ts
FN:53,initializeRedis
FN:79,(anonymous_2)
FN:90,(anonymous_3)
FN:97,(anonymous_4)
FN:101,(anonymous_5)
FN:106,(anonymous_6)
FN:125,getClient
FN:134,scanKeys
FN:169,(anonymous_9)
FN:190,(anonymous_10)
FN:208,(anonymous_11)
FN:227,(anonymous_12)
FN:267,(anonymous_13)
FN:284,(anonymous_14)
FN:302,(anonymous_15)
FN:329,(anonymous_16)
FN:351,(anonymous_17)
FN:368,(anonymous_18)
FN:387,healthCheck
FN:406,shutdown
FNF:20
FNH:0
FNDA:0,initializeRedis
FNDA:0,(anonymous_2)
FNDA:0,(anonymous_3)
FNDA:0,(anonymous_4)
FNDA:0,(anonymous_5)
FNDA:0,(anonymous_6)
FNDA:0,getClient
FNDA:0,scanKeys
FNDA:0,(anonymous_9)
FNDA:0,(anonymous_10)
FNDA:0,(anonymous_11)
FNDA:0,(anonymous_12)
FNDA:0,(anonymous_13)
FNDA:0,(anonymous_14)
FNDA:0,(anonymous_15)
FNDA:0,(anonymous_16)
FNDA:0,(anonymous_17)
FNDA:0,(anonymous_18)
FNDA:0,healthCheck
FNDA:0,shutdown
DA:7,1
DA:8,1
DA:24,1
DA:25,1
DA:27,0
DA:28,0
DA:46,1
DA:47,1
DA:53,1
DA:54,0
DA:55,0
DA:59,0
DA:60,0
DA:63,0
DA:67,0
DA:68,0
DA:71,0
DA:74,0
DA:75,0
DA:80,0
DA:81,0
DA:82,0
DA:85,0
DA:90,0
DA:91,0
DA:92,0
DA:94,0
DA:97,0
DA:98,0
DA:101,0
DA:102,0
DA:103,0
DA:106,0
DA:107,0
DA:108,0
DA:111,0
DA:112,0
DA:114,0
DA:116,0
DA:117,0
DA:125,1
DA:126,0
DA:135,0
DA:136,0
DA:138,0
DA:139,0
DA:140,0
DA:142,0
DA:143,0
DA:148,0
DA:149,0
DA:152,0
DA:154,0
DA:155,0
DA:162,1
DA:174,0
DA:175,0
DA:177,0
DA:178,0
DA:179,0
DA:181,0
DA:191,0
DA:192,0
DA:194,0
DA:195,0
DA:196,0
DA:197,0
DA:199,0
DA:200,0
DA:209,0
DA:210,0
DA:212,0
DA:213,0
DA:214,0
DA:216,0
DA:228,0
DA:229,0
DA:231,0
DA:232,0
DA:233,0
DA:235,0
DA:236,0
DA:237,0
DA:238,0
DA:239,0
DA:243,0
DA:245,0
DA:246,0
DA:261,1
DA:268,0
DA:269,0
DA:271,0
DA:272,0
DA:273,0
DA:275,0
DA:285,0
DA:286,0
DA:288,0
DA:289,0
DA:290,0
DA:291,0
DA:293,0
DA:294,0
DA:303,0
DA:304,0
DA:306,0
DA:307,0
DA:308,0
DA:310,0
DA:311,0
DA:312,0
DA:313,0
DA:314,0
DA:318,0
DA:320,0
DA:321,0
DA:330,0
DA:331,0
DA:333,0
DA:334,0
DA:335,0
DA:337,0
DA:345,1
DA:352,0
DA:353,0
DA:355,0
DA:356,0
DA:357,0
DA:359,0
DA:369,0
DA:370,0
DA:372,0
DA:373,0
DA:374,0
DA:375,0
DA:377,0
DA:378,0
DA:387,1
DA:388,0
DA:389,0
DA:390,0
DA:393,0
DA:395,0
DA:396,0
DA:398,0
DA:399,0
DA:406,1
DA:407,0
DA:408,0
DA:409,0
DA:410,0
DA:411,0
DA:416,1
DA:419,1
LF:154
LH:15
BRDA:54,0,0,0
BRDA:54,1,0,0
BRDA:54,1,1,0
BRDA:59,2,0,0
BRDA:67,3,0,0
BRDA:67,4,0,0
BRDA:67,4,1,0
BRDA:80,5,0,0
BRDA:91,6,0,0
BRDA:126,7,0,0
BRDA:126,7,1,0
BRDA:136,8,0,0
BRDA:172,9,0,0
BRDA:175,10,0,0
BRDA:192,11,0,0
BRDA:197,12,0,0
BRDA:197,12,1,0
BRDA:210,13,0,0
BRDA:229,14,0,0
BRDA:238,15,0,0
BRDA:269,16,0,0
BRDA:286,17,0,0
BRDA:291,18,0,0
BRDA:291,18,1,0
BRDA:304,19,0,0
BRDA:313,20,0,0
BRDA:331,21,0,0
BRDA:353,22,0,0
BRDA:370,23,0,0
BRDA:389,24,0,0
BRDA:389,25,0,0
BRDA:389,25,1,0
BRDA:407,26,0,0
BRDA:407,27,0,0
BRDA:407,27,1,0
BRF:35
BRH:0
end_of_record
TN:
SF:utils/circuit-breaker.ts
FN:13,(anonymous_0)
FN:51,(anonymous_1)
FN:79,(anonymous_2)
FN:113,(anonymous_3)
FN:143,(anonymous_4)
FN:144,(anonymous_5)
FN:145,(anonymous_6)
FN:151,(anonymous_7)
FN:155,(anonymous_8)
FN:165,(anonymous_9)
FN:180,(anonymous_10)
FN:200,(anonymous_11)
FN:213,(anonymous_12)
FN:224,(anonymous_13)
FN:231,(anonymous_14)
FN:249,(anonymous_15)
FNF:16
FNH:7
FNDA:1,(anonymous_0)
FNDA:0,(anonymous_1)
FNDA:1,(anonymous_2)
FNDA:1,(anonymous_3)
FNDA:1,(anonymous_4)
FNDA:1,(anonymous_5)
FNDA:0,(anonymous_6)
FNDA:1,(anonymous_7)
FNDA:0,(anonymous_8)
FNDA:1,(anonymous_9)
FNDA:0,(anonymous_10)
FNDA:0,(anonymous_11)
FNDA:0,(anonymous_12)
FNDA:0,(anonymous_13)
FNDA:0,(anonymous_14)
FNDA:0,(anonymous_15)
DA:11,1
DA:13,1
DA:14,1
DA:15,1
DA:16,1
DA:52,0
DA:53,0
DA:54,0
DA:80,1
DA:81,1
DA:82,1
DA:83,1
DA:84,1
DA:87,1
DA:88,1
DA:89,1
DA:90,1
DA:93,1
DA:101,1
DA:114,1
DA:117,1
DA:119,0
DA:120,0
DA:121,0
DA:124,0
DA:125,0
DA:126,0
DA:129,1
DA:131,1
DA:132,1
DA:133,1
DA:135,0
DA:136,0
DA:144,1
DA:145,1
DA:146,0
DA:147,0
DA:150,1
DA:152,1
DA:153,1
DA:156,0
DA:157,0
DA:166,1
DA:167,1
DA:169,1
DA:170,0
DA:171,0
DA:172,0
DA:181,0
DA:182,0
DA:184,0
DA:190,0
DA:191,0
DA:192,0
DA:193,0
DA:201,0
DA:202,0
DA:204,0
DA:214,0
DA:215,0
DA:216,0
DA:218,0
DA:225,0
DA:232,0
DA:236,0
DA:250,0
DA:251,0
DA:252,0
DA:253,0
DA:260,0
DA:264,1
DA:265,1
LF:72
LH:32
BRDA:13,0,0,1
BRDA:13,0,1,1
BRDA:79,1,0,0
BRDA:80,2,0,1
BRDA:80,2,1,0
BRDA:87,3,0,1
BRDA:87,3,1,0
BRDA:88,4,0,1
BRDA:88,4,1,0
BRDA:89,5,0,1
BRDA:89,5,1,0
BRDA:90,6,0,1
BRDA:90,6,1,0
BRDA:117,7,0,0
BRDA:119,8,0,0
BRDA:169,9,0,0
BRDA:171,10,0,0
BRDA:190,11,0,0
BRDA:190,11,1,0
BRDA:192,12,0,0
BRDA:232,13,0,0
BRDA:232,13,1,0
BRDA:242,14,0,0
BRDA:242,14,1,0
BRF:24
BRH:7
end_of_record
TN:
SF:utils/logger.ts
FN:47,(anonymous_0)
FN:54,(anonymous_1)
FN:80,(anonymous_2)
FN:87,(anonymous_3)
FN:97,(anonymous_4)
FN:107,(anonymous_5)
FN:116,(anonymous_6)
FN:144,(anonymous_7)
FN:172,(anonymous_8)
FN:189,(anonymous_9)
FN:201,(anonymous_10)
FNF:11
FNH:1
FNDA:1,(anonymous_0)
FNDA:0,(anonymous_1)
FNDA:0,(anonymous_2)
FNDA:0,(anonymous_3)
FNDA:0,(anonymous_4)
FNDA:0,(anonymous_5)
FNDA:0,(anonymous_6)
FNDA:0,(anonymous_7)
FNDA:0,(anonymous_8)
FNDA:0,(anonymous_9)
FNDA:0,(anonymous_10)
DA:8,1
DA:10,1
DA:14,1
DA:48,1
DA:55,0
DA:56,0
DA:66,0
DA:67,0
DA:70,0
DA:73,0
DA:81,0
DA:88,0
DA:90,0
DA:98,0
DA:100,0
DA:108,0
DA:109,0
DA:121,0
DA:122,0
DA:125,0
DA:126,0
DA:133,0
DA:134,0
DA:137,0
DA:149,0
DA:159,0
DA:160,0
DA:164,0
DA:166,0
DA:173,0
DA:174,0
DA:179,0
DA:190,0
DA:195,1
DA:198,1
DA:201,1
LF:36
LH:7
BRDA:8,0,0,1
BRDA:8,0,1,0
BRDA:10,1,0,1
BRDA:10,1,1,1
BRDA:10,2,0,0
BRDA:10,2,1,1
BRDA:47,3,0,0
BRDA:54,4,0,0
BRDA:66,5,0,0
BRDA:66,5,1,0
BRDA:70,6,0,0
BRDA:70,6,1,0
BRDA:87,7,0,0
BRDA:88,8,0,0
BRDA:97,9,0,0
BRDA:98,10,0,0
BRDA:107,11,0,0
BRDA:108,12,0,0
BRDA:121,13,0,0
BRDA:125,14,0,0
BRDA:125,14,1,0
BRDA:130,15,0,0
BRDA:130,15,1,0
BRDA:133,16,0,0
BRDA:159,17,0,0
BRDA:164,18,0,0
BRDA:164,18,1,0
BRDA:164,19,0,0
BRDA:164,19,1,0
BRDA:172,20,0,0
BRDA:173,21,0,0
BRDA:173,21,1,0
BRF:32
BRH:4
end_of_record
TN:
SF:utils/naming-convention.ts
FN:73,isPlainObject
FN:86,snakeToCamel
FN:87,(anonymous_2)
FN:90,camelToSnake
FN:91,(anonymous_4)
FN:97,keysToCamel
FN:103,(anonymous_6)
FN:107,(anonymous_7)
FN:117,keysToSnake
FN:123,(anonymous_9)
FN:127,(anonymous_10)
FN:137,apiToDb
FN:141,dbToApi
FN:143,(anonymous_13)
FN:148,normalizeRequestBody
FN:170,formatDbRow
FN:184,formatDbRows
FN:193,(anonymous_17)
FNF:18
FNH:0
FNDA:0,isPlainObject
FNDA:0,snakeToCamel
FNDA:0,(anonymous_2)
FNDA:0,camelToSnake
FNDA:0,(anonymous_4)
FNDA:0,keysToCamel
FNDA:0,(anonymous_6)
FNDA:0,(anonymous_7)
FNDA:0,keysToSnake
FNDA:0,(anonymous_9)
FNDA:0,(anonymous_10)
FNDA:0,apiToDb
FNDA:0,dbToApi
FNDA:0,(anonymous_13)
FNDA:0,normalizeRequestBody
FNDA:0,formatDbRow
FNDA:0,formatDbRows
FNDA:0,(anonymous_17)
DA:24,1
DA:74,0
DA:75,0
DA:78,0
DA:79,0
DA:82,0
DA:83,0
DA:87,0
DA:91,0
DA:98,0
DA:99,0
DA:102,0
DA:103,0
DA:106,0
DA:107,0
DA:108,0
DA:109,0
DA:110,0
DA:114,0
DA:118,0
DA:119,0
DA:122,0
DA:123,0
DA:126,0
DA:127,0
DA:128,0
DA:129,0
DA:130,0
DA:134,0
DA:138,0
DA:142,0
DA:143,0
DA:145,0
DA:149,0
DA:150,0
DA:153,0
DA:155,0
DA:156,0
DA:157,0
DA:158,0
DA:159,0
DA:161,0
DA:165,0
DA:171,0
DA:172,0
DA:175,0
DA:176,0
DA:179,0
DA:185,0
DA:186,0
DA:189,0
DA:190,0
DA:193,0
DA:197,1
DA:198,1
DA:199,1
DA:200,1
DA:201,1
DA:202,1
DA:203,1
DA:204,1
DA:205,1
DA:206,1
LF:63
LH:11
BRDA:74,0,0,0
BRDA:74,1,0,0
BRDA:74,1,1,0
BRDA:78,2,0,0
BRDA:83,3,0,0
BRDA:83,3,1,0
BRDA:98,4,0,0
BRDA:98,5,0,0
BRDA:98,5,1,0
BRDA:102,6,0,0
BRDA:106,7,0,0
BRDA:118,8,0,0
BRDA:118,9,0,0
BRDA:118,9,1,0
BRDA:122,10,0,0
BRDA:126,11,0,0
BRDA:138,12,0,0
BRDA:138,12,1,0
BRDA:145,13,0,0
BRDA:145,13,1,0
BRDA:149,14,0,0
BRDA:149,15,0,0
BRDA:149,15,1,0
BRDA:156,16,0,0
BRDA:156,16,1,0
BRDA:158,17,0,0
BRDA:158,17,1,0
BRDA:171,18,0,0
BRDA:171,19,0,0
BRDA:171,19,1,0
BRDA:175,20,0,0
BRDA:185,21,0,0
BRDA:185,22,0,0
BRDA:185,22,1,0
BRDA:189,23,0,0
BRF:35
BRH:0
end_of_record
