TN:
SF:utils/error-handler.ts
FN:27,(anonymous_0)
FN:45,sendError
FN:75,(anonymous_2)
FN:83,(anonymous_3)
FN:98,(anonymous_4)
FN:104,(anonymous_5)
FN:117,(anonymous_6)
FN:128,(anonymous_7)
FN:135,(anonymous_8)
FN:143,(anonymous_9)
FN:150,(anonymous_10)
FN:167,(anonymous_11)
FN:174,(anonymous_12)
FN:185,(anonymous_13)
FN:197,globalErrorHandler
FN:256,notFoundHandler
FNF:16
FNH:9
FNDA:2,(anonymous_0)
FNDA:9,sendError
FNDA:1,(anonymous_2)
FNDA:1,(anonymous_3)
FNDA:1,(anonymous_4)
FNDA:0,(anonymous_5)
FNDA:1,(anonymous_6)
FNDA:0,(anonymous_7)
FNDA:1,(anonymous_8)
FNDA:0,(anonymous_9)
FNDA:0,(anonymous_10)
FNDA:1,(anonymous_11)
FNDA:0,(anonymous_12)
FNDA:0,(anonymous_13)
FNDA:4,globalErrorHandler
FNDA:0,notFoundHandler
DA:7,1
DA:33,2
DA:34,2
DA:35,2
DA:36,2
DA:37,2
DA:38,2
DA:53,9
DA:59,9
DA:60,2
DA:63,9
DA:64,9
DA:67,9
DA:73,1
DA:81,1
DA:88,1
DA:102,1
DA:108,0
DA:118,1
DA:132,0
DA:140,1
DA:147,0
DA:155,0
DA:156,0
DA:172,1
DA:175,0
DA:190,0
DA:209,4
DA:216,4
DA:217,1
DA:228,3
DA:229,0
DA:237,3
DA:238,1
DA:241,2
DA:242,0
DA:246,2
DA:247,2
DA:248,2
DA:250,2
DA:257,0
DA:265,1
DA:266,1
DA:267,1
DA:268,1
DA:269,1
LF:46
LH:36
BRDA:31,0,0,1
BRDA:50,1,0,0
BRDA:51,2,0,0
BRDA:59,3,0,2
BRDA:63,4,0,9
BRDA:77,5,0,0
BRDA:78,6,0,0
BRDA:79,7,0,0
BRDA:86,8,0,0
BRDA:100,9,0,0
BRDA:101,10,0,0
BRDA:106,11,0,0
BRDA:117,12,0,0
BRDA:130,13,0,0
BRDA:131,14,0,0
BRDA:137,15,0,0
BRDA:138,16,0,0
BRDA:145,17,0,0
BRDA:146,18,0,0
BRDA:152,19,0,0
BRDA:153,20,0,0
BRDA:155,21,0,0
BRDA:155,21,1,0
BRDA:169,22,0,0
BRDA:170,23,0,0
BRDA:174,24,0,0
BRDA:187,25,0,0
BRDA:188,26,0,0
BRDA:216,27,0,1
BRDA:228,28,0,0
BRDA:237,29,0,1
BRDA:241,30,0,0
BRDA:247,31,0,1
BRDA:247,31,1,1
BRDA:248,32,0,1
BRDA:248,32,1,1
BRF:36
BRH:9
end_of_record
TN:
SF:utils/logger.ts
FN:47,(anonymous_0)
FN:54,(anonymous_1)
FN:80,(anonymous_2)
FN:87,(anonymous_3)
FN:97,(anonymous_4)
FN:107,(anonymous_5)
FN:116,(anonymous_6)
FN:144,(anonymous_7)
FN:172,(anonymous_8)
FN:189,(anonymous_9)
FN:201,(anonymous_10)
FNF:11
FNH:4
FNDA:1,(anonymous_0)
FNDA:4,(anonymous_1)
FNDA:4,(anonymous_2)
FNDA:0,(anonymous_3)
FNDA:0,(anonymous_4)
FNDA:0,(anonymous_5)
FNDA:4,(anonymous_6)
FNDA:0,(anonymous_7)
FNDA:0,(anonymous_8)
FNDA:0,(anonymous_9)
FNDA:0,(anonymous_10)
DA:8,1
DA:10,1
DA:14,1
DA:48,1
DA:55,4
DA:56,4
DA:66,4
DA:67,0
DA:70,4
DA:73,4
DA:81,4
DA:88,0
DA:90,0
DA:98,0
DA:100,0
DA:108,0
DA:109,0
DA:121,4
DA:122,4
DA:125,4
DA:126,4
DA:133,0
DA:134,0
DA:137,4
DA:149,0
DA:159,0
DA:160,0
DA:164,0
DA:166,0
DA:173,0
DA:174,0
DA:179,0
DA:190,0
DA:195,1
DA:198,1
DA:201,1
LF:36
LH:18
BRDA:8,0,0,1
BRDA:8,0,1,0
BRDA:10,1,0,1
BRDA:10,1,1,1
BRDA:10,2,0,0
BRDA:10,2,1,1
BRDA:47,3,0,0
BRDA:54,4,0,0
BRDA:66,5,0,0
BRDA:66,5,1,4
BRDA:70,6,0,4
BRDA:70,6,1,0
BRDA:87,7,0,0
BRDA:88,8,0,0
BRDA:97,9,0,0
BRDA:98,10,0,0
BRDA:107,11,0,0
BRDA:108,12,0,0
BRDA:121,13,0,4
BRDA:125,14,0,4
BRDA:125,14,1,0
BRDA:130,15,0,4
BRDA:130,15,1,0
BRDA:133,16,0,0
BRDA:159,17,0,0
BRDA:164,18,0,0
BRDA:164,18,1,0
BRDA:164,19,0,0
BRDA:164,19,1,0
BRDA:172,20,0,0
BRDA:173,21,0,0
BRDA:173,21,1,0
BRF:32
BRH:9
end_of_record
